 #              _____________________  _______________________             #
 #              ___  __ \__  __ \_  / / /_  /___  ____/_  ___/             #
 #              __  / / /_  /_/ /  / / /_  __/_  __/  _____ \              #
 #              _  /_/ /_  _, _// /_/ / / /_ _  /___  ____/ /              #
 #              /_____/ /_/ |_| \____/  \__/ /_____/  /____/               #
 #                                                                         #
  
 DRUtES is initializing, reading input files
 ---------------------------------------------------------------
 11hrs : 07min : 57.145s  -  2020/02/19    total number of parallel images is:                    1
 ---------------------------------------------------------------
 11hrs : 07min : 57.146s  -  2020/02/19    reading input files and allocating...
 ---------------------------------------------------------------
 11hrs : 07min : 57.147s  -  2020/02/19    number of nodes:                   41 number of elements:                   40
 ---------------------------------------------------------------
 11hrs : 07min : 57.149s  -  2020/02/19    analyzing mesh structure...
 ---------------------------------------------------------------
 11hrs : 07min : 57.149s  -  2020/02/19    DRUtES solves DRUtES solves Richards equation with vapour flow
 ---------------------------------------------------------------
 11hrs : 07min : 57.149s  -  2020/02/19    making output files for observation time
 ---------------------------------------------------------------
 11hrs : 07min : 57.154s  -  2020/02/19    go 4 solving
 ---------------------------------------------------------------
 11hrs : 07min : 57.184s  -  2020/02/19    current simulation time:   9.9999999999999995E-007 total iteration count:                    1
 ---------------------------------------------------------------
 11hrs : 08min : 07.023s  -  2020/02/19    making output files for observation time
 ---------------------------------------------------------------
 11hrs : 08min : 07.805s  -  2020/02/19    making output files for observation time
 ---------------------------------------------------------------
 11hrs : 08min : 08.368s  -  2020/02/19    making output files for observation time
 ---------------------------------------------------------------
 11hrs : 08min : 08.934s  -  2020/02/19    making output files for observation time
 ---------------------------------------------------------------
 11hrs : 08min : 08.938s  -  2020/02/19    # real elapsed CPU time =   11.783334999999999 s
 ---------------------------------------------------------------
 11hrs : 08min : 08.938s  -  2020/02/19    minimal adjusted time step was   9.9999999999999995E-007
 ---------------------------------------------------------------
 11hrs : 08min : 08.938s  -  2020/02/19    F I N I S H E D !!!!!
