 #              _____________________  _______________________             #
 #              ___  __ \__  __ \_  / / /_  /___  ____/_  ___/             #
 #              __  / / /_  /_/ /  / / /_  __/_  __/  _____ \              #
 #              _  /_/ /_  _, _// /_/ / / /_ _  /___  ____/ /              #
 #              /_____/ /_/ |_| \____/  \__/ /_____/  /____/               #
 #                                                                         #
  
 #        time                      T            heat flux [W.L-2]   in    x              directions   cumulative flux
 #-----------------------------------------------------------------------------------------------

   0.0000000000000000        2.0000000000000000      -0.22553700205887736       0.22553700205887736     
   9.9999999999999995E-007   1.9999999999999993      -0.22553700205867377       0.45107400411755116     
   2.0599999999999998E-006   1.9999999999999991      -0.22553700205867377       0.67661100617622494     
   3.1835999999999999E-006   1.9999999999999987      -0.22553700205867311       0.90214800823489805     
   4.3746160000000000E-006   1.9999999999999993      -0.22553700205846852        1.1276850102933667     
   5.6370929600000005E-006   1.9999999999999996      -0.22553700205826444        1.3532220123516310     
   6.9753185376000006E-006   1.9999999999999998      -0.22553700205826377        1.5787590144098949     
   8.3938376498560019E-006   1.9999999999999998      -0.22553700205805971        1.8042960164679545     
   9.8974679088473630E-006   1.9999999999999996      -0.22553700205806032        2.0298330185260149     
   1.1491315983378205E-005   2.0000000000000004      -0.22553700205785629        2.2553700205838711     
   1.3180794942380898E-005   2.0000000000000009      -0.22553700205765226        2.4809070226415235     
   1.4971642638923753E-005   2.0000000000000013      -0.22553700205765231        2.7064440246991759     
   1.6869941197259179E-005   2.0000000000000013      -0.22553700205744820        2.9319810267566240     
   1.8882137669094732E-005   2.0000000000000013      -0.22553700205765229        3.1575180288142763     
   2.1015065929240418E-005   2.0000000000000013      -0.22553700205765162        3.3830550308719278     
   2.3275969884994844E-005   2.0000000000000013      -0.22553700205744759        3.6085920329293755     
   2.5672528078094535E-005   2.0000000000000009      -0.22553700205765156        3.8341290349870270     
   2.8212879762780208E-005   2.0000000000000009      -0.22553700205765095        4.0596660370446775     
   3.0905652548547020E-005   2.0000000000000009      -0.22553700205765095        4.2852030391023286     
   3.3759991701459843E-005   2.0000000000000009      -0.22553700205785504        4.5107400411601839     
   3.6785591203547436E-005   2.0000000000000004      -0.22553700205805904        4.7362770432182426     
   3.9992726675760282E-005   2.0000000000000009      -0.22553700205826313        4.9618140452765056     
   4.3392290276305902E-005   2.0000000000000009      -0.22553700205805910        5.1873510473345643     
   4.6995827692884256E-005   2.0000000000000009      -0.22553700205805910        5.4128880493926230     
   5.0815577354457314E-005   2.0000000000000009      -0.22553700205805788        5.6384250514506808     
   5.4864511995724756E-005   2.0000000000000004      -0.22553700205785426        5.8639620535085353     
   5.9156382715468245E-005   2.0000000000000000      -0.22553700205814980        6.0894990555666855     
   6.3705765678396338E-005   2.0000000000000000      -0.22553700205805777        6.3150360576247433     
   6.8528111619100117E-005   2.0000000000000000      -0.22553700205805832        6.5405730596828020     
   7.3639798316246135E-005   2.0000000000000000      -0.22553700205785424        6.7661100617406564     
   7.9058186215220911E-005   2.0000000000000004      -0.22553700205785424        6.9916470637985109     
   8.4801677388134168E-005   2.0000000000000000      -0.22553700205805832        7.2171840658565696     
   9.0889778031422224E-005   2.0000000000000000      -0.22553700205805777        7.4427210679146274     
   9.7343164713307561E-005   2.0000000000000000      -0.22553700205785424        7.6682580699724818     
   1.0418375459610602E-004   2.0000000000000004      -0.22553700205785371        7.8937950720303354     
   1.1143477987187239E-004   2.0000000000000000      -0.22553700205785365        8.1193320740881898     
   1.1912086666418474E-004   2.0000000000000000      -0.22553700205805899        8.3448690761462494     
   1.2726811866403583E-004   2.0000000000000004      -0.22553700205805904        8.5704060782043090     
   1.3590420578387798E-004   2.0000000000000004      -0.22553700205826308        8.7959430802625729     
   1.4505845813091067E-004   2.0000000000000000      -0.22553700205805899        9.0214800823206325     
   1.5476196561876532E-004   2.0000000000000004      -0.22553700205826308        9.2470170843788964     
   1.6504768355589123E-004   2.0000000000000004      -0.22553700205867128        9.4725540864375670     
   1.7595054456924473E-004   2.0000000000000000      -0.22553700205846719        9.6980910884960334     
   1.8750757724339941E-004   2.0000000000000009      -0.22553700205826191        9.9236280905542955     
   1.9975803187800338E-004   2.0000000000000013      -0.22553700205826197        10.149165092612558     
   2.1274351379068360E-004   2.0000000000000009      -0.22553700205826313        10.374702094670821     
   2.2650812461812462E-004   2.0000000000000004      -0.22553700205846725        10.600239096729288     
   2.4109861209521211E-004   2.0000000000000000      -0.22553700205846597        10.825776098787754     
   2.5656452882092485E-004   2.0000000000000004      -0.22553700205846655        11.051313100846221     
   2.7295840055018038E-004   2.0000000000000000      -0.22553700205846597        11.276850102904687     
   2.9033590458319119E-004   2.0000000000000000      -0.22553700205846719        11.502387104963153     
   3.0875605885818269E-004   2.0000000000000000      -0.22553700205846719        11.727924107021620     
   3.2828142238967368E-004   2.0000000000000004      -0.22553700205846725        11.953461109080086     
   3.4897830773305411E-004   1.9999999999999998      -0.22553700205867117        12.178998111138757     
   3.7091700619703736E-004   1.9999999999999993      -0.22553700205867111        12.404535113197428     
   3.9417202656885961E-004   1.9999999999999993      -0.22553700205887522        12.630072115256302     
   4.1882234816299123E-004   1.9999999999999998      -0.22553700205867117        12.855609117314973     
   4.4495168905277075E-004   1.9999999999999991      -0.22553700205867117        13.081146119373644     
   4.7264879039593701E-004   1.9999999999999991      -0.22553700205887528        13.306683121432519     
   5.0200771781969329E-004   1.9999999999999984      -0.22553700205887520        13.532220123491394     
   5.3312818088887485E-004   1.9999999999999984      -0.22553700205887520        13.757757125550269     
   5.6611587174220735E-004   1.9999999999999989      -0.22553700205887520        13.983294127609144     
   6.0108282404673977E-004   1.9999999999999996      -0.22553700205887528        14.208831129668019     
   6.3814779348954419E-004   1.9999999999999996      -0.22553700205928351        14.434368131727302     
   6.7743666109891683E-004   1.9999999999999993      -0.22553700205928406        14.659905133786586     
   7.1908286076485188E-004   1.9999999999999996      -0.22553700205948890        14.885442135846075     
   7.6322783241074298E-004   1.9999999999999987      -0.22553700205948879        15.110979137905565     
   8.1002150235538761E-004   1.9999999999999984      -0.22553700205948876        15.336516139965054     
   8.5962279249671093E-004   1.9999999999999987      -0.22553700205948882        15.562053142024544     
   9.1220016004651364E-004   1.9999999999999996      -0.22553700205948893        15.787590144084033     
   9.6793216964930449E-004   1.9999999999999996      -0.22553700205969299        16.013127146143727     
   1.0270080998282629E-003   1.9999999999999998      -0.22553700205948893        16.238664148203217     
   1.0896285858179586E-003   1.9999999999999996      -0.22553700205928412        16.464201150262500     
   1.1560063009670362E-003   1.9999999999999993      -0.22553700205928406        16.689738152321784     
   1.2263666790250584E-003   1.9999999999999991      -0.22553700205928473        16.915275154381067     
   1.3009486797665620E-003   1.9999999999999987      -0.22553700205919264        17.140812156440258     
   1.3800056005525557E-003   1.9999999999999991      -0.22553700205914670        17.366349158499403     
   1.4638059365857090E-003   1.9999999999999993      -0.22553700205898800        17.591886160558392     
   1.5526342927808516E-003   1.9999999999999998      -0.22553700205898866        17.817423162617381     
   1.6467923503477029E-003   2.0000000000000000      -0.22553700205948898        18.042960164676870     
   1.7465998913685651E-003   2.0000000000000000      -0.22553700205969304        18.268497166736562     
   1.8523958848506790E-003   2.0000000000000009      -0.22553700205939703        18.494034168795960     
   1.9645396379417198E-003   2.0000000000000013      -0.22553700205930508        18.719571170855264     
   2.0834120162182231E-003   2.0000000000000013      -0.22553700205900892        18.945108172914274     
   2.2094167371913167E-003   2.0000000000000013      -0.22553700205900892        19.170645174973284     
   2.3429817414227960E-003   2.0000000000000013      -0.22553700205910096        19.396182177032387     
   2.4845606459081640E-003   2.0000000000000004      -0.22553700205905483        19.621719179091443     
   2.6346342846626540E-003   1.9999999999999998      -0.22553700205914679        19.847256181150591     
   2.7937123417424133E-003   1.9999999999999993      -0.22553700205914673        20.072793183209740     
   2.9623350822469583E-003   2.0000000000000000      -0.22553700205914681        20.298330185268888     
   3.1410751871817758E-003   2.0000000000000000      -0.22553700205914681        20.523867187328037     
   3.3305396984126827E-003   2.0000000000000004      -0.22553700205914687        20.749404189387185     
   3.5313720803174437E-003   2.0000000000000000      -0.22553700205919280        20.974941191446376     
   3.7442544051364906E-003   1.9999999999999998      -0.22553700205935090        21.200478193505727     
   3.9699096694446800E-003   2.0000000000000000      -0.22553700205939692        21.426015195565125     
   4.2091042496113611E-003   2.0000000000000004      -0.22553700205914684        21.651552197624273     
   4.4626505045880427E-003   2.0000000000000009      -0.22553700205889618        21.877089199683169     
   4.7314095348633253E-003   2.0000000000000009      -0.22553700205889618        22.102626201742066     
   5.0162941069551254E-003   2.0000000000000009      -0.22553700205878346        22.328163203800848     
   5.3182717533724333E-003   2.0000000000000009      -0.22553700205869140        22.553700205859538     
   5.6383680585747799E-003   2.0000000000000009      -0.22553700205869140        22.779237207918229     
   5.9776701420892675E-003   2.0000000000000004      -0.22553700205848601        23.004774209976716     
   6.3373303506146237E-003   1.9999999999999998      -0.22553700205878324        23.230311212035499     
   6.7185701716515013E-003   1.9999999999999996      -0.22553700205923810        23.455848214094736     
   7.1226843819505916E-003   1.9999999999999980      -0.22553700205948871        23.681385216154226     
   7.5510454448676273E-003   1.9999999999999982      -0.22553700205989693        23.906922218214124     
   8.0051081715596852E-003   1.9999999999999982      -0.22553700205969224        24.132459220273816     
   8.4864146618532661E-003   1.9999999999999987      -0.22553700205948826        24.357996222333306     
   8.9965995415644626E-003   1.9999999999999996      -0.22553700205948835        24.583533224392795     
   9.5373955140583312E-003   1.9999999999999998      -0.22553700205948835        24.809070226452285     
   1.0110639244901831E-002   1.9999999999999998      -0.22553700205948835        25.034607228511774     
   1.0718277599595941E-002   1.9999999999999991      -0.22553700205928476        25.260144230571058     
   1.1362374255571697E-002   1.9999999999999989      -0.22553700205928401        25.485681232630341     
   1.2045116710905999E-002   1.9999999999999987      -0.22553700205907998        25.711218234689422     
   1.2768823713560359E-002   1.9999999999999989      -0.22553700205907998        25.936755236748503     
   1.3535953136373981E-002   1.9999999999999987      -0.22553700205928401        26.162292238807787     
   1.4349110324556422E-002   1.9999999999999991      -0.22553700205887528        26.387829240866662     
   1.5211056944029808E-002   1.9999999999999991      -0.22553700205887592        26.613366242925537     
   1.6124720360671599E-002   1.9999999999999989      -0.22553700205908062        26.838903244984618     
   1.7093203582311894E-002   1.9999999999999989      -0.22553700205887586        27.064440247043493     
   1.8119795797250610E-002   1.9999999999999991      -0.22553700205907939        27.289977249102574     
   1.9207983545085648E-002   1.9999999999999987      -0.22553700205928340        27.515514251161857     
   2.0361462557790790E-002   1.9999999999999993      -0.22553700205928345        27.741051253221141     
   2.1584150311258238E-002   1.9999999999999993      -0.22553700205928340        27.966588255280424     
   2.2880199329933733E-002   2.0000000000000004      -0.22553700205928354        28.192125257339708     
   2.4254011289729760E-002   2.0000000000000000      -0.22553700205948762        28.417662259399194     
   2.5710251967113545E-002   1.9999999999999993      -0.22553700205948629        28.643199261458680     
   2.7253867085140361E-002   1.9999999999999989      -0.22553700205948682        28.868736263518166     
   2.8890099110248785E-002   1.9999999999999982      -0.22553700205928262        29.094273265577449     
   3.0624505056863711E-002   1.9999999999999978      -0.22553700205928201        29.319810267636733     
   3.2462975360275537E-002   1.9999999999999976      -0.22553700205928320        29.545347269696016     
   3.4411753881892070E-002   1.9999999999999971      -0.22553700205932917        29.770884271755346     
   3.6477459114805592E-002   1.9999999999999962      -0.22553700205937507        29.996421273814722     
   3.8667106661693929E-002   1.9999999999999960      -0.22553700205928304        30.221958275874005     
   4.0988133061395565E-002   1.9999999999999958      -0.22553700205928298        30.447495277933289     
   4.3448421045079302E-002   1.9999999999999958      -0.22553700205928298        30.673032279992572     
   4.6056326307784064E-002   1.9999999999999949      -0.22553700205928290        30.898569282051856     
   4.8820705886251106E-002   1.9999999999999947      -0.22553700205928290        31.124106284111139     
   5.1750948239426178E-002   1.9999999999999942      -0.22553700205907759        31.349643286170217     
   5.4857005133791749E-002   1.9999999999999942      -0.22553700205907759        31.575180288229294     
   5.8149425441819259E-002   1.9999999999999951      -0.22553700205928170        31.800717290288574     
   6.1639390968328420E-002   1.9999999999999944      -0.22553700205928162        32.026254292347858     
   6.5338754426428128E-002   1.9999999999999942      -0.22553700205907812        32.251791294406935     
   6.9260079692013823E-002   1.9999999999999947      -0.22553700205907817        32.477328296466013     
   7.3416684473534652E-002   1.9999999999999938      -0.22553700205907806        32.702865298525090     
   7.7822685541946740E-002   1.9999999999999942      -0.22553700205928215        32.928402300584374     
   8.2493046674463541E-002   1.9999999999999949      -0.22553700205928220        33.153939302643657     
   8.7443629474931353E-002   1.9999999999999944      -0.22553700205907809        33.379476304702735     
   9.2691247243427241E-002   1.9999999999999949      -0.22553700205907812        33.605013306761812     
   9.8253722078032873E-002   1.9999999999999956      -0.22553700205887287        33.830550308820683     
  0.10414994540271486        1.9999999999999962      -0.22553700205887417        34.056087310879555     
  0.11039994212687775        1.9999999999999973      -0.22553700205907842        34.281624312938632     
  0.11702493865449042        1.9999999999999978      -0.22553700205887312        34.507161314997504     
  0.12404743497375985        1.9999999999999978      -0.22553700205887309        34.732698317056375     
  0.13149128107218544        1.9999999999999971      -0.22553700205887295        34.958235319115246     
  0.13938175793651658        1.9999999999999969      -0.22553700205891897        35.183772321174168     
  0.14774566341270759        1.9999999999999969      -0.22553700205887295        35.409309323233039     
  0.15661140321747005        1.9999999999999978      -0.22553700205866892        35.634846325291711     
  0.16600908741051826        1.9999999999999982      -0.22553700205866897        35.860383327350384     
  0.17597063265514937        1.9999999999999984      -0.22553700205846494        36.085920329408850     
  0.18652987061445833        1.9999999999999982      -0.22553700205846494        36.311457331467317     
  0.19772266285132584        1.9999999999999980      -0.22553700205866892        36.536994333525989     
  0.20958702262240539        1.9999999999999976      -0.22553700205866886        36.762531335584654     
  0.22216324397974974        1.9999999999999973      -0.22553700205871488        36.988068337643369     
  0.23549403861853474        1.9999999999999971      -0.22553700205876087        37.213605339702127     
  0.24962468093564683        1.9999999999999969      -0.22553700205880686        37.439142341760935     
  0.26460316179178567        1.9999999999999976      -0.22553700205876090        37.664679343819692     
  0.28048035149929285        1.9999999999999989      -0.22553700205880706        37.890216345878500     
  0.29731017258925041        1.9999999999999987      -0.22553700205880706        38.115753347937307     
  0.31514978294460544        1.9999999999999984      -0.22553700205880700        38.341290349996115     
  0.33405976992128178        1.9999999999999980      -0.22553700205880695        38.566827352054922     
  0.35410435611655872        1.9999999999999987      -0.22553700205880706        38.792364354113730     
  0.37535161748355228        1.9999999999999987      -0.22553700205901117        39.017901356172743     
  0.39787371453256543        1.9999999999999991      -0.22553700205921531        39.243438358231955     
  0.42174713740451936        1.9999999999999980      -0.22553700205921517        39.468975360291168     
  0.44705296564879055        1.9999999999999984      -0.22553700205916921        39.694512362350338     
  0.47387714358771799        1.9999999999999976      -0.22553700205946525        39.920049364409806     
  0.50231077220298104        1.9999999999999980      -0.22553700205962343        40.145586366469431     
  0.53245041853515995        1.9999999999999984      -0.22553700205962349        40.371123368529055     
  0.56439844364726954        1.9999999999999971      -0.22553700205962329        40.596660370588680     
  0.59826335026610578        1.9999999999999969      -0.22553700205962324        40.822197372648304     
  0.63416015128207215        1.9999999999999964      -0.22553700205921501        41.047734374707517     
  0.67221076035899652        1.9999999999999951      -0.22553700205880600        41.273271376766324     
  0.71254440598053637        1.9999999999999953      -0.22553700205876001        41.498808378825082     
  0.75529807033936858        1.9999999999999947      -0.22553700205860061        41.724345380883683     
  0.80061695455973070        1.9999999999999944      -0.22553700205875860        41.949882382942441     
  0.84865497183331462        1.9999999999999947      -0.22553700205916813        42.175419385001611     
  0.89957527014331351        1.9999999999999949      -0.22553700205901003        42.400956387060624     
  0.95355078635191237        1.9999999999999938      -0.22553700205860050        42.626493389119226     
   1.0107648335330273        1.9999999999999929      -0.22553700205860042        42.852030391177827     
   1.0714117235450089        1.9999999999999920      -0.22553700205819205        43.077567393236016     
   1.1356974269577096        1.9999999999999916      -0.22553700205819199        43.303104395294206     
   1.2038402725751722        1.9999999999999911      -0.22553700205819194        43.528641397352395     
   1.2760716889296826        1.9999999999999922      -0.22553700205798732        43.754178399410385     
   1.3526369902654636        1.9999999999999916      -0.22553700205778313        43.979715401468169     
   1.4337962096813914        1.9999999999999905      -0.22553700205726149        44.205252403525428     
   1.5198249822622749        1.9999999999999900      -0.22553700205644431        44.430789405581869     
   1.6110154811980115        1.9999999999999900      -0.22553700205494701        44.656326407636818     
   1.7076774100698924        1.9999999999999896      -0.22553700205197480        44.881863409688791     
   1.8101390546740861        1.9999999999999880      -0.22553700204677959        45.107400411735568     
   1.9187483979545312        1.9999999999999871      -0.22553700203652330        45.332937413772093     
   2.0338743018318031        1.9999999999999840      -0.22553700201798099        45.558474415790073     
   2.1559077599417114        1.9999999999999791      -0.22553700198411941        45.784011417774195     
   2.2852632255382139        1.9999999999999705      -0.22553700192259377        46.009548419696792     
   2.4223800190705069        1.9999999999999567      -0.22553700181159117        46.235085421508380     
   2.5677238202147374        1.9999999999999296      -0.22553700161255544        46.460622423120938     
   2.7217882494276218        1.9999999999998825      -0.22553700125567389        46.686159424376612     
   2.8850965443932792        1.9999999999997982      -0.22553700061650400        46.911696424993117     
   3.0582033370568760        1.9999999999996461      -0.22553699947837663        47.137233424471496     
   3.2416965372802888        1.9999999999993758      -0.22553699745839365        47.362770421929888     
   3.4361993295171063        1.9999999999988969      -0.22553699388584858        47.588307415815734     
   3.6361993295171064        1.9999999999980886      -0.22553698788857396        47.813844403704309     
   3.8361993295171066        1.9999999999968090      -0.22553697843202747        48.039381382136334     
   4.0361993295171068        1.9999999999948448      -0.22553696395529466        48.264918346091626     
   4.2361993295171070        1.9999999999919058      -0.22553694236149011        48.490455288453113     
   4.4361993295171072        1.9999999999876077      -0.22553691087856942        48.715992199331680     
   4.6361993295171073        1.9999999999814495      -0.22553686590427868        48.941529065235962     
   4.8361993295171075        1.9999999999727853      -0.22553680282322369        49.167065868059183     
   5.0361993295171077        1.9999999999607974      -0.22553671579782480        49.392602583857006     
