 #              _____________________  _______________________             #
 #              ___  __ \__  __ \_  / / /_  /___  ____/_  ___/             #
 #              __  / / /_  /_/ /  / / /_  __/_  __/  _____ \              #
 #              _  /_/ /_  _, _// /_/ / / /_ _  /___  ____/ /              #
 #              /_____/ /_/ |_| \____/  \__/ /_____/  /____/               #
 #                                                                         #
  
 #        time                      T            heat flux [W.L-2]   in    x              directions   cumulative flux
 #-----------------------------------------------------------------------------------------------

   0.0000000000000000        2.0000000000000000      -0.22553700205887736       0.22553700205887736     
   9.9999999999999995E-007   1.9999999999999993      -0.22553700205887792       0.45107400411775528     
   2.0599999999999998E-006   1.9999999999999991      -0.22553700205887792       0.67661100617663317     
   3.1835999999999999E-006   1.9999999999999989      -0.22553700205887720       0.90214800823551033     
   4.3746160000000000E-006   1.9999999999999993      -0.22553700205887670        1.1276850102943869     
   5.6370929600000005E-006   1.9999999999999991      -0.22553700205887600        1.3532220123532630     
   6.9753185376000006E-006   1.9999999999999993      -0.22553700205908012        1.5787590144123431     
   8.3938376498560019E-006   1.9999999999999998      -0.22553700205908017        1.8042960164714232     
   9.8974679088473630E-006   1.9999999999999998      -0.22553700205908017        2.0298330185305034     
   1.1491315983378205E-005   2.0000000000000004      -0.22553700205887675        2.2553700205893801     
   1.3180794942380898E-005   2.0000000000000009      -0.22553700205887620        2.4809070226482564     
   1.4971642638923753E-005   2.0000000000000013      -0.22553700205887686        2.7064440247071331     
   1.6869941197259179E-005   2.0000000000000009      -0.22553700205887681        2.9319810267660098     
   1.8882137669094732E-005   2.0000000000000004      -0.22553700205887675        3.1575180288248865     
   2.1015065929240418E-005   2.0000000000000004      -0.22553700205887672        3.3830550308837632     
   2.3275969884994844E-005   1.9999999999999998      -0.22553700205887664        3.6085920329426400     
   2.5672528078094535E-005   1.9999999999999993      -0.22553700205887656        3.8341290350015167     
   2.8212879762780208E-005   1.9999999999999993      -0.22553700205867183        4.0596660370601887     
   3.0905652548547020E-005   1.9999999999999996      -0.22553700205846719        4.2852030391186560     
   3.3759991701459843E-005   1.9999999999999998      -0.22553700205826299        4.5107400411769190     
   3.6785591203547436E-005   1.9999999999999993      -0.22553700205826174        4.7362770432351811     
   3.9992726675760282E-005   1.9999999999999998      -0.22553700205826177        4.9618140452934432     
   4.3392290276305902E-005   1.9999999999999998      -0.22553700205826233        5.1873510473517053     
   4.6995827692884256E-005   2.0000000000000000      -0.22553700205826235        5.4128880494099674     
   5.0815577354457314E-005   2.0000000000000000      -0.22553700205805827        5.6384250514680261     
   5.4864511995724756E-005   2.0000000000000000      -0.22553700205805827        5.8639620535260839     
   5.9156382715468245E-005   2.0000000000000000      -0.22553700205785418        6.0894990555839383     
   6.3705765678396338E-005   2.0000000000000000      -0.22553700205785418        6.3150360576417928     
   6.8528111619100117E-005   2.0000000000000000      -0.22553700205805705        6.5405730596998497     
   7.3639798316246135E-005   1.9999999999999996      -0.22553700205805699        6.7661100617579066     
   7.9058186215220911E-005   1.9999999999999998      -0.22553700205826099        6.9916470638161679     
   8.4801677388134168E-005   1.9999999999999996      -0.22553700205826102        7.2171840658744291     
   9.0889778031422224E-005   1.9999999999999993      -0.22553700205826221        7.4427210679326912     
   9.7343164713307561E-005   1.9999999999999993      -0.22553700205846638        7.6682580699911576     
   1.0418375459610602E-004   1.9999999999999998      -0.22553700205826227        7.8937950720494197     
   1.1143477987187239E-004   1.9999999999999996      -0.22553700205867044        8.1193320741080903     
   1.1912086666418474E-004   1.9999999999999998      -0.22553700205846641        8.3448690761665567     
   1.2726811866403583E-004   1.9999999999999996      -0.22553700205846641        8.5704060782250231     
   1.3590420578387798E-004   1.9999999999999998      -0.22553700205867044        8.7959430802836938     
   1.4505845813091067E-004   1.9999999999999996      -0.22553700205846641        9.0214800823421601     
   1.5476196561876532E-004   2.0000000000000000      -0.22553700205826233        9.2470170844004222     
   1.6504768355589123E-004   2.0000000000000004      -0.22553700205826238        9.4725540864586844     
   1.7595054456924473E-004   2.0000000000000004      -0.22553700205867055        9.6980910885173550     
   1.8750757724339941E-004   2.0000000000000009      -0.22553700205867061        9.9236280905760257     
   1.9975803187800338E-004   2.0000000000000013      -0.22553700205867067        10.149165092634696     
   2.1274351379068360E-004   2.0000000000000009      -0.22553700205887472        10.374702094693571     
   2.2650812461812462E-004   2.0000000000000009      -0.22553700205907884        10.600239096752651     
   2.4109861209521211E-004   2.0000000000000004      -0.22553700205907876        10.825776098811730     
   2.5656452882092485E-004   2.0000000000000009      -0.22553700205887345        11.051313100870603     
   2.7295840055018038E-004   2.0000000000000009      -0.22553700205867061        11.276850102929274     
   2.9033590458319119E-004   2.0000000000000009      -0.22553700205907884        11.502387104988353     
   3.0875605885818269E-004   2.0000000000000009      -0.22553700205907884        11.727924107047432     
   3.2828142238967368E-004   2.0000000000000009      -0.22553700205887470        11.953461109106307     
   3.4897830773305411E-004   2.0000000000000004      -0.22553700205866931        12.178998111164976     
   3.7091700619703736E-004   2.0000000000000004      -0.22553700205846527        12.404535113223440     
   3.9417202656885961E-004   2.0000000000000004      -0.22553700205846527        12.630072115281905     
   4.1882234816299123E-004   2.0000000000000004      -0.22553700205826113        12.855609117340165     
   4.4495168905277075E-004   1.9999999999999998      -0.22553700205826227        13.081146119398428     
   4.7264879039593701E-004   2.0000000000000000      -0.22553700205805705        13.306683121456485     
   5.0200771781969329E-004   1.9999999999999996      -0.22553700205805699        13.532220123514543     
   5.3312818088887485E-004   1.9999999999999998      -0.22553700205826102        13.757757125572804     
   5.6611587174220735E-004   2.0000000000000004      -0.22553700205805707        13.983294127630861     
   6.0108282404673977E-004   2.0000000000000009      -0.22553700205785293        14.208831129688715     
   6.3814779348954419E-004   2.0000000000000013      -0.22553700205826119        14.434368131746975     
   6.7743666109891683E-004   2.0000000000000009      -0.22553700205826119        14.659905133805236     
   7.1908286076485188E-004   2.0000000000000009      -0.22553700205826119        14.885442135863496     
   7.6322783241074298E-004   2.0000000000000000      -0.22553700205826099        15.110979137921756     
   8.1002150235538761E-004   1.9999999999999996      -0.22553700205846514        15.336516139980221     
   8.5962279249671093E-004   1.9999999999999998      -0.22553700205846514        15.562053142038685     
   9.1220016004651364E-004   2.0000000000000004      -0.22553700205846525        15.787590144097150     
   9.6793216964930449E-004   2.0000000000000000      -0.22553700205846519        16.013127146155615     
   1.0270080998282629E-003   2.0000000000000004      -0.22553700205826105        16.238664148213875     
   1.0896285858179586E-003   2.0000000000000004      -0.22553700205826105        16.464201150272135     
   1.1560063009670362E-003   2.0000000000000000      -0.22553700205826099        16.689738152330396     
   1.2263666790250584E-003   1.9999999999999998      -0.22553700205805691        16.915275154388453     
   1.3009486797665620E-003   1.9999999999999996      -0.22553700205805691        17.140812156446511     
   1.3800056005525557E-003   2.0000000000000000      -0.22553700205805696        17.366349158504569     
   1.4638059365857090E-003   2.0000000000000004      -0.22553700205826105        17.591886160562829     
   1.5526342927808516E-003   2.0000000000000004      -0.22553700205826105        17.817423162621090     
   1.6467923503477029E-003   2.0000000000000004      -0.22553700205826105        18.042960164679350     
   1.7465998913685651E-003   2.0000000000000004      -0.22553700205826105        18.268497166737610     
   1.8523958848506790E-003   2.0000000000000009      -0.22553700205805705        18.494034168795668     
   1.9645396379417198E-003   2.0000000000000018      -0.22553700205805713        18.719571170853726     
   2.0834120162182231E-003   2.0000000000000022      -0.22553700205805718        18.945108172911784     
   2.2094167371913167E-003   2.0000000000000018      -0.22553700205805713        19.170645174969842     
   2.3429817414227960E-003   2.0000000000000022      -0.22553700205826124        19.396182177028102     
   2.4845606459081640E-003   2.0000000000000018      -0.22553700205826119        19.621719179086362     
   2.6346342846626540E-003   2.0000000000000018      -0.22553700205826119        19.847256181144623     
   2.7937123417424133E-003   2.0000000000000013      -0.22553700205826113        20.072793183202883     
   2.9623350822469583E-003   2.0000000000000013      -0.22553700205826113        20.298330185261143     
   3.1410751871817758E-003   2.0000000000000009      -0.22553700205826047        20.523867187319404     
   3.3305396984126827E-003   2.0000000000000013      -0.22553700205805646        20.749404189377461     
   3.5313720803174437E-003   2.0000000000000013      -0.22553700205826113        20.974941191435722     
   3.7442544051364906E-003   2.0000000000000009      -0.22553700205805638        21.200478193493780     
   3.9699096694446800E-003   2.0000000000000018      -0.22553700205805643        21.426015195551837     
   4.2091042496113611E-003   2.0000000000000022      -0.22553700205805649        21.651552197609895     
   4.4626505045880427E-003   2.0000000000000027      -0.22553700205826060        21.877089199668156     
   4.7314095348633253E-003   2.0000000000000027      -0.22553700205826060        22.102626201726416     
   5.0162941069551254E-003   2.0000000000000027      -0.22553700205826060        22.328163203784676     
   5.3182717533724333E-003   2.0000000000000027      -0.22553700205846344        22.553700205843139     
   5.6383680585747799E-003   2.0000000000000022      -0.22553700205825927        22.779237207901399     
   5.9776701420892675E-003   2.0000000000000018      -0.22553700205846336        23.004774209959862     
   6.3373303506146237E-003   2.0000000000000018      -0.22553700205846336        23.230311212018325     
   6.7185701716515013E-003   2.0000000000000022      -0.22553700205846341        23.455848214076788     
   7.1226843819505916E-003   2.0000000000000009      -0.22553700205846453        23.681385216135251     
   7.5510454448676273E-003   2.0000000000000009      -0.22553700205846453        23.906922218193714     
   8.0051081715596852E-003   2.0000000000000009      -0.22553700205846453        24.132459220252176     
   8.4864146618532661E-003   2.0000000000000009      -0.22553700205846455        24.357996222310639     
   8.9965995415644626E-003   2.0000000000000018      -0.22553700205866875        24.583533224369308     
   9.5373955140583312E-003   2.0000000000000018      -0.22553700205866875        24.809070226427977     
   1.0110639244901831E-002   2.0000000000000018      -0.22553700205846466        25.034607228486443     
   1.0718277599595941E-002   2.0000000000000018      -0.22553700205846464        25.260144230544910     
   1.1362374255571697E-002   2.0000000000000018      -0.22553700205846336        25.485681232603373     
   1.2045116710905999E-002   2.0000000000000018      -0.22553700205846336        25.711218234661835     
   1.2768823713560359E-002   2.0000000000000018      -0.22553700205846336        25.936755236720298     
   1.3535953136373981E-002   2.0000000000000018      -0.22553700205825924        26.162292238778559     
   1.4349110324556422E-002   2.0000000000000022      -0.22553700205825927        26.387829240836819     
   1.5211056944029808E-002   2.0000000000000022      -0.22553700205866878        26.613366242895488     
   1.6124720360671599E-002   2.0000000000000022      -0.22553700205866878        26.838903244954157     
   1.7093203582311894E-002   2.0000000000000018      -0.22553700205866870        27.064440247012826     
   1.8119795797250610E-002   2.0000000000000022      -0.22553700205887284        27.289977249071697     
   1.9207983545085648E-002   2.0000000000000022      -0.22553700205887284        27.515514251130568     
   2.0361462557790790E-002   2.0000000000000027      -0.22553700205866750        27.741051253189237     
   2.1584150311258238E-002   2.0000000000000022      -0.22553700205887156        27.966588255248109     
   2.2880199329933733E-002   2.0000000000000027      -0.22553700205846344        28.192125257306571     
   2.4254011289729760E-002   2.0000000000000027      -0.22553700205846344        28.417662259365034     
   2.5710251967113545E-002   2.0000000000000018      -0.22553700205846328        28.643199261423497     
   2.7253867085140361E-002   2.0000000000000013      -0.22553700205866664        28.868736263482162     
   2.8890099110248785E-002   2.0000000000000004      -0.22553700205846253        29.094273265540625     
   3.0624505056863711E-002   2.0000000000000000      -0.22553700205866714        29.319810267599294     
   3.2462975360275537E-002   2.0000000000000000      -0.22553700205866720        29.545347269657963     
   3.4411753881892070E-002   1.9999999999999993      -0.22553700205866711        29.770884271716632     
   3.6477459114805592E-002   1.9999999999999987      -0.22553700205866706        29.996421273775297     
   3.8667106661693929E-002   1.9999999999999984      -0.22553700205866697        30.221958275833963     
   4.0988133061395565E-002   1.9999999999999987      -0.22553700205887114        30.447495277892834     
   4.3448421045079302E-002   1.9999999999999987      -0.22553700205866697        30.673032279951499     
   4.6056326307784064E-002   1.9999999999999978      -0.22553700205866689        30.898569282010165     
   4.8820705886251106E-002   1.9999999999999973      -0.22553700205866684        31.124106284068830     
   5.1750948239426178E-002   1.9999999999999973      -0.22553700205887101        31.349643286127701     
   5.4857005133791749E-002   1.9999999999999973      -0.22553700205866684        31.575180288186367     
   5.8149425441819259E-002   1.9999999999999978      -0.22553700205866689        31.800717290245032     
   6.1639390968328420E-002   1.9999999999999971      -0.22553700205866678        32.026254292303697     
   6.5338754426428128E-002   1.9999999999999967      -0.22553700205846205        32.251791294362157     
   6.9260079692013823E-002   1.9999999999999967      -0.22553700205866614        32.477328296420822     
   7.3416684473534652E-002   1.9999999999999960      -0.22553700205866609        32.702865298479487     
   7.7822685541946740E-002   1.9999999999999964      -0.22553700205887084        32.928402300538359     
   8.2493046674463541E-002   1.9999999999999969      -0.22553700205887089        33.153939302597230     
   8.7443629474931353E-002   1.9999999999999962      -0.22553700205866667        33.379476304655896     
   9.2691247243427241E-002   1.9999999999999964      -0.22553700205846269        33.605013306714355     
   9.8253722078032873E-002   1.9999999999999969      -0.22553700205866617        33.830550308773020     
  0.10414994540271486        1.9999999999999971      -0.22553700205846211        34.056087310831479     
  0.11039994212687775        1.9999999999999982      -0.22553700205846228        34.281624312889939     
  0.11702493865449042        1.9999999999999980      -0.22553700205825805        34.507161314948199     
  0.12404743497375985        1.9999999999999984      -0.22553700205846161        34.732698317006658     
  0.13149128107218544        1.9999999999999978      -0.22553700205846150        34.958235319065118     
  0.13938175793651658        1.9999999999999980      -0.22553700205866559        35.183772321123783     
  0.14774566341270759        1.9999999999999980      -0.22553700205846156        35.409309323182242     
  0.15661140321747005        1.9999999999999989      -0.22553700205866570        35.634846325240908     
  0.16600908741051826        1.9999999999999991      -0.22553700205866636        35.860383327299573     
  0.17597063265514937        1.9999999999999989      -0.22553700205866570        36.085920329358238     
  0.18652987061445833        1.9999999999999989      -0.22553700205846161        36.311457331416698     
  0.19772266285132584        1.9999999999999982      -0.22553700205825677        36.536994333474951     
  0.20958702262240539        1.9999999999999971      -0.22553700205825664        36.762531335533204     
  0.22216324397974974        1.9999999999999971      -0.22553700205825664        36.988068337591457     
  0.23549403861853474        1.9999999999999969      -0.22553700205809860        37.213605339649554     
  0.24962468093564683        1.9999999999999967      -0.22553700205830260        37.439142341707857     
  0.26460316179178567        1.9999999999999971      -0.22553700205805255        37.664679343765911     
  0.28048035149929285        1.9999999999999982      -0.22553700205830279        37.890216345824214     
  0.29731017258925041        1.9999999999999980      -0.22553700205798660        38.115753347882197     
  0.31514978294460544        1.9999999999999978      -0.22553700205676208        38.341290349938959     
  0.33405976992128178        1.9999999999999978      -0.22553700205517602        38.566827351994135     
  0.35410435611655872        1.9999999999999984      -0.22553700205123237        38.792364354045368     
  0.37535161748355228        1.9999999999999980      -0.22553700204364097        39.017901356089013     
  0.39787371453256543        1.9999999999999982      -0.22553700202895319        39.243438358117963     
  0.42174713740451936        1.9999999999999973      -0.22553700199887128        39.468975360116836     
  0.44705296564879055        1.9999999999999973      -0.22553700194197496        39.694512362058809     
  0.47387714358771799        1.9999999999999969      -0.22553700183185524        39.920049363890662     
  0.50231077220298104        1.9999999999999976      -0.22553700161619264        40.145586365506858     
  0.53245041853515995        1.9999999999999984      -0.22553700119436815        40.371123366701227     
  0.56439844364726954        1.9999999999999984      -0.22553700036502419        40.596660367066249     
  0.59826335026610578        2.0000000000000004      -0.22553699872911820        40.822197365795368     
  0.63416015128207215        2.0000000000000044      -0.22553699549486697        41.047734361290239     
  0.67221076035899652        2.0000000000000124      -0.22553698908018482        41.273271350370422     
  0.71254440598053637        2.0000000000000311      -0.22553697632077507        41.498808326691197     
  0.75529807033936858        2.0000000000000706      -0.22553695087421613        41.724345277565412     
  0.80061695455973070        2.0000000000001519      -0.22553689999037640        41.949882177555786     
  0.84865497183331462        2.0000000000003264      -0.22553679797812184        42.175418975533908     
  0.89957527014331351        2.0000000000006963      -0.22553659296363288        42.400955568497544     
  0.95355078635191237        2.0000000000014815      -0.22553617998648387        42.626491748484028     
   1.0107648335330273        2.0000000000031584      -0.22553534622568869        42.852027094709719     
   1.0714117235450089        2.0000000000067453      -0.22553365917554175        43.077560753885258     
   1.1356974269577096        2.0000000000144311      -0.22553023777575648        43.303090991661016     
   1.2038402725751722        2.0000000000309397      -0.22552328321437143        43.528614274875387     
   1.2760716889296826        2.0000000000664753      -0.22550911663342699        43.754123391508813     
   1.3526369902654636        2.0000000001431144      -0.22548020624789081        43.979603597756700     
   1.4337962096813914        2.0000000003086806      -0.22542112235412781        44.205024720110828     
   1.5198249822622749        2.0000000006668519      -0.22530023105809441        44.430324951168920     
   1.6110154811980115        2.0000000014425852      -0.22505262422964095        44.655377575398560     
   1.7076774100698924        2.0000000031246286      -0.22454486436073492        44.879922439759298     
   1.8101390546740861        2.0000000067761921      -0.22350226973288229        45.103424709492181     
   1.9187483979545312        2.0000000147115875      -0.22135944078079367        45.324784150272976     
   2.0338743018318031        2.0000000319671360      -0.21695392013518974        45.541738070408165     
   2.1559077599417114        2.0000000694965014      -0.20789775309812503        45.749635823506289     
   2.2852632255382139        2.0000001511206609      -0.18928342211757018        45.938919245623858     
   2.4223800190705069        2.0000003286603505      -0.15101800387564163        46.089937249499499     
   2.5677238202147374        2.0000007148142327       -7.2370757022663809E-002   46.162308006522160     
   2.7217882494276218        2.0000015542394909        8.9063774870754703E-002   46.251371781392912     
   2.8850965443932792        2.0000033767761205       0.41962986665354790        46.671001648046463     
   3.0582033370568760        2.0000073283704345        1.0945947761457298        47.765596424192196     
   3.2416965372802888        2.0000158867621627        2.4678138995771044        50.233410323769299     
   3.4361993295171063        2.0000344008867508        5.2426379166352008        55.476048240404502     
   3.6361993295171064        2.0000722243206153        10.509160036919727        65.985208277324233     
   3.8361993295171066        2.0001442415989898        19.751489064569721        85.736697341893958     
   4.0361993295171068        2.0002769064314592        35.145018086698819        120.88171542859277     
   4.2361993295171070        2.0005147924582958        59.291717968513076        180.17343339710584     
   4.4361993295171072        2.0009312937079788        94.593793719999383        274.76722711710522     
   4.6361993295171073        2.0016438372851861        142.42939231438834        417.19661943149356     
   4.8361993295171075        2.0028335974793627        202.97464539840303        620.17126482989659     
   5.0361993295171077        2.0047659790588308        276.29918434475013        896.47044917464677     
