 #              _____________________  _______________________
 #              ___  __ \__  __ \_  / / /_  /___  ____/_  ___/
 #              __  / / /_  /_/ /  / / /_  __/_  __/  _____ \ 
 #              _  /_/ /_  _, _// /_/ / / /_ _  /___  ____/ / 
 #              /_____/ /_/ |_| \____/  \__/ /_____/  /____/  
 # 
  
 #        time                      h  [L]                   theta [-]       Darcian flow [L.T^{-1}]   in    x              directions   cumulative flux
 #-----------------------------------------------------------------------------------------------

     0.000000000000E+000    -0.200000000000E+003     0.356840356741E+000    -0.289723766621E-001     0.289723766621E-005
     0.100000000000E-003    -0.200000000000E+003     0.356840356741E+000    -0.289723766621E-001     0.579447533242E-005
     0.206000000000E-003    -0.200000000000E+003     0.356840356741E+000    -0.289723766621E-001     0.886554725860E-005
     0.318360000000E-003    -0.200000000000E+003     0.356840356741E+000    -0.289723766621E-001     0.121208835004E-004
     0.437461600000E-003    -0.200000000000E+003     0.356840356741E+000    -0.289723766621E-001     0.155715399166E-004
     0.563709296000E-003    -0.200000000000E+003     0.356840356741E+000    -0.289723766621E-001     0.192292357179E-004
     0.697531853760E-003    -0.200000000000E+003     0.356840356741E+000    -0.289723766621E-001     0.231063932672E-004
     0.839383764986E-003    -0.200000000000E+003     0.356840356741E+000    -0.289723766621E-001     0.272161802694E-004
     0.989746790885E-003    -0.200000000000E+003     0.356840356741E+000    -0.289723766621E-001     0.315725544918E-004
     0.114913159834E-002    -0.200000000000E+003     0.356840356741E+000    -0.289723766621E-001     0.361903111676E-004
     0.131807949424E-002    -0.200000000000E+003     0.356840356741E+000    -0.289723766621E-001     0.410851332439E-004
     0.149716426389E-002    -0.200000000000E+003     0.356840356741E+000    -0.289723766621E-001     0.462736446447E-004
     0.168699411973E-002    -0.200000000000E+003     0.356840356741E+000    -0.289723766621E-001     0.517734667297E-004
     0.188821376691E-002    -0.200000000000E+003     0.356840356741E+000    -0.289723766621E-001     0.576032781397E-004
     0.210150659292E-002    -0.200000000000E+003     0.356840356741E+000    -0.289723766621E-001     0.637828782343E-004
     0.232759698850E-002    -0.200000000000E+003     0.356840356741E+000    -0.289723766621E-001     0.703332543346E-004
     0.256725280781E-002    -0.200000000000E+003     0.356840356741E+000    -0.289723766621E-001     0.772766530009E-004
     0.282128797628E-002    -0.200000000000E+003     0.356840356741E+000    -0.289723766621E-001     0.846366555872E-004
     0.309056525485E-002    -0.200000000000E+003     0.356840356741E+000    -0.289723766621E-001     0.924382583287E-004
     0.337599917015E-002    -0.200000000000E+003     0.356840356741E+000    -0.289723766621E-001     0.100707957235E-003
     0.367855912035E-002    -0.200000000000E+003     0.356840356741E+000    -0.289723766621E-001     0.109473838075E-003
     0.399927266758E-002    -0.200000000000E+003     0.356840356741E+000    -0.289723766621E-001     0.118765671766E-003
     0.433922902763E-002    -0.200000000000E+003     0.356840356741E+000    -0.289723766621E-001     0.128615015478E-003
     0.469958276929E-002    -0.200000000000E+003     0.356840356741E+000    -0.289723766621E-001     0.139055319813E-003
     0.508155773545E-002    -0.200000000000E+003     0.356840356741E+000    -0.289723766621E-001     0.150122042408E-003
     0.548645119957E-002    -0.200000000000E+003     0.356840356741E+000    -0.289723766621E-001     0.161852768358E-003
     0.591563827155E-002    -0.200000000000E+003     0.356840356741E+000    -0.289723766621E-001     0.174287337866E-003
     0.637057656784E-002    -0.200000000000E+003     0.356840356741E+000    -0.289723766621E-001     0.187467981544E-003
     0.685281116191E-002    -0.200000000000E+003     0.356840356741E+000    -0.289723766621E-001     0.201439463843E-003
     0.736397983162E-002    -0.200000000000E+003     0.356840356741E+000    -0.289723766621E-001     0.216249235080E-003
     0.790581862152E-002    -0.200000000000E+003     0.356840356741E+000    -0.289723766621E-001     0.231947592591E-003
     0.848016773881E-002    -0.200000000000E+003     0.356840356741E+000    -0.289723766621E-001     0.248587851553E-003
     0.908897780314E-002    -0.200000000000E+003     0.356840356741E+000    -0.289723766621E-001     0.266226526052E-003
     0.973431647133E-002    -0.200000000000E+003     0.356840356741E+000    -0.289723766621E-001     0.284923521022E-003
     0.104183754596E-001    -0.200000000000E+003     0.356840356741E+000    -0.289723766621E-001     0.304742335689E-003
     0.111434779872E-001    -0.200000000000E+003     0.356840356741E+000    -0.289723766621E-001     0.325750279237E-003
     0.119120866664E-001    -0.200000000000E+003     0.356840356741E+000    -0.289723766621E-001     0.348018699397E-003
     0.127268118664E-001    -0.200000000000E+003     0.356840356741E+000    -0.289723766621E-001     0.371623224767E-003
     0.135904205784E-001    -0.200000000000E+003     0.356840356741E+000    -0.289723766621E-001     0.396644021660E-003
     0.145058458131E-001    -0.200000000000E+003     0.356840356741E+000    -0.289723766621E-001     0.423166066365E-003
     0.154761965619E-001    -0.200000000000E+003     0.356840356741E+000    -0.289723766621E-001     0.451279433754E-003
     0.165047683556E-001    -0.200000000000E+003     0.356840356741E+000    -0.289723766621E-001     0.481079603185E-003
     0.175950544569E-001    -0.200000000000E+003     0.356840356741E+000    -0.289723766621E-001     0.512667782782E-003
     0.187507577243E-001    -0.200000000000E+003     0.356840356741E+000    -0.289723766621E-001     0.546151253156E-003
     0.199758031878E-001    -0.200000000000E+003     0.356840356741E+000    -0.289723766621E-001     0.581643731751E-003
     0.212743513791E-001    -0.200000000000E+003     0.356840356741E+000    -0.289723766621E-001     0.619265759062E-003
     0.226508124618E-001    -0.200000000000E+003     0.356840356741E+000    -0.289723766621E-001     0.659145108012E-003
     0.241098612095E-001    -0.200000000000E+003     0.356840356741E+000    -0.289723766621E-001     0.701417217899E-003
     0.256564528821E-001    -0.200000000000E+003     0.356840356741E+000    -0.289723766621E-001     0.746225654380E-003
     0.272958400550E-001    -0.200000000000E+003     0.356840356741E+000    -0.289723766621E-001     0.793722597049E-003
     0.290335904583E-001    -0.200000000000E+003     0.356840356741E+000    -0.289723766621E-001     0.844069356278E-003
     0.308756058858E-001    -0.200000000000E+003     0.356840356741E+000    -0.289723766621E-001     0.897436921061E-003
     0.328281422390E-001    -0.200000000000E+003     0.356840356741E+000    -0.289723766621E-001     0.954006539731E-003
     0.348978307733E-001    -0.200000000000E+003     0.356840356741E+000    -0.289723766621E-001     0.101397033552E-002
     0.370917006197E-001    -0.200000000000E+003     0.356840356741E+000    -0.289723766621E-001     0.107753195906E-002
     0.394172026569E-001    -0.200000000000E+003     0.356840356741E+000    -0.289723766621E-001     0.114490728001E-002
     0.418822348163E-001    -0.200000000000E+003     0.356840356741E+000    -0.289723766621E-001     0.121632512021E-002
     0.444951689053E-001    -0.200000000000E+003     0.356840356741E+000    -0.289723766621E-001     0.129202803083E-002
     0.472648790396E-001    -0.200000000000E+003     0.356840356741E+000    -0.289723766621E-001     0.137227311609E-002
     0.502007717820E-001    -0.200000000000E+003     0.356840356741E+000    -0.289723766621E-001     0.145733290646E-002
     0.533128180889E-001    -0.200000000000E+003     0.356840356741E+000    -0.289723766621E-001     0.154749628426E-002
     0.566115871742E-001    -0.200000000000E+003     0.356840356741E+000    -0.289723766621E-001     0.164306946472E-002
     0.601082824047E-001    -0.200000000000E+003     0.356840356741E+000    -0.289723766621E-001     0.174437703601E-002
     0.638147793490E-001    -0.200000000000E+003     0.356840356741E+000    -0.289723766621E-001     0.185176306157E-002
     0.677436661099E-001    -0.200000000000E+003     0.356840356741E+000    -0.289723766621E-001     0.196559224867E-002
     0.719082860765E-001    -0.200000000000E+003     0.356840356741E+000    -0.289723766621E-001     0.208625118700E-002
     0.763227832411E-001    -0.200000000000E+003     0.356840356741E+000    -0.289723766621E-001     0.221414966163E-002
     0.810021502355E-001    -0.200000000000E+003     0.356840356741E+000    -0.289723766621E-001     0.234972204473E-002
     0.859622792497E-001    -0.200000000000E+003     0.356840356741E+000    -0.289723766621E-001     0.249342877082E-002
     0.912200160047E-001    -0.200000000000E+003     0.356840356741E+000    -0.289723766621E-001     0.264575790048E-002
     0.967932169649E-001    -0.200000000000E+003     0.356840356741E+000    -0.289723766621E-001     0.280722677791E-002
     0.102700809983E+000    -0.200000000000E+003     0.356840356741E+000    -0.289723766621E-001     0.297838378799E-002
     0.108962858582E+000    -0.200000000000E+003     0.356840356741E+000    -0.289723766621E-001     0.315981021868E-002
     0.115600630097E+000    -0.200000000000E+003     0.356840356741E+000    -0.289723766621E-001     0.335212223520E-002
     0.122636667903E+000    -0.200000000000E+003     0.356840356741E+000    -0.289723766621E-001     0.355597297272E-002
     0.130094867977E+000    -0.200000000000E+003     0.356840356741E+000    -0.289723766621E-001     0.377205475449E-002
     0.138000560055E+000    -0.200000000000E+003     0.356840356741E+000    -0.289723766621E-001     0.400110144317E-002
     0.146380593659E+000    -0.200000000000E+003     0.356840356741E+000    -0.289723766621E-001     0.424389093316E-002
     0.155263429278E+000    -0.200000000000E+003     0.356840356741E+000    -0.289723766621E-001     0.450124779256E-002
     0.164679235035E+000    -0.200000000000E+003     0.356840356741E+000    -0.289723766621E-001     0.477404606352E-002
     0.174659989137E+000    -0.200000000000E+003     0.356840356741E+000    -0.289723766621E-001     0.506321223074E-002
     0.185239588485E+000    -0.200000000000E+003     0.356840356741E+000    -0.289723766621E-001     0.536972836799E-002
     0.196453963794E+000    -0.200000000000E+003     0.356840356741E+000    -0.289723766621E-001     0.569463547347E-002
     0.208341201622E+000    -0.200000000000E+003     0.356840356741E+000    -0.289723766621E-001     0.603903700529E-002
     0.220941673719E+000    -0.200000000000E+003     0.356840356741E+000    -0.289723766621E-001     0.640410262901E-002
     0.234298174142E+000    -0.200000000000E+003     0.356840356741E+000    -0.289723766621E-001     0.679107219016E-002
     0.248456064591E+000    -0.200000000000E+003     0.356840356741E+000    -0.289723766621E-001     0.720125992497E-002
     0.263463428466E+000    -0.200000000000E+003     0.356840356741E+000    -0.289723766621E-001     0.763605892388E-002
     0.279371234174E+000    -0.200000000000E+003     0.356840356741E+000    -0.289723766621E-001     0.809694586272E-002
     0.296233508225E+000    -0.200000000000E+003     0.356840356741E+000    -0.289723766621E-001     0.858548601789E-002
     0.314107518718E+000    -0.200000000000E+003     0.356840356741E+000    -0.289723766621E-001     0.910333858237E-002
     0.333053969841E+000    -0.200000000000E+003     0.356840356741E+000    -0.289723766621E-001     0.965226230072E-002
     0.353137208032E+000    -0.200000000000E+003     0.356840356741E+000    -0.289723766621E-001     0.102341214422E-001
     0.374425440514E+000    -0.200000000000E+003     0.356840356741E+000    -0.289723766621E-001     0.108508921321E-001
     0.396990966944E+000    -0.200000000000E+003     0.356840356741E+000    -0.289723766621E-001     0.115046690634E-001
     0.420910424961E+000    -0.200000000000E+003     0.356840356741E+000    -0.289723766621E-001     0.121976726106E-001
     0.446265050459E+000    -0.200000000000E+003     0.356840356741E+000    -0.289723766621E-001     0.129322563707E-001
     0.473140953486E+000    -0.200000000000E+003     0.356840356741E+000    -0.289723766621E-001     0.137109151563E-001
     0.501629410696E+000    -0.200000000000E+003     0.356840356741E+000    -0.289723766621E-001     0.145362934691E-001
     0.531827175337E+000    -0.200000000000E+003     0.356840356741E+000    -0.289723766621E-001     0.154111944807E-001
     0.563836805857E+000    -0.200000000000E+003     0.356840356741E+000    -0.289723766621E-001     0.163385895529E-001
     0.597767014209E+000    -0.200000000000E+003     0.356840356741E+000    -0.289723766621E-001     0.173216283295E-001
     0.633733035061E+000    -0.200000000000E+003     0.356840356741E+000    -0.289723766621E-001     0.183636494327E-001
     0.671857017165E+000    -0.200000000000E+003     0.356840356741E+000    -0.289723766621E-001     0.194681918021E-001
     0.712268438195E+000    -0.200000000000E+003     0.356840356741E+000    -0.289723766621E-001     0.206390067136E-001
     0.755104544487E+000    -0.200000000000E+003     0.356840356741E+000    -0.289723766621E-001     0.218800705198E-001
     0.800510817156E+000    -0.200000000000E+003     0.356840356741E+000    -0.289723766621E-001     0.231955981544E-001
     0.848641466185E+000    -0.200000000000E+003     0.356840356741E+000    -0.289723766621E-001     0.245900574471E-001
     0.899659954156E+000    -0.200000000000E+003     0.356840356741E+000    -0.289723766621E-001     0.260681842973E-001
     0.953739551406E+000    -0.200000000000E+003     0.356840356741E+000    -0.289723766621E-001     0.276349987585E-001
     0.101106392449E+001    -0.200000000000E+003     0.356840356741E+000    -0.289723766621E-001     0.292958220875E-001
