 #              _____________________  _______________________             #
 #              ___  __ \__  __ \_  / / /_  /___  ____/_  ___/             #
 #              __  / / /_  /_/ /  / / /_  __/_  __/  _____ \              #
 #              _  /_/ /_  _, _// /_/ / / /_ _  /___  ____/ /              #
 #              /_____/ /_/ |_| \____/  \__/ /_____/  /____/               #
 #                                                                         #
  
 #        time                      T            heat flux [W.L-2]   in    x              directions   cumulative flux
 #-----------------------------------------------------------------------------------------------

   0.0000000000000000        2.0000000000000000      -0.22553700205887736       0.22553700205887736     
   9.9999999999999995E-007   1.9999999999999993      -0.22553700205878530       0.45107400411766263     
   2.0599999999999998E-006   1.9999999999999991      -0.22553700205864727       0.67661100617630987     
   3.1835999999999999E-006   1.9999999999999987      -0.22553700205869381       0.90214800823500374     
   4.3746160000000000E-006   1.9999999999999993      -0.22553700205860183        1.1276850102936056     
   5.6370929600000005E-006   1.9999999999999996      -0.22553700205855531        1.3532220123521608     
   6.9753185376000006E-006   1.9999999999999998      -0.22553700205855587        1.5787590144107166     
   8.3938376498560019E-006   1.9999999999999998      -0.22553700205839775        1.8042960164691144     
   9.8974679088473630E-006   1.9999999999999996      -0.22553700205889746        2.0298330185280120     
   1.1491315983378205E-005   2.0000000000000004      -0.22553700205864799        2.2553700205866600     
   1.3180794942380898E-005   2.0000000000000009      -0.22553700205864746        2.4809070226453076     
   1.4971642638923753E-005   2.0000000000000013      -0.22553700205855551        2.7064440247038632     
   1.6869941197259179E-005   2.0000000000000013      -0.22553700205855551        2.9319810267624189     
   1.8882137669094732E-005   2.0000000000000013      -0.22553700205851004        3.1575180288209288     
   2.1015065929240418E-005   2.0000000000000013      -0.22553700205860142        3.3830550308795302     
   2.3275969884994844E-005   2.0000000000000013      -0.22553700205855542        3.6085920329380858     
   2.5672528078094535E-005   2.0000000000000009      -0.22553700205855537        3.8341290349966410     
   2.8212879762780208E-005   2.0000000000000009      -0.22553700205794186        4.0596660370545825     
   3.0905652548547020E-005   2.0000000000000009      -0.22553700205798785        4.2852030391125702     
   3.3759991701459843E-005   2.0000000000000009      -0.22553700205782981        4.5107400411703997     
   3.6785591203547436E-005   2.0000000000000004      -0.22553700205771826        4.7362770432281183     
   3.9992726675760282E-005   2.0000000000000009      -0.22553700205776431        4.9618140452858830     
   4.3392290276305902E-005   2.0000000000000009      -0.22553700205776428        5.1873510473436468     
   4.6995827692884256E-005   2.0000000000000009      -0.22553700205806043        5.4128880494017073     
   5.0815577354457314E-005   2.0000000000000009      -0.22553700205785568        5.6384250514595626     
   5.4864511995724756E-005   2.0000000000000004      -0.22553700205805910        5.8639620535176213     
   5.9156382715468245E-005   2.0000000000000004      -0.22553700205805910        6.0894990555756801     
   6.3705765678396338E-005   2.0000000000000000      -0.22553700205815103        6.3150360576338311     
   6.8528111619100117E-005   2.0000000000000000      -0.22553700205814980        6.5405730596919813     
   7.3639798316246135E-005   2.0000000000000000      -0.22553700205814980        6.7661100617501315     
   7.9058186215220911E-005   2.0000000000000004      -0.22553700205815042        6.9916470638082817     
   8.4801677388134168E-005   2.0000000000000000      -0.22553700205824237        7.2171840658665243     
   9.0889778031422224E-005   2.0000000000000000      -0.22553700205824181        7.4427210679247660     
   9.7343164713307561E-005   2.0000000000000000      -0.22553700205803828        7.6682580699828042     
   1.0418375459610602E-004   2.0000000000000004      -0.22553700205803831        7.8937950720408425     
   1.1143477987187239E-004   2.0000000000000000      -0.22553700205824237        8.1193320740990842     
   1.1912086666418474E-004   2.0000000000000000      -0.22553700205824181        8.3448690761573268     
   1.2726811866403583E-004   2.0000000000000004      -0.22553700205803831        8.5704060782153650     
   1.3590420578387798E-004   2.0000000000000004      -0.22553700205803831        8.7959430802734033     
   1.4505845813091067E-004   2.0000000000000000      -0.22553700205813032        9.0214800823315340     
   1.5476196561876532E-004   2.0000000000000004      -0.22553700205813035        9.2470170843896646     
   1.6504768355589123E-004   2.0000000000000004      -0.22553700205801822        9.4725540864476834     
   1.7595054456924473E-004   2.0000000000000000      -0.22553700205790614        9.6980910885055902     
   1.8750757724339941E-004   2.0000000000000009      -0.22553700205761007        9.9236280905632004     
   1.9975803187800338E-004   2.0000000000000013      -0.22553700205761013        10.149165092620811     
   2.1274351379068360E-004   2.0000000000000009      -0.22553700205770214        10.374702094678513     
   2.2650812461812462E-004   2.0000000000000004      -0.22553700205779409        10.600239096736308     
   2.4109861209521211E-004   2.0000000000000000      -0.22553700205799815        10.825776098794305     
   2.5656452882092485E-004   2.0000000000000004      -0.22553700205820224        11.051313100852507     
   2.7295840055018038E-004   2.0000000000000000      -0.22553700205829424        11.276850102910801     
   2.9033590458319119E-004   2.0000000000000000      -0.22553700205849841        11.502387104969300     
   3.0875605885818269E-004   2.0000000000000000      -0.22553700205870195        11.727924107028002     
   3.2828142238967368E-004   2.0000000000000004      -0.22553700205849844        11.953461109086501     
   3.4897830773305411E-004   1.9999999999999998      -0.22553700205874846        12.178998111145249     
   3.7091700619703736E-004   1.9999999999999993      -0.22553700205874841        12.404535113203998     
   3.9417202656885961E-004   1.9999999999999993      -0.22553700205874841        12.630072115262747     
   4.1882234816299123E-004   1.9999999999999998      -0.22553700205834024        12.855609117321087     
   4.4495168905277075E-004   1.9999999999999991      -0.22553700205827415        13.081146119379362     
   4.7264879039593701E-004   1.9999999999999991      -0.22553700205857027        13.306683121437931     
   5.0200771781969329E-004   1.9999999999999984      -0.22553700205861613        13.532220123496547     
   5.3312818088887485E-004   1.9999999999999984      -0.22553700205841207        13.757757125554958     
   5.6611587174220735E-004   1.9999999999999989      -0.22553700205820676        13.983294127613165     
   6.0108282404673977E-004   1.9999999999999996      -0.22553700205795679        14.208831129671122     
   6.3814779348954419E-004   1.9999999999999996      -0.22553700205754859        14.434368131728670     
   6.7743666109891683E-004   1.9999999999999993      -0.22553700205759455        14.659905133786264     
   7.1908286076485188E-004   1.9999999999999996      -0.22553700205734450        14.885442135843608     
   7.6322783241074298E-004   1.9999999999999987      -0.22553700205775257        15.110979137901360     
   8.1002150235538761E-004   1.9999999999999984      -0.22553700205750241        15.336516139958862     
   8.5962279249671093E-004   1.9999999999999987      -0.22553700205745644        15.562053142016318     
   9.1220016004651364E-004   1.9999999999999996      -0.22553700205736579        15.787590144073683     
   9.6793216964930449E-004   1.9999999999999996      -0.22553700205745783        16.013127146131140     
   1.0270080998282629E-003   1.9999999999999998      -0.22553700205729851        16.238664148188438     
   1.0896285858179586E-003   1.9999999999999996      -0.22553700205714031        16.464201150245579     
   1.1560063009670362E-003   1.9999999999999993      -0.22553700205718627        16.689738152302766     
   1.2263666790250584E-003   1.9999999999999991      -0.22553700205743646        16.915275154360202     
   1.3009486797665620E-003   1.9999999999999982      -0.22553700205752839        17.140812156417731     
   1.3800056005525557E-003   1.9999999999999984      -0.22553700205777849        17.366349158475508     
   1.4638059365857090E-003   1.9999999999999989      -0.22553700205798261        17.591886160533491     
   1.5526342927808516E-003   1.9999999999999993      -0.22553700205809601        17.817423162591588     
   1.6467923503477029E-003   2.0000000000000000      -0.22553700205795810        18.042960164649546     
   1.7465998913685651E-003   2.0000000000000000      -0.22553700205795810        18.268497166707505     
   1.8523958848506790E-003   2.0000000000000004      -0.22553700205807015        18.494034168765573     
   1.9645396379417198E-003   2.0000000000000004      -0.22553700205836635        18.719571170823940     
   2.0834120162182231E-003   2.0000000000000000      -0.22553700205825417        18.945108172882193     
   2.2094167371913167E-003   2.0000000000000000      -0.22553700205825417        19.170645174940447     
   2.3429817414227960E-003   2.0000000000000004      -0.22553700205795815        19.396182176998405     
   2.4845606459081640E-003   1.9999999999999993      -0.22553700205800398        19.621719179056409     
   2.6346342846626540E-003   1.9999999999999991      -0.22553700205805000        19.847256181114460     
   2.7937123417424133E-003   1.9999999999999987      -0.22553700205804997        20.072793183172511     
   2.9623350822469583E-003   1.9999999999999993      -0.22553700205791197        20.298330185230423     
   3.1410751871817758E-003   1.9999999999999993      -0.22553700205791197        20.523867187288335     
   3.3305396984126827E-003   1.9999999999999998      -0.22553700205802404        20.749404189346357     
   3.5313720803174437E-003   1.9999999999999996      -0.22553700205797805        20.974941191404337     
   3.7442544051364906E-003   1.9999999999999991      -0.22553700205766186        21.200478193462001     
   3.9699096694446800E-003   1.9999999999999996      -0.22553700205786600        21.426015195519867     
   4.2091042496113611E-003   1.9999999999999998      -0.22553700205781999        21.651552197577686     
   4.4626505045880427E-003   2.0000000000000000      -0.22553700205806887        21.877089199635755     
   4.7314095348633253E-003   2.0000000000000000      -0.22553700205836502        22.102626201694118     
   5.0162941069551254E-003   2.0000000000000004      -0.22553700205836508        22.328163203752482     
   5.3182717533724333E-003   2.0000000000000000      -0.22553700205854899        22.553700205811030     
   5.6383680585747799E-003   2.0000000000000000      -0.22553700205845695        22.779237207869485     
   5.9776701420892675E-003   1.9999999999999996      -0.22553700205845689        23.004774209927941     
   6.3373303506146237E-003   1.9999999999999993      -0.22553700205870700        23.230311211986649     
   6.7185701716515013E-003   1.9999999999999993      -0.22553700205861499        23.455848214045265     
   7.1226843819505916E-003   1.9999999999999980      -0.22553700205882019        23.681385216104086     
   7.5510454448676273E-003   1.9999999999999982      -0.22553700205877422        23.906922218162862     
   8.0051081715596852E-003   1.9999999999999982      -0.22553700205868218        24.132459220221545     
   8.4864146618532661E-003   1.9999999999999987      -0.22553700205868224        24.357996222280228     
   8.9965995415644626E-003   1.9999999999999996      -0.22553700205838623        24.583533224338613     
   9.5373955140583312E-003   1.9999999999999998      -0.22553700205854432        24.809070226397157     
   1.0110639244901831E-002   1.9999999999999998      -0.22553700205854432        25.034607228455702     
   1.0718277599595941E-002   1.9999999999999991      -0.22553700205879437        25.260144230514495     
   1.1362374255571697E-002   1.9999999999999989      -0.22553700205924854        25.485681232573743     
   1.2045116710905999E-002   1.9999999999999987      -0.22553700205920252        25.711218234632945     
   1.2768823713560359E-002   1.9999999999999989      -0.22553700205915653        25.936755236692100     
   1.3535953136373981E-002   1.9999999999999984      -0.22553700205915647        26.162292238751256     
   1.4349110324556422E-002   1.9999999999999984      -0.22553700205874702        26.387829240810003     
   1.5211056944029808E-002   1.9999999999999984      -0.22553700205883903        26.613366242868842     
   1.6124720360671599E-002   1.9999999999999982      -0.22553700205868091        26.838903244927522     
   1.7093203582311894E-002   1.9999999999999984      -0.22553700205822669        27.064440246985750     
   1.8119795797250610E-002   1.9999999999999984      -0.22553700205811392        27.289977249043865     
   1.9207983545085648E-002   1.9999999999999980      -0.22553700205811383        27.515514251101980     
   2.0361462557790790E-002   1.9999999999999984      -0.22553700205770449        27.741051253159686     
   2.1584150311258238E-002   1.9999999999999980      -0.22553700205688798        27.966588255216575     
   2.2880199329933733E-002   1.9999999999999991      -0.22553700205613722        28.192125257272711     
   2.4254011289729760E-002   1.9999999999999989      -0.22553700205547753        28.417662259328189     
   2.5710251967113545E-002   1.9999999999999980      -0.22553700205466037        28.643199261382851     
   2.7253867085140361E-002   1.9999999999999978      -0.22553700205318364        28.868736263436034     
   2.8890099110248785E-002   1.9999999999999967      -0.22553700205098187        29.094273265487015     
   3.0624505056863711E-002   1.9999999999999956      -0.22553700204871521        29.319810267535729     
   3.2462975360275537E-002   1.9999999999999958      -0.22553700204478677        29.545347269580517     
   3.4411753881892070E-002   1.9999999999999944      -0.22553700204027127        29.770884271620790     
   3.6477459114805592E-002   1.9999999999999933      -0.22553700203382490        29.996421273654615     
   3.8667106661693929E-002   1.9999999999999922      -0.22553700202497262        30.221958275679587     
   4.0988133061395565E-002   1.9999999999999907      -0.22553700201339785        30.447495277692983     
   4.3448421045079302E-002   1.9999999999999891      -0.22553700199823851        30.673032279691220     
   4.6056326307784064E-002   1.9999999999999851      -0.22553700197747450        30.898569281668696     
   4.8820705886251106E-002   1.9999999999999813      -0.22553700195001525        31.124106283618712     
   5.1750948239426178E-002   1.9999999999999762      -0.22553700191318282        31.349643285531894     
   5.4857005133791749E-002   1.9999999999999698      -0.22553700186323364        31.575180287395128     
   5.8149425441819259E-002   1.9999999999999616      -0.22553700179683187        31.800717289191958     
   6.1639390968328420E-002   1.9999999999999505      -0.22553700170746108        32.026254290899416     
   6.5338754426428128E-002   1.9999999999999349      -0.22553700158804518        32.251791292487461     
   6.9260079692013823E-002   1.9999999999999147      -0.22553700142796118        32.477328293915420     
   7.3416684473534652E-002   1.9999999999998870      -0.22553700121399994        32.702865295129421     
   7.7822685541946740E-002   1.9999999999998510      -0.22553700092809972        32.928402296057520     
   8.2493046674463541E-002   1.9999999999998028      -0.22553700054522846        33.153939296602751     
   8.7443629474931353E-002   1.9999999999997375      -0.22553700003291033        33.379476296635659     
   9.2691247243427241E-002   1.9999999999996501      -0.22553699934834509        33.605013295984001     
   9.8253722078032873E-002   1.9999999999995337      -0.22553699843320751        33.830550294417208     
  0.10414994540271486        1.9999999999993776      -0.22553699720931922        34.056087291626525     
  0.11039994212687775        1.9999999999991691      -0.22553699557344428        34.281624287199968     
  0.11702493865449042        1.9999999999988909      -0.22553699338807345        34.507161280588043     
  0.12404743497375985        1.9999999999985196      -0.22553699046866257        34.732698271056705     
  0.13149128107218544        1.9999999999980236      -0.22553698656832033        34.958235257625027     
  0.13938175793651658        1.9999999999973603      -0.22553698136002620        35.183772238985057     
  0.14774566341270759        1.9999999999964739      -0.22553697440678469        35.409309213391843     
  0.15661140321747005        1.9999999999952911      -0.22553696512390259        35.634846178515744     
  0.16600908741051826        1.9999999999937121      -0.22553695273539717        35.860383131251140     
  0.17597063265514937        1.9999999999916036      -0.22553693620568765        36.085920067456826     
  0.18652987061445833        1.9999999999887903      -0.22553691415553873        36.311456981612366     
  0.19772266285132584        1.9999999999850375      -0.22553688474869024        36.536993866361058     
  0.20958702262240539        1.9999999999800309      -0.22553684554043854        36.762530711901498     
  0.22216324397974974        1.9999999999733555      -0.22553679327910645        36.988067505180602     
  0.23549403861853474        1.9999999999644555      -0.22553672363924462        37.213604228819847     
  0.24962468093564683        1.9999999999525941      -0.22553663086992623        37.439140859689772     
  0.26460316179178567        1.9999999999367901      -0.22553650732894767        37.664677367018719     
  0.28048035149929285        1.9999999999157398      -0.22553634286409110        37.890213709882808     
  0.29731017258925041        1.9999999998877105      -0.22553612399544007        38.115749833878247     
  0.31514978294460544        1.9999999998504003      -0.22553583283529113        38.341285666713539     
  0.33405976992128178        1.9999999998007554      -0.22553544565709485        38.566821112370633     
  0.35410435611655872        1.9999999997347235      -0.22553493100699271        38.792356043377623     
  0.37535161748355228        1.9999999996469293      -0.22553424721491805        39.017890290592540     
  0.39787371453256543        1.9999999995302489      -0.22553333910840981        39.243423629700949     
  0.42174713740451936        1.9999999993752455      -0.22553213368345867        39.468955763384407     
  0.44705296564879055        1.9999999991694286      -0.22553053441214976        39.694486297796558     
  0.47387714358771799        1.9999999988962749      -0.22552841375422028        39.920014711550778     
  0.50231077220298104        1.9999999985339398      -0.22552560332635266        40.145540314877131     
  0.53245041853515995        1.9999999980535688      -0.22552188100572032        40.371062195882850     
  0.56439844364726954        1.9999999974170788      -0.22551695403542230        40.596579149918270     
  0.59826335026610578        1.9999999965742425      -0.22551043692283898        40.822089586841109     
  0.63416015128207215        1.9999999954588821      -0.22550182255862627        41.047591409399736     
  0.67221076035899652        1.9999999939838791      -0.22549044454754849        41.273081853947282     
  0.71254440598053637        1.9999999920346769      -0.22547542820547437        41.498557282152760     
  0.75529807033936858        1.9999999894607776      -0.22545562668362878        41.724012908836386     
  0.80061695455973070        1.9999999860646880      -0.22542953814450431        41.949442446980889     
  0.84865497183331462        1.9999999815875500      -0.22539519845170275        42.174837645432589     
  0.89957527014331351        1.9999999756904967      -0.22535004242434895        42.400187687856935     
  0.95355078635191237        1.9999999679305043      -0.22529072482987941        42.625478412686817     
   1.0107648335330273        1.9999999577291867      -0.22521288995890254        42.850691302645721     
   1.0714117235450089        1.9999999443325491      -0.22511087574408437        43.075802178389807     
   1.1356974269577096        1.9999999267592059      -0.22497733481461718        43.300779513204425     
   1.2038402725751722        1.9999999037339147      -0.22480275051761017        43.525582263722036     
   1.2760716889296826        1.9999998736024822      -0.22457482062469075        43.750157084346725     
   1.3526369902654636        1.9999998342231360      -0.22427767505222646        43.974434759398953     
   1.4337962096813914        1.9999997828282297      -0.22389088625691453        44.198325645655871     
   1.5198249822622749        1.9999997158487695      -0.22338822191382054        44.421713867569693     
   1.6110154811980115        1.9999996286924895      -0.22273607890764310        44.644449946477337     
   1.7076774100698924        1.9999995154641812      -0.22189152545963473        44.866341471936970     
   1.8101390546740861        1.9999993686146189      -0.22079986437507892        45.087141336312051     
   1.9187483979545312        1.9999991785016376      -0.21939161507108190        45.306532951383133     
   2.0338743018318031        1.9999989328437857      -0.21757879541454531        45.524111746797679     
   2.1559077599417114        1.9999986160434964      -0.21525036709562897        45.739362113893307     
   2.2852632255382139        1.9999982083528336      -0.21226669102381723        45.951628804917121     
   2.4223800190705069        1.9999976848508600      -0.20845282345246818        46.160081628369589     
   2.5677238202147374        1.9999970141975041      -0.20359047103918826        46.363672099408774     
   2.7217882494276218        1.9999961571249736      -0.19740841685823468        46.561080516267012     
   2.8850965443932792        1.9999950646250337      -0.18957123771553153        46.750651753982545     
   3.0582033370568760        1.9999936757762709      -0.17966605765804841        46.930317811640592     
   3.2416965372802888        1.9999919151870515      -0.16718736939933401        47.097505181039928     
   3.4361993295171063        1.9999896899949701      -0.15151972926968671        47.249024910309615     
   3.6361993295171064        1.9999869844265967      -0.13259923983257590        47.381624150142187     
   3.8361993295171066        1.9999838237443126      -0.11064626041770655        47.492270410559897     
   4.0361993295171068        1.9999801708989720       -8.5447542955770187E-002   47.577717953515666     
   4.2361993295171070        1.9999759896694840       -5.6800737422714409E-002   47.634518690938378     
   4.4361993295171072        1.9999712448905365       -2.4515846709952348E-002   47.659034537648331     
   4.6361993295171073        1.9999659026588215        1.1583511707420972E-002   47.670618049355753     
   4.8361993295171075        1.9999599305180562        5.1659031006957845E-002   47.722277080362709     
   5.0361993295171077        1.9999532976232410        9.5856819702560700E-002   47.818133900065270     
