 #              _____________________  _______________________             #
 #              ___  __ \__  __ \_  / / /_  /___  ____/_  ___/             #
 #              __  / / /_  /_/ /  / / /_  __/_  __/  _____ \              #
 #              _  /_/ /_  _, _// /_/ / / /_ _  /___  ____/ /              #
 #              /_____/ /_/ |_| \____/  \__/ /_____/  /____/               #
 #                                                                         #
  
 #        time                      h  [L]                   theta [-]evaporati       Darcian flow [L.T^{-1}]   in    x              directions   cumulative flux
 #-----------------------------------------------------------------------------------------------

   0.0000000000000000       -20.000000000000000       0.16461829280070292        0.0000000000000000       -2.6927378160528074E-008   2.6927378160528074E-008
   9.9999999999999995E-007  -20.000000017312328       0.16461829266858541        0.0000000000000000       -2.6927258762146346E-008   5.3854636922674423E-008
   2.0599999999999998E-006  -20.000000035662879       0.16461829252854482        0.0000000000000000       -2.6927132205239239E-008   8.0781769127913659E-008
   3.1835999999999999E-006  -20.000000055113869       0.16461829238010633        0.0000000000000000       -2.6926998061039235E-008   1.0770876718895290E-007
   4.3746160000000000E-006  -20.000000075731265       0.16461829222276653        0.0000000000000000       -2.6926855874928651E-008   1.3463562306388155E-007
   5.6370929600000005E-006  -20.000000097584959       0.16461829205599204        0.0000000000000000       -2.6926705165312924E-008   1.6156232822919449E-007
   6.9753185376000006E-006  -20.000000120749043       0.16461829187921739        0.0000000000000000       -2.6926545421659963E-008   1.8848887365085446E-007
   8.3938376498560019E-006  -20.000000145302039       0.16461829169184336        0.0000000000000000       -2.6926376103005754E-008   2.1541524975386020E-007
   9.8974679088473630E-006  -20.000000171327166       0.16461829149323495        0.0000000000000000       -2.6926196636067674E-008   2.4234144638992790E-007
   1.1491315983378205E-005  -20.000000198912616       0.16461829128271907        0.0000000000000000       -2.6926006413308857E-008   2.6926745280323673E-007
   1.3180794942380898E-005  -20.000000228151865       0.16461829105958231        0.0000000000000000       -2.6925804790806115E-008   2.9619325759404286E-007
   1.4971642638923753E-005  -20.000000259143984       0.16461829082306875        0.0000000000000000       -2.6925591086265847E-008   3.2311884868030870E-007
   1.6869941197259179E-005  -20.000000291993960       0.16461829057237709        0.0000000000000000       -2.6925364576695819E-008   3.5004421325700453E-007
   1.8882137669094732E-005  -20.000000326813044       0.16461829030665842        0.0000000000000000       -2.6925124495979518E-008   3.7696933775298402E-007
   2.1015065929240418E-005  -20.000000363719167       0.16461829002501260        0.0000000000000000       -2.6924870032132313E-008   4.0389420778511633E-007
   2.3275969884994844E-005  -20.000000402837280       0.16461828972648623        0.0000000000000000       -2.6924600324973014E-008   4.3081880811008935E-007
   2.5672528078094535E-005  -20.000000444299815       0.16461828941006862        0.0000000000000000       -2.6924314462816735E-008   4.5774312257290610E-007
   2.8212879762780208E-005  -20.000000488247100       0.16461828907468884        0.0000000000000000       -2.6924011479901601E-008   4.8466713405280773E-007
   3.0905652548547020E-005  -20.000000534827851       0.16461828871921202        0.0000000000000000       -2.6923690352689468E-008   5.1159082440549719E-007
   3.3759991701459843E-005  -20.000000584199668       0.16461828834243541        0.0000000000000000       -2.6923349996802680E-008   5.3851417440229986E-007
   3.6785591203547436E-005  -20.000000636529535       0.16461828794308475        0.0000000000000000       -2.6922989263422246E-008   5.6543716366572210E-007
   3.9992726675760282E-005  -20.000000691994423       0.16461828751980945        0.0000000000000000       -2.6922606935171641E-008   5.9235977060089375E-007
   4.3392290276305902E-005  -20.000000750781826       0.16461828707117865        0.0000000000000000       -2.6922201722588633E-008   6.1928197232348239E-007
   4.6995827692884256E-005  -20.000000813090445       0.16461828659567604        0.0000000000000000       -2.6921772259420229E-008   6.4620374458290264E-007
   5.0815577354457314E-005  -20.000000879130805       0.16461828609169493        0.0000000000000000       -2.6921317098237430E-008   6.7312506168114009E-007
   5.4864511995724756E-005  -20.000000949125969       0.16461828555753316        0.0000000000000000       -2.6920834705877438E-008   7.0004589638701752E-007
   5.9156382715468245E-005  -20.000001023312283       0.16461828499138700        0.0000000000000000       -2.6920323458126725E-008   7.2696621984514422E-007
   6.3705765678396338E-005  -20.000001101940164       0.16461828439134540        0.0000000000000000       -2.6919781634526683E-008   7.5388600147967088E-007
   6.8528111619100117E-005  -20.000001185274908       0.16461828375538384        0.0000000000000000       -2.6919207412884954E-008   7.8080520889255583E-007
   7.3639798316246135E-005  -20.000001273597601       0.16461828308135718        0.0000000000000000       -2.6918598862905000E-008   8.0772380775546083E-007
   7.9058186215220911E-005  -20.000001367206014       0.16461828236699300        0.0000000000000000       -2.6917953940427827E-008   8.3464176169588870E-007
   8.4801677388134168E-005  -20.000001466415608       0.16461828160988401        0.0000000000000000       -2.6917270480497931E-008   8.6155903217638665E-007
   9.0889778031422224E-005  -20.000001571560556       0.16461828080747981        0.0000000000000000       -2.6916546190380710E-008   8.8847557836676736E-007
   9.7343164713307561E-005  -20.000001682994856       0.16461827995707903        0.0000000000000000       -2.6915778642088405E-008   9.1539135700885577E-007
   1.0418375459610602E-004  -20.000001801093468       0.16461827905582019        0.0000000000000000       -2.6914965264931880E-008   9.4230632227378765E-007
   1.1143477987187239E-004  -20.000001926253574       0.16461827810067220        0.0000000000000000       -2.6914103336724616E-008   9.6922042561051218E-007
   1.1912086666418474E-004  -20.000002058895841       0.16461827708842480        0.0000000000000000       -2.6913189975476098E-008   9.9613361558598835E-007
   1.2726811866403583E-004  -20.000002199465804       0.16461827601567791        0.0000000000000000       -2.6912222130301230E-008   1.0230458377162895E-006
   1.3590420578387798E-004  -20.000002348435320       0.16461827487883063        0.0000000000000000       -2.6911196571277250E-008   1.0499570342875667E-006
   1.4505845813091067E-004  -20.000002506304075       0.16461827367406964        0.0000000000000000       -2.6910109879740369E-008   1.0768671441673071E-006
   1.5476196561876532E-004  -20.000002673601216       0.16461827239735680        0.0000000000000000       -2.6908958437284358E-008   1.1037761026045914E-006
   1.6504768355589123E-004  -20.000002850887032       0.16461827104441629        0.0000000000000000       -2.6907738414612206E-008   1.1306838410192037E-006
   1.7595054456924473E-004  -20.000003038754777       0.16461826961072087        0.0000000000000000       -2.6906445759383059E-008   1.1575902867785868E-006
   1.8750757724339941E-004  -20.000003237832534       0.16461826809147723        0.0000000000000000       -2.6905076184034878E-008   1.1844953629626218E-006
   1.9975803187800338E-004  -20.000003448785243       0.16461826648161104        0.0000000000000000       -2.6903625152234184E-008   1.2113989881148559E-006
   2.1274351379068360E-004  -20.000003672316776       0.16461826477575076        0.0000000000000000       -2.6902087865523616E-008   1.2383010759803795E-006
   2.2650812461812462E-004  -20.000003909172182       0.16461826296821058        0.0000000000000000       -2.6900459248276461E-008   1.2652015352286561E-006
   2.4109861209521211E-004  -20.000004160140026       0.16461826105297270        0.0000000000000000       -2.6898733932702206E-008   1.2921002691613582E-006
   2.5656452882092485E-004  -20.000004426054826       0.16461825902366858        0.0000000000000000       -2.6896906242700161E-008   1.3189971754040584E-006
   2.7295840055018038E-004  -20.000004707799658       0.16461825687355908        0.0000000000000000       -2.6894970177392840E-008   1.3458921455814514E-006
   2.9033590458319119E-004  -20.000005006308903       0.16461825459551360        0.0000000000000000       -2.6892919393167394E-008   1.3727850649746188E-006
   3.0875605885818269E-004  -20.000005322571084       0.16461825218198833        0.0000000000000000       -2.6890747185495015E-008   1.3996758121601138E-006
   3.2828142238967368E-004  -20.000005657631899       0.16461824962500313        0.0000000000000000       -2.6888446469573796E-008   1.4265642586296877E-006
   3.4897830773305411E-004  -20.000006012597378       0.16461824691611746        0.0000000000000000       -2.6886009760434125E-008   1.4534502683901217E-006
   3.7091700619703736E-004  -20.000006388637210       0.16461824404640496        0.0000000000000000       -2.6883429151720053E-008   1.4803336975418419E-006
   3.9417202656885961E-004  -20.000006786988219       0.16461824100642691        0.0000000000000000       -2.6880696294151726E-008   1.5072143938359935E-006
   4.1882234816299123E-004  -20.000007208958042       0.16461823778620427        0.0000000000000000       -2.6877802372494892E-008   1.5340921962084884E-006
   4.4495168905277075E-004  -20.000007655928915       0.16461823437518869        0.0000000000000000       -2.6874738082283513E-008   1.5609669342907719E-006
   4.7264879039593701E-004  -20.000008129361703       0.16461823076223164        0.0000000000000000       -2.6871493605171842E-008   1.5878384278959438E-006
   5.0200771781969329E-004  -20.000008630800092       0.16461822693555278        0.0000000000000000       -2.6868058583476864E-008   1.6147064864794206E-006
   5.3312818088887485E-004  -20.000009161874935       0.16461822288270639        0.0000000000000000       -2.6864422094182828E-008   1.6415709085736035E-006
   5.6611587174220735E-004  -20.000009724308828       0.16461821859054665        0.0000000000000000       -2.6860572621867113E-008   1.6684314811954706E-006
   6.0108282404673977E-004  -20.000010319920850       0.16461821404519156        0.0000000000000000       -2.6856498030988799E-008   1.6952879792264594E-006
   6.3814779348954419E-004  -20.000010950631506       0.16461820923198495        0.0000000000000000       -2.6852185537296541E-008   1.7221401647637558E-006
   6.7743666109891683E-004  -20.000011618467852       0.16461820413545761        0.0000000000000000       -2.6847621678867818E-008   1.7489877864426237E-006
   7.1908286076485188E-004  -20.000012325568846       0.16461819873928640        0.0000000000000000       -2.6842792286340127E-008   1.7758305787289637E-006
   7.6322783241074298E-004  -20.000013074190804       0.16461819302625250        0.0000000000000000       -2.6837682453166428E-008   1.8026682611821302E-006
   8.1002150235538761E-004  -20.000013866713147       0.16461818697819769        0.0000000000000000       -2.6832276504745147E-008   1.8295005376868753E-006
   8.5962279249671093E-004  -20.000014705644229       0.16461818057597977        0.0000000000000000       -2.6826557968625867E-008   1.8563270956555011E-006
   9.1220016004651364E-004  -20.000015581599399       0.16461817389121691        0.0000000000000000       -2.6820551130723510E-008   1.8831476467862245E-006
   9.6793216964930449E-004  -20.000016508668534       0.16461816681638369        0.0000000000000000       -2.6814198746723035E-008   1.9099618455329475E-006
   1.0270080998282629E-003  -20.000017489740113       0.16461815932943713        0.0000000000000000       -2.6807481920539351E-008   1.9367693274534871E-006
   1.0896285858179586E-003  -20.000018527853900       0.16461815140717967        0.0000000000000000       -2.6800380849172361E-008   1.9635697083026596E-006
   1.1560063009670362E-003  -20.000019626207276       0.16461814302521099        0.0000000000000000       -2.6792874796515495E-008   1.9903625830991752E-006
   1.2263666790250584E-003  -20.000020788161642       0.16461813415787913        0.0000000000000000       -2.6784942068636578E-008   2.0171475251678117E-006
   1.3009486797665620E-003  -20.000022017248845       0.16461812477823129        0.0000000000000000       -2.6776559991800914E-008   2.0439240851596124E-006
   1.3800056005525557E-003  -20.000023317177522       0.16461811485796565        0.0000000000000000       -2.6767704893411763E-008   2.0706917900530243E-006
   1.4638059365857090E-003  -20.000024691839386       0.16461810436738325        0.0000000000000000       -2.6758352086673599E-008   2.0974501421396978E-006
   1.5526342927808516E-003  -20.000026145315310       0.16461809327534158        0.0000000000000000       -2.6748475860009543E-008   2.1241986179997071E-006
   1.6467923503477029E-003  -20.000027681881253       0.16461808154920948        0.0000000000000000       -2.6738049471744958E-008   2.1509366674714519E-006
   1.7465998913685651E-003  -20.000029306013783       0.16461806915482480        0.0000000000000000       -2.6727045151701711E-008   2.1776637126231537E-006
   1.8523958848506790E-003  -20.000031022395181       0.16461805605645558        0.0000000000000000       -2.6715434110777560E-008   2.2043791467339311E-006
   1.9645396379417198E-003  -20.000032835918063       0.16461804221676477        0.0000000000000000       -2.6703186559566509E-008   2.2310823332934976E-006
   2.0834120162182231E-003  -20.000034751689295       0.16461802759678043        0.0000000000000000       -2.6690271737856204E-008   2.2577726050313540E-006
   2.2094167371913167E-003  -20.000036775032992       0.16461801215587263        0.0000000000000000       -2.6676657957649357E-008   2.2844492629890036E-006
   2.3429817414227960E-003  -20.000038911492599       0.16461799585173773        0.0000000000000000       -2.6662312660367603E-008   2.3111115756493710E-006
   2.4845606459081640E-003  -20.000041166831672       0.16461797864039257        0.0000000000000000       -2.6647202492062878E-008   2.3377587781414338E-006
   2.6346342846626540E-003  -20.000043547033208       0.16461796047617921        0.0000000000000000       -2.6631293398519181E-008   2.3643900715399529E-006
   2.7937123417424133E-003  -20.000046058297201       0.16461794131178392        0.0000000000000000       -2.6614550743994303E-008   2.3910046222839471E-006
   2.9623350822469583E-003  -20.000048707036154       0.16461792109827139        0.0000000000000000       -2.6596939456172817E-008   2.4176015617401200E-006
   3.1410751871817758E-003  -20.000051499868114       0.16461789978513769        0.0000000000000000       -2.6578424203232540E-008   2.4441799859433524E-006
   3.3305396984126827E-003  -20.000054443606949       0.16461787732038469        0.0000000000000000       -2.6558969605058305E-008   2.4707389555484105E-006
   3.5313720803174437E-003  -20.000057545249199       0.16461785365062034        0.0000000000000000       -2.6538540486586735E-008   2.4972774960349972E-006
   3.7442544051364906E-003  -20.000060811957198       0.16461782872118746        0.0000000000000000       -2.6517102176686882E-008   2.5237945982116841E-006
   3.9699096694446800E-003  -20.000064251037625       0.16461780247632754        0.0000000000000000       -2.6494620861025261E-008   2.5502892190727092E-006
   4.2091042496113611E-003  -20.000067869915018       0.16461777485938267        0.0000000000000000       -2.6471063995675225E-008   2.5767602830683844E-006
   4.4626505045880427E-003  -20.000071676099289       0.16461774581304367        0.0000000000000000       -2.6446400789894321E-008   2.6032066838582787E-006
   4.7314095348633253E-003  -20.000075677146441       0.16461771527964986        0.0000000000000000       -2.6420602768257829E-008   2.6296272866265366E-006
   5.0162941069551254E-003  -20.000079880611469       0.16461768320154829        0.0000000000000000       -2.6393644422358812E-008   2.6560209310488953E-006
   5.3182717533724333E-003  -20.000084293992288       0.16461764952152197        0.0000000000000000       -2.6365503965322905E-008   2.6823864350142183E-006
   5.6383680585747799E-003  -20.000088924663380       0.16461761418329590        0.0000000000000000       -2.6336164201821162E-008   2.7087225992160395E-006
   5.9776701420892675E-003  -20.000093779797776       0.16461757713213279        0.0000000000000000       -2.6305613530256789E-008   2.7350282127462961E-006
   6.3373303506146237E-003  -20.000098866275597       0.16461753831553083        0.0000000000000000       -2.6273847094336529E-008   2.7613020598406324E-006
   6.7185701716515013E-003  -20.000104190577389       0.16461749768403777        0.0000000000000000       -2.6240868103885293E-008   2.7875429279445179E-006
   7.1226843819505916E-003  -20.000109758660091       0.16461745519219734        0.0000000000000000       -2.6206689347622518E-008   2.8137496172921405E-006
   7.5510454448676273E-003  -20.000115575813258       0.16461741079964662        0.0000000000000000       -2.6171334923118801E-008   2.8399209522152593E-006
   8.0051081715596852E-003  -20.000121646492865       0.16461736447238423        0.0000000000000000       -2.6134842211937369E-008   2.8660557944271967E-006
   8.4864146618532661E-003  -20.000127974129615       0.16461731618423314        0.0000000000000000       -2.6097264133182537E-008   2.8921530585603794E-006
   8.9965995415644626E-003  -20.000134560908382       0.16461726591852394        0.0000000000000000       -2.6058671710167977E-008   2.9182117302705473E-006
   9.5373955140583312E-003  -20.000141407514864       0.16461721367002807        0.0000000000000000       -2.6019156991914313E-008   2.9442308872624617E-006
   1.0110639244901831E-002  -20.000148512845147       0.16461715944717414        0.0000000000000000       -2.5978836374838395E-008   2.9702097236373001E-006
   1.0718277599595941E-002  -20.000155873673243       0.16461710327458506        0.0000000000000000       -2.5937854376108768E-008   2.9961475780134090E-006
   1.1362374255571697E-002  -20.000163484271084       0.16461704519597792        0.0000000000000000       -2.5896387916361403E-008   3.0220439659297704E-006
   1.2045116710905999E-002  -20.000171335974777       0.16461698527747387        0.0000000000000000       -2.5854651177225604E-008   3.0478986171069960E-006
   1.2768823713560359E-002  -20.000179416690074       0.16461692361137198        0.0000000000000000       -2.5812901106454815E-008   3.0737115182134510E-006
   1.3535953136373981E-002  -20.000187710329218       0.16461686032044653        0.0000000000000000       -2.5771443653144735E-008   3.0994829618665957E-006
   1.4349110324556422E-002  -20.000196196170297       0.16461679556283604        0.0000000000000000       -2.5730640824950271E-008   3.1252136026915458E-006
   1.5211056944029808E-002  -20.000204848129126       0.16461672953759920        0.0000000000000000       -2.5690918671566335E-008   3.1509045213631120E-006
   1.6124720360671599E-002  -20.000213633932436       0.16461666249102450        0.0000000000000000       -2.5652776310741871E-008   3.1765572976738539E-006
   1.7093203582311894E-002  -20.000222514179875       0.16461659472378790        0.0000000000000000       -2.5616796127286025E-008   3.2021740938011398E-006
   1.8119795797250610E-002  -20.000231441280512       0.16461652659906850        0.0000000000000000       -2.5583655292578698E-008   3.2277577490937185E-006
   1.9207983545085648E-002  -20.000240358248089       0.16461645855174162        0.0000000000000000       -2.5554138768890121E-008   3.2533118878626085E-006
   2.0361462557790790E-002  -20.000249197337137       0.16461639109878679        0.0000000000000000       -2.5529153983175827E-008   3.2788410418457844E-006
   2.1584150311258238E-002  -20.000257878499820       0.16461632485106342        0.0000000000000000       -2.5509747378607432E-008   3.3043507892243919E-006
   2.2880199329933733E-002  -20.000266307641162       0.16461626052662509        0.0000000000000000       -2.5497123075412838E-008   3.3298479122998048E-006
   2.4254011289729760E-002  -20.000274374647308       0.16461619896576604        0.0000000000000000       -2.5492663902659716E-008   3.3553405762024647E-006
   2.5710251967113545E-002  -20.000281951158573       0.16461614114801509        0.0000000000000000       -2.5497955092473694E-008   3.3808385312949386E-006
   2.7253867085140361E-002  -20.000288888055490       0.16461608821131996        0.0000000000000000       -2.5514810964929315E-008   3.4063533422598681E-006
   2.8890099110248785E-002  -20.000295012622278       0.16461604147369319        0.0000000000000000       -2.5545304970336194E-008   3.4318986472302041E-006
   3.0624505056863711E-002  -20.000300125347820       0.16461600245762514        0.0000000000000000       -2.5591803500090431E-008   3.4574904507302947E-006
   3.2462975360275537E-002  -20.000303996319523       0.16461597291760355        0.0000000000000000       -2.5657003926484588E-008   3.4831474546567793E-006
   3.4411753881892070E-002  -20.000306361159957       0.16461595487112340        0.0000000000000000       -2.5743977386229648E-008   3.5088914320430088E-006
   3.6477459114805592E-002  -20.000306916450207       0.16461595063361428        0.0000000000000000       -2.5856216885575543E-008   3.5347476489285843E-006
   3.8667106661693929E-002  -20.000305314577293       0.16461596285776456        0.0000000000000000       -2.5997691371551257E-008   3.5607453403001357E-006
   4.0988133061395565E-002  -20.000301157935439       0.16461599457777809        0.0000000000000000       -2.6172906491023417E-008   3.5869182467911591E-006
   4.3448421045079302E-002  -20.000293992402728       0.16461604925916262        0.0000000000000000       -2.6386972845632528E-008   3.6133052196367915E-006
   4.6056326307784064E-002  -20.000283300005375       0.16461613085472199        0.0000000000000000       -2.6645682644692867E-008   3.6399509022814842E-006
   4.8820705886251106E-002  -20.000268490671672       0.16461624386749860        0.0000000000000000       -2.6955595764281312E-008   3.6669064980457657E-006
   5.1750948239426178E-002  -20.000248892966013       0.16461639342150602        0.0000000000000000       -2.7324136340019682E-008   3.6942306343857855E-006
   5.4857005133791749E-002  -20.000223743680799       0.16461658534118506        0.0000000000000000       -2.7759701151925288E-008   3.7219903355377108E-006
   5.8149425441819259E-002  -20.000192176149824       0.16461682624062690        0.0000000000000000       -2.8271781207041428E-008   3.7502621167447521E-006
   6.1639390968328420E-002  -20.000153207130936       0.16461712362372863        0.0000000000000000       -2.8871098089492322E-008   3.7791332148342444E-006
   6.5338754426428128E-002  -20.000105722088435       0.16461748599657899        0.0000000000000000       -2.9569756827927422E-008   3.8087029716621717E-006
   6.9260079692013823E-002  -20.000048458686241       0.16461792299352176        0.0000000000000000       -3.0381417235716613E-008   3.8390843888978887E-006
   7.3416684473534652E-002  -19.999979988175404       0.16461844551931931        0.0000000000000000       -3.1321486396887335E-008   3.8704058752947764E-006
   7.7822685541946740E-002  -19.999898694958539       0.16461906590526851        0.0000000000000000       -3.2407332326641064E-008   3.9028132076214175E-006
   8.2493046674463541E-002  -19.999802753063125       0.16461979808895799        0.0000000000000000       -3.3658526189514482E-008   3.9364717338109317E-006
   8.7443629474931353E-002  -19.999690100218388       0.16462065781238086        0.0000000000000000       -3.5097111545323046E-008   3.9715688453562550E-006
   9.2691247243427241E-002  -19.999558408734011       0.16462166284453938        0.0000000000000000       -3.6747906208725590E-008   4.0083167515649808E-006
   9.8253722078032873E-002  -19.999405052918540       0.16462283323056859        0.0000000000000000       -3.8638840042952380E-008   4.0469555916079332E-006
  0.10414994540271486       -19.999227072642643       0.16462419157042180        0.0000000000000000       -4.0801332871588872E-008   4.0877569244795224E-006
  0.11039994212687775       -19.999021132610267       0.16462576333049372        0.0000000000000000       -4.3270717172085063E-008   4.1310276416516078E-006
  0.11702493865449042       -19.998783476853980       0.16462757719192322        0.0000000000000000       -4.6086710752446639E-008   4.1771143524040548E-006
  0.12404743497375985       -19.998509877920224       0.16462966543971738        0.0000000000000000       -4.9293945214971969E-008   4.2264082976190267E-006
  0.13149128107218544       -19.998195580154622       0.16463206439728006        0.0000000000000000       -5.2942556686257502E-008   4.2793508543052841E-006
  0.13938175793651658       -19.997835236437183       0.16463481491141016        0.0000000000000000       -5.7088846059828134E-008   4.3364397003651120E-006
  0.14774566341270759       -19.997422837651467       0.16463796289336347        0.0000000000000000       -6.1796016867811444E-008   4.3982357172329234E-006
  0.15661140321747005       -19.996951634100622       0.16464155992214996        0.0000000000000000       -6.7134999902427468E-008   4.4653707171353508E-006
  0.16600908741051826       -19.996414048006379       0.16464566391686669        0.0000000000000000       -7.3185374881869649E-008   4.5385560920172206E-006
  0.17597063265514937       -19.995801576144082       0.16465033988555408        0.0000000000000000       -8.0036400867273605E-008   4.6185924928844943E-006
  0.18652987061445833       -19.995104681577974       0.16465566075880844        0.0000000000000000       -8.7788168904195990E-008   4.7063806617886906E-006
  0.19772266285132584       -19.994312673365691       0.16466170831719465        0.0000000000000000       -9.6552892710396113E-008   4.8029335544990868E-006
  0.20958702262240539       -19.993413573000090       0.16466857422237643        0.0000000000000000       -1.0645635663590276E-007   4.9093899111349894E-006
  0.22216324397974974       -19.992393966249264       0.16467636116283133        0.0000000000000000       -1.1763954566120679E-007   5.0270294567961962E-006
  0.23549403861853474       -19.991238838943797       0.16468518412603173        0.0000000000000000       -1.3026049254605397E-007   5.1572899493422500E-006
  0.24962468093564683       -19.989931395143916       0.16469517181006410        0.0000000000000000       -1.4449639969595733E-007   5.3017863490382073E-006
  0.26460316179178567       -19.988452856000954       0.16470646818880896        0.0000000000000000       -1.6054615037198601E-007   5.4623324994101931E-006
  0.28048035149929285       -19.986782237515655       0.16471923424596835        0.0000000000000000       -1.7863349588833137E-007   5.6409659952985243E-006
  0.29731017258925041       -19.984896105291174       0.16473364989440731        0.0000000000000000       -1.9901184367450742E-007   5.8399778389730319E-006
  0.31514978294460544       -19.982768304348145       0.16474991609797801        0.0000000000000000       -2.2197473262619280E-007   6.0619525715992247E-006
  0.33405976992128178       -19.980369662245451       0.16476825721222449        0.0000000000000000       -2.4790173012536412E-007   6.3098543017245889E-006
  0.35410435611655872       -19.977667665021709       0.16478892355134359        0.0000000000000000       -2.7826953363197209E-007   6.5881238353565609E-006
  0.37535161748355228       -19.974626115273480       0.16481219411461184        0.0000000000000000       -3.0845239259320055E-007   6.8965762279497615E-006
  0.39787371453256543       -19.971205047842286       0.16483837736886892        0.0000000000000000       -3.4541721757048928E-007   7.2419934455202511E-006
  0.42174713740451936       -19.967358353626587       0.16486782961155391        0.0000000000000000       -3.8664191261615382E-007   7.6286353581364052E-006
  0.44705296564879055       -19.963037124333962       0.16490092958493346        0.0000000000000000       -4.3287230727850728E-007   8.0615076654149123E-006
  0.47387714358771799       -19.958185851926640       0.16493810783639895        0.0000000000000000       -4.8474990684829521E-007   8.5462575722632067E-006
  0.50231077220298104       -19.952743037452748       0.16497984239811131        0.0000000000000000       -5.4296459423648263E-007   9.0892221664996888E-006
  0.53245041853515995       -19.946640505824707       0.16502666445322756        0.0000000000000000       -6.0828149022203925E-007   9.6975036567217284E-006
  0.56439844364726954       -19.939802740047924       0.16507916395551128        0.0000000000000000       -6.8155496043513571E-007   1.0379058617156864E-005
  0.59826335026610578       -19.932146176598604       0.16513799567164616        0.0000000000000000       -7.6374120939369083E-007   1.1142799826550556E-005
  0.63416015128207215       -19.923578476970874       0.16520388555844859        0.0000000000000000       -8.5591140059565262E-007   1.1998711227146207E-005
  0.67221076035899652       -19.913997940941456       0.16527763623248815        0.0000000000000000       -9.5926423509497678E-007   1.2957975462241184E-005
  0.71254440598053637       -19.903305099197262       0.16536003874152755        0.0000000000000000       -1.0750074444373494E-006   1.4032982906678532E-005
  0.75529807033936858       -19.891344667635106       0.16545232151962078        0.0000000000000000       -1.2049984047541302E-006   1.5237981311432663E-005
  0.80061695455973070       -19.877998075706653       0.16555543905091175        0.0000000000000000       -1.3507513048661626E-006   1.6588732616298825E-005
  0.84865497183331462       -19.863114389820026       0.16567060631393760        0.0000000000000000       -1.5142015818222642E-006   1.8102934198121090E-005
  0.89957527014331351       -19.846528436400327       0.16579916189293353        0.0000000000000000       -1.6975282360891286E-006   1.9800462434210218E-005
  0.95355078635191237       -19.828059222794913       0.16594258345781776        0.0000000000000000       -1.9031943156044140E-006   2.1703656749814632E-005
   1.0107648335330273       -19.807508640275277       0.16610250180094549        0.0000000000000000       -2.1339900544390332E-006   2.3837646804253666E-005
   1.0714117235450089       -19.784660166263109       0.16628071575654518        0.0000000000000000       -2.3930830761166809E-006   2.6230729880370347E-005
   1.1356974269577096       -19.759277541694630       0.16647920836224833        0.0000000000000000       -2.6840775806906481E-006   2.8914807461060994E-005
   1.2038402725751722       -19.731103428248208       0.16670016443079705        0.0000000000000000       -3.0110845094923035E-006   3.1925891970553296E-005
   1.2760716889296826       -19.699858058524860       0.16694598967039720        0.0000000000000000       -3.3788050701711131E-006   3.5304697040724408E-005
   1.3526369902654636       -19.665237897632341       0.16721933149017584        0.0000000000000000       -3.7926305413882177E-006   3.9097327582112629E-005
   1.4337962096813914       -19.626914339899955       0.16752310163040240        0.0000000000000000       -4.2587619587438161E-006   4.3356089540856442E-005
   1.5198249822622749       -19.584532470464382       0.16786050075904571        0.0000000000000000       -4.7843541388901695E-006   4.8140443679746612E-005
   1.6110154811980115       -19.537709928654973       0.16823504517290111        0.0000000000000000       -5.3776895683601030E-006   5.3518133248106713E-005
   1.7076774100698924       -19.486035918909334       0.16865059572833102        0.0000000000000000       -6.0483890197056611E-006   5.9566522267812377E-005
   1.8101390546740861       -19.429070425887055       0.16911138909740231        0.0000000000000000       -6.8076674245629894E-006   6.6374189692375372E-005
   1.9187483979545312       -19.366343704424029       0.16962207138911115        0.0000000000000000       -7.6686456060077362E-006   7.4042835298383108E-005
   2.0338743018318031       -19.297356133339658       0.17018773407566462        0.0000000000000000       -8.6467310338023384E-006   8.2689566332185447E-005
   2.1559077599417114       -19.221578547861174       0.17081395198648847        0.0000000000000000       -9.7600838851103394E-006   9.2449650217295786E-005
   2.2852632255382139       -19.138453206047330       0.17150682279960544        0.0000000000000000       -1.1030188358340716E-005   1.0347983857563651E-004
   2.4223800190705069       -19.047395625225640       0.17227300673007787        0.0000000000000000       -1.2482553015516496E-005   1.1596239159115300E-004
   2.5677238202147374       -18.947797759399506       0.17311976294684717        0.0000000000000000       -1.4147565614043420E-005   1.3010995720519642E-004
   2.7217882494276218       -18.839034165200680       0.17405496862069064        0.0000000000000000       -1.6061510759895645E-005   1.4617146796509206E-004
   2.8850965443932792       -18.720487239935984       0.17508697828670686        0.0000000000000000       -1.8267462346656596E-005   1.6443893031174866E-004
   3.0582033370568760       -18.591250852565743       0.17622733452938136        0.0000000000000000       -2.0823259517620877E-005   1.8526218982936954E-004
   3.2416965372802888       -18.451009195848364       0.17748312760142410        0.0000000000000000       -2.3785549491346549E-005   2.0904773932071608E-004
   3.4361993295171063       -18.299020729119327       0.17886601542243202        0.0000000000000000       -2.7233120908800538E-005   2.3628086022951661E-004
   3.6361993295171064       -18.139672644597397       0.18034078099299677        0.0000000000000000       -3.1131729454187230E-005   2.6741258968370385E-004
   3.8361993295171066       -17.977717007696992       0.18186630783012986        0.0000000000000000       -3.5414667464635134E-005   3.0282725714833901E-004
   4.0361993295171068       -17.813600414942538       0.18344010166173558        0.0000000000000000       -4.0109881301967444E-005   3.4293713845030642E-004
   4.2361993295171070       -17.647760098706279       0.18505951947149113        0.0000000000000000       -4.5245928705501734E-005   3.8818306715580816E-004
   4.4361993295171072       -17.480625006935956       0.18672174470925712        0.0000000000000000       -5.0851630105182161E-005   4.3903469726099030E-004
   4.6361993295171073       -17.312616793983786       0.18842376360635868        0.0000000000000000       -5.6955641457867420E-005   4.9599033871885773E-004
   4.8361993295171075       -17.144150546720731       0.19016234459388481        0.0000000000000000       -6.3585947888810936E-005   5.5957628660766869E-004
   5.0361993295171077       -16.975635185243295       0.19193402191983239        0.0000000000000000       -7.0769278047836829E-005   6.3034556465550555E-004
