 #              _____________________  _______________________             #
 #              ___  __ \__  __ \_  / / /_  /___  ____/_  ___/             #
 #              __  / / /_  /_/ /  / / /_  __/_  __/  _____ \              #
 #              _  /_/ /_  _, _// /_/ / / /_ _  /___  ____/ /              #
 #              /_____/ /_/ |_| \____/  \__/ /_____/  /____/               #
 #                                                                         #
  
 #        time                      h  [L]                   theta [-]evaporati       Darcian flow [L.T^{-1}]   in    x              directions   cumulative flux
 #-----------------------------------------------------------------------------------------------

   0.0000000000000000       -20.000000000000000       0.16461829280070292        0.0000000000000000       -2.6927378160528074E-008   2.6927378160528074E-008
   9.9999999999999995E-007  -19.999999999999996       0.16461829280070295        0.0000000000000000       -2.6927378160528150E-008   5.3854756321056222E-008
   2.0599999999999998E-006  -19.999999999999996       0.16461829280070295        0.0000000000000000       -2.6927378160528150E-008   8.0782134481584365E-008
   3.1835999999999999E-006  -20.000000000000000       0.16461829280070292        0.0000000000000000       -2.6927378160528074E-008   1.0770951264211244E-007
   4.3746160000000000E-006  -20.000000000000004       0.16461829280070289        0.0000000000000000       -2.6927378160528005E-008   1.3463689080264044E-007
   5.6370929600000005E-006  -20.000000000000007       0.16461829280070284        0.0000000000000000       -2.6927378160527925E-008   1.6156426896316836E-007
   6.9753185376000006E-006  -20.000000000000007       0.16461829280070284        0.0000000000000000       -2.6927378160552403E-008   1.8849164712372076E-007
   8.3938376498560019E-006  -20.000000000000007       0.16461829280070284        0.0000000000000000       -2.6927378160552403E-008   2.1541902528427317E-007
   9.8974679088473630E-006  -20.000000000000007       0.16461829280070284        0.0000000000000000       -2.6927378160552403E-008   2.4234640344482557E-007
   1.1491315983378205E-005  -20.000000000000011       0.16461829280070281        0.0000000000000000       -2.6927378160527995E-008   2.6927378160535357E-007
   1.3180794942380898E-005  -20.000000000000007       0.16461829280070284        0.0000000000000000       -2.6927378160527925E-008   2.9620115976588151E-007
   1.4971642638923753E-005  -20.000000000000011       0.16461829280070281        0.0000000000000000       -2.6927378160527995E-008   3.2312853792640951E-007
   1.6869941197259179E-005  -20.000000000000011       0.16461829280070281        0.0000000000000000       -2.6927378160527995E-008   3.5005591608693751E-007
   1.8882137669094732E-005  -20.000000000000014       0.16461829280070281        0.0000000000000000       -2.6927378160527995E-008   3.7698329424746551E-007
   2.1015065929240418E-005  -20.000000000000018       0.16461829280070278        0.0000000000000000       -2.6927378160527992E-008   4.0391067240799351E-007
   2.3275969884994844E-005  -20.000000000000014       0.16461829280070281        0.0000000000000000       -2.6927378160527995E-008   4.3083805056852151E-007
   2.5672528078094535E-005  -20.000000000000018       0.16461829280070278        0.0000000000000000       -2.6927378160527992E-008   4.5776542872904950E-007
   2.8212879762780208E-005  -20.000000000000021       0.16461829280070275        0.0000000000000000       -2.6927378160503438E-008   4.8469280688955299E-007
   3.0905652548547020E-005  -20.000000000000025       0.16461829280070273        0.0000000000000000       -2.6927378160478887E-008   5.1162018505003186E-007
   3.3759991701459843E-005  -20.000000000000028       0.16461829280070267        0.0000000000000000       -2.6927378160454399E-008   5.3854756321048627E-007
   3.6785591203547436E-005  -20.000000000000036       0.16461829280070267        0.0000000000000000       -2.6927378160454253E-008   5.6547494137094047E-007
   3.9992726675760282E-005  -20.000000000000036       0.16461829280070267        0.0000000000000000       -2.6927378160454253E-008   5.9240231953139467E-007
   4.3392290276305902E-005  -20.000000000000039       0.16461829280070261        0.0000000000000000       -2.6927378160454320E-008   6.1932969769184898E-007
   4.6995827692884256E-005  -20.000000000000043       0.16461829280070259        0.0000000000000000       -2.6927378160454316E-008   6.4625707585230329E-007
   5.0815577354457314E-005  -20.000000000000050       0.16461829280070256        0.0000000000000000       -2.6927378160429838E-008   6.7318445401273314E-007
   5.4864511995724756E-005  -20.000000000000050       0.16461829280070256        0.0000000000000000       -2.6927378160429838E-008   7.0011183217316298E-007
   5.9156382715468245E-005  -20.000000000000050       0.16461829280070256        0.0000000000000000       -2.6927378160405360E-008   7.2703921033356837E-007
   6.3705765678396338E-005  -20.000000000000050       0.16461829280070256        0.0000000000000000       -2.6927378160405360E-008   7.5396658849397376E-007
   6.8528111619100117E-005  -20.000000000000053       0.16461829280070253        0.0000000000000000       -2.6927378160429690E-008   7.8089396665440340E-007
   7.3639798316246135E-005  -20.000000000000053       0.16461829280070253        0.0000000000000000       -2.6927378160429690E-008   8.0782134481483304E-007
   7.9058186215220911E-005  -20.000000000000057       0.16461829280070250        0.0000000000000000       -2.6927378160454161E-008   8.3474872297528724E-007
   8.4801677388134168E-005  -20.000000000000053       0.16461829280070253        0.0000000000000000       -2.6927378160454164E-008   8.6167610113574144E-007
   9.0889778031422224E-005  -20.000000000000050       0.16461829280070256        0.0000000000000000       -2.6927378160454313E-008   8.8860347929619575E-007
   9.7343164713307561E-005  -20.000000000000050       0.16461829280070256        0.0000000000000000       -2.6927378160478794E-008   9.1553085745667451E-007
   1.0418375459610602E-004  -20.000000000000050       0.16461829280070256        0.0000000000000000       -2.6927378160454313E-008   9.4245823561712882E-007
   1.1143477987187239E-004  -20.000000000000046       0.16461829280070256        0.0000000000000000       -2.6927378160503269E-008   9.6938561377763214E-007
   1.1912086666418474E-004  -20.000000000000046       0.16461829280070256        0.0000000000000000       -2.6927378160478794E-008   9.9631299193811091E-007
   1.2726811866403583E-004  -20.000000000000050       0.16461829280070256        0.0000000000000000       -2.6927378160478794E-008   1.0232403700985897E-006
   1.3590420578387798E-004  -20.000000000000046       0.16461829280070256        0.0000000000000000       -2.6927378160503269E-008   1.0501677482590930E-006
   1.4505845813091067E-004  -20.000000000000046       0.16461829280070256        0.0000000000000000       -2.6927378160478794E-008   1.0770951264195718E-006
   1.5476196561876532E-004  -20.000000000000050       0.16461829280070256        0.0000000000000000       -2.6927378160454313E-008   1.1040225045800262E-006
   1.6504768355589123E-004  -20.000000000000050       0.16461829280070256        0.0000000000000000       -2.6927378160454313E-008   1.1309498827404806E-006
   1.7595054456924473E-004  -20.000000000000046       0.16461829280070256        0.0000000000000000       -2.6927378160503269E-008   1.1578772609009839E-006
   1.8750757724339941E-004  -20.000000000000050       0.16461829280070256        0.0000000000000000       -2.6927378160503269E-008   1.1848046390614872E-006
   1.9975803187800338E-004  -20.000000000000046       0.16461829280070256        0.0000000000000000       -2.6927378160503269E-008   1.2117320172219906E-006
   2.1274351379068360E-004  -20.000000000000043       0.16461829280070259        0.0000000000000000       -2.6927378160527750E-008   1.2386593953825183E-006
   2.2650812461812462E-004  -20.000000000000043       0.16461829280070259        0.0000000000000000       -2.6927378160552228E-008   1.2655867735430705E-006
   2.4109861209521211E-004  -20.000000000000046       0.16461829280070256        0.0000000000000000       -2.6927378160552225E-008   1.2925141517036227E-006
   2.5656452882092485E-004  -20.000000000000053       0.16461829280070253        0.0000000000000000       -2.6927378160527598E-008   1.3194415298641504E-006
   2.7295840055018038E-004  -20.000000000000050       0.16461829280070256        0.0000000000000000       -2.6927378160503269E-008   1.3463689080246538E-006
   2.9033590458319119E-004  -20.000000000000043       0.16461829280070259        0.0000000000000000       -2.6927378160552228E-008   1.3732962861852060E-006
   3.0875605885818269E-004  -20.000000000000043       0.16461829280070259        0.0000000000000000       -2.6927378160552228E-008   1.4002236643457582E-006
   3.2828142238967368E-004  -20.000000000000046       0.16461829280070256        0.0000000000000000       -2.6927378160527747E-008   1.4271510425062859E-006
   3.4897830773305411E-004  -20.000000000000053       0.16461829280070253        0.0000000000000000       -2.6927378160503120E-008   1.4540784206667890E-006
   3.7091700619703736E-004  -20.000000000000053       0.16461829280070253        0.0000000000000000       -2.6927378160478645E-008   1.4810057988272676E-006
   3.9417202656885961E-004  -20.000000000000053       0.16461829280070253        0.0000000000000000       -2.6927378160478645E-008   1.5079331769877461E-006
   4.1882234816299123E-004  -20.000000000000053       0.16461829280070253        0.0000000000000000       -2.6927378160454164E-008   1.5348605551482003E-006
   4.4495168905277075E-004  -20.000000000000050       0.16461829280070256        0.0000000000000000       -2.6927378160454313E-008   1.5617879333086548E-006
   4.7264879039593701E-004  -20.000000000000053       0.16461829280070253        0.0000000000000000       -2.6927378160429690E-008   1.5887153114690844E-006
   5.0200771781969329E-004  -20.000000000000053       0.16461829280070253        0.0000000000000000       -2.6927378160429690E-008   1.6156426896295140E-006
   5.3312818088887485E-004  -20.000000000000053       0.16461829280070253        0.0000000000000000       -2.6927378160454164E-008   1.6425700677899682E-006
   5.6611587174220735E-004  -20.000000000000057       0.16461829280070250        0.0000000000000000       -2.6927378160429686E-008   1.6694974459503979E-006
   6.0108282404673977E-004  -20.000000000000060       0.16461829280070245        0.0000000000000000       -2.6927378160405202E-008   1.6964248241108032E-006
   6.3814779348954419E-004  -20.000000000000057       0.16461829280070250        0.0000000000000000       -2.6927378160454161E-008   1.7233522022712574E-006
   6.7743666109891683E-004  -20.000000000000053       0.16461829280070253        0.0000000000000000       -2.6927378160454164E-008   1.7502795804317116E-006
   7.1908286076485188E-004  -20.000000000000053       0.16461829280070253        0.0000000000000000       -2.6927378160454164E-008   1.7772069585921658E-006
   7.6322783241074298E-004  -20.000000000000060       0.16461829280070245        0.0000000000000000       -2.6927378160454154E-008   1.8041343367526200E-006
   8.1002150235538761E-004  -20.000000000000057       0.16461829280070250        0.0000000000000000       -2.6927378160478642E-008   1.8310617149130985E-006
   8.5962279249671093E-004  -20.000000000000057       0.16461829280070250        0.0000000000000000       -2.6927378160478642E-008   1.8579890930735771E-006
   9.1220016004651364E-004  -20.000000000000057       0.16461829280070250        0.0000000000000000       -2.6927378160478642E-008   1.8849164712340556E-006
   9.6793216964930449E-004  -20.000000000000057       0.16461829280070250        0.0000000000000000       -2.6927378160478642E-008   1.9118438493945342E-006
   1.0270080998282629E-003  -20.000000000000060       0.16461829280070245        0.0000000000000000       -2.6927378160454154E-008   1.9387712275549882E-006
   1.0896285858179586E-003  -20.000000000000064       0.16461829280070242        0.0000000000000000       -2.6927378160454154E-008   1.9656986057154421E-006
   1.1560063009670362E-003  -20.000000000000064       0.16461829280070242        0.0000000000000000       -2.6927378160454154E-008   1.9926259838758961E-006
   1.2263666790250584E-003  -20.000000000000064       0.16461829280070242        0.0000000000000000       -2.6927378160429680E-008   2.0195533620363260E-006
   1.3009486797665620E-003  -20.000000000000064       0.16461829280070242        0.0000000000000000       -2.6927378160429680E-008   2.0464807401967558E-006
   1.3800056005525557E-003  -20.000000000000064       0.16461829280070242        0.0000000000000000       -2.6927378160429680E-008   2.0734081183571857E-006
   1.4638059365857090E-003  -20.000000000000064       0.16461829280070242        0.0000000000000000       -2.6927378160454154E-008   2.1003354965176397E-006
   1.5526342927808516E-003  -20.000000000000064       0.16461829280070242        0.0000000000000000       -2.6927378160454154E-008   2.1272628746780937E-006
   1.6467923503477029E-003  -20.000000000000064       0.16461829280070242        0.0000000000000000       -2.6927378160454154E-008   2.1541902528385476E-006
   1.7465998913685651E-003  -20.000000000000064       0.16461829280070242        0.0000000000000000       -2.6927378160454154E-008   2.1811176309990016E-006
   1.8523958848506790E-003  -20.000000000000064       0.16461829280070242        0.0000000000000000       -2.6927378160429680E-008   2.2080450091594315E-006
   1.9645396379417198E-003  -20.000000000000060       0.16461829280070245        0.0000000000000000       -2.6927378160429680E-008   2.2349723873198613E-006
   2.0834120162182231E-003  -20.000000000000064       0.16461829280070242        0.0000000000000000       -2.6927378160429680E-008   2.2618997654802912E-006
   2.2094167371913167E-003  -20.000000000000068       0.16461829280070242        0.0000000000000000       -2.6927378160429680E-008   2.2888271436407210E-006
   2.3429817414227960E-003  -20.000000000000068       0.16461829280070242        0.0000000000000000       -2.6927378160454154E-008   2.3157545218011750E-006
   2.4845606459081640E-003  -20.000000000000068       0.16461829280070242        0.0000000000000000       -2.6927378160454154E-008   2.3426818999616290E-006
   2.6346342846626540E-003  -20.000000000000068       0.16461829280070242        0.0000000000000000       -2.6927378160454154E-008   2.3696092781220830E-006
   2.7937123417424133E-003  -20.000000000000068       0.16461829280070242        0.0000000000000000       -2.6927378160454154E-008   2.3965366562825370E-006
   2.9623350822469583E-003  -20.000000000000068       0.16461829280070242        0.0000000000000000       -2.6927378160454154E-008   2.4234640344429910E-006
   3.1410751871817758E-003  -20.000000000000071       0.16461829280070239        0.0000000000000000       -2.6927378160454078E-008   2.4503914126034450E-006
   3.3305396984126827E-003  -20.000000000000071       0.16461829280070239        0.0000000000000000       -2.6927378160429603E-008   2.4773187907638744E-006
   3.5313720803174437E-003  -20.000000000000068       0.16461829280070242        0.0000000000000000       -2.6927378160454154E-008   2.5042461689243284E-006
   3.7442544051364906E-003  -20.000000000000075       0.16461829280070234        0.0000000000000000       -2.6927378160429600E-008   2.5311735470847578E-006
   3.9699096694446800E-003  -20.000000000000078       0.16461829280070231        0.0000000000000000       -2.6927378160429597E-008   2.5581009252451872E-006
   4.2091042496113611E-003  -20.000000000000078       0.16461829280070231        0.0000000000000000       -2.6927378160429597E-008   2.5850283034056166E-006
   4.4626505045880427E-003  -20.000000000000078       0.16461829280070231        0.0000000000000000       -2.6927378160454071E-008   2.6119556815660706E-006
   4.7314095348633253E-003  -20.000000000000078       0.16461829280070231        0.0000000000000000       -2.6927378160454071E-008   2.6388830597265246E-006
   5.0162941069551254E-003  -20.000000000000078       0.16461829280070231        0.0000000000000000       -2.6927378160454071E-008   2.6658104378869786E-006
   5.3182717533724333E-003  -20.000000000000082       0.16461829280070228        0.0000000000000000       -2.6927378160478401E-008   2.6927378160474572E-006
   5.6383680585747799E-003  -20.000000000000085       0.16461829280070228        0.0000000000000000       -2.6927378160453919E-008   2.7196651942079112E-006
   5.9776701420892675E-003  -20.000000000000089       0.16461829280070223        0.0000000000000000       -2.6927378160478401E-008   2.7465925723683897E-006
   6.3373303506146237E-003  -20.000000000000085       0.16461829280070228        0.0000000000000000       -2.6927378160478401E-008   2.7735199505288683E-006
   6.7185701716515013E-003  -20.000000000000082       0.16461829280070228        0.0000000000000000       -2.6927378160478401E-008   2.8004473286893468E-006
   7.1226843819505916E-003  -20.000000000000078       0.16461829280070231        0.0000000000000000       -2.6927378160478553E-008   2.8273747068498254E-006
   7.5510454448676273E-003  -20.000000000000078       0.16461829280070231        0.0000000000000000       -2.6927378160478553E-008   2.8543020850103039E-006
   8.0051081715596852E-003  -20.000000000000078       0.16461829280070231        0.0000000000000000       -2.6927378160478553E-008   2.8812294631707825E-006
   8.4864146618532661E-003  -20.000000000000075       0.16461829280070234        0.0000000000000000       -2.6927378160478556E-008   2.9081568413312610E-006
   8.9965995415644626E-003  -20.000000000000071       0.16461829280070239        0.0000000000000000       -2.6927378160503034E-008   2.9350842194917641E-006
   9.5373955140583312E-003  -20.000000000000071       0.16461829280070239        0.0000000000000000       -2.6927378160503034E-008   2.9620115976522673E-006
   1.0110639244901831E-002  -20.000000000000075       0.16461829280070234        0.0000000000000000       -2.6927378160478556E-008   2.9889389758127458E-006
   1.0718277599595941E-002  -20.000000000000078       0.16461829280070231        0.0000000000000000       -2.6927378160478553E-008   3.0158663539732244E-006
   1.1362374255571697E-002  -20.000000000000082       0.16461829280070228        0.0000000000000000       -2.6927378160478401E-008   3.0427937321337029E-006
   1.2045116710905999E-002  -20.000000000000082       0.16461829280070228        0.0000000000000000       -2.6927378160478401E-008   3.0697211102941815E-006
   1.2768823713560359E-002  -20.000000000000082       0.16461829280070228        0.0000000000000000       -2.6927378160478401E-008   3.0966484884546600E-006
   1.3535953136373981E-002  -20.000000000000082       0.16461829280070228        0.0000000000000000       -2.6927378160453919E-008   3.1235758666151140E-006
   1.4349110324556422E-002  -20.000000000000082       0.16461829280070228        0.0000000000000000       -2.6927378160453919E-008   3.1505032447755680E-006
   1.5211056944029808E-002  -20.000000000000075       0.16461829280070234        0.0000000000000000       -2.6927378160503031E-008   3.1774306229360711E-006
   1.6124720360671599E-002  -20.000000000000075       0.16461829280070234        0.0000000000000000       -2.6927378160503031E-008   3.2043580010965742E-006
   1.7093203582311894E-002  -20.000000000000078       0.16461829280070231        0.0000000000000000       -2.6927378160503027E-008   3.2312853792570773E-006
   1.8119795797250610E-002  -20.000000000000078       0.16461829280070231        0.0000000000000000       -2.6927378160527505E-008   3.2582127574176050E-006
   1.9207983545085648E-002  -20.000000000000078       0.16461829280070231        0.0000000000000000       -2.6927378160527505E-008   3.2851401355781327E-006
   2.0361462557790790E-002  -20.000000000000082       0.16461829280070228        0.0000000000000000       -2.6927378160502875E-008   3.3120675137386354E-006
   2.1584150311258238E-002  -20.000000000000082       0.16461829280070228        0.0000000000000000       -2.6927378160527353E-008   3.3389948918991627E-006
   2.2880199329933733E-002  -20.000000000000085       0.16461829280070228        0.0000000000000000       -2.6927378160478401E-008   3.3659222700596412E-006
   2.4254011289729760E-002  -20.000000000000089       0.16461829280070223        0.0000000000000000       -2.6927378160478401E-008   3.3928496482201198E-006
   2.5710251967113545E-002  -20.000000000000096       0.16461829280070217        0.0000000000000000       -2.6927378160478391E-008   3.4197770263805983E-006
   2.7253867085140361E-002  -20.000000000000099       0.16461829280070214        0.0000000000000000       -2.6927378160502792E-008   3.4467044045411010E-006
   2.8890099110248785E-002  -20.000000000000103       0.16461829280070214        0.0000000000000000       -2.6927378160478318E-008   3.4736317827015791E-006
   3.0624505056863711E-002  -20.000000000000096       0.16461829280070217        0.0000000000000000       -2.6927378160502865E-008   3.5005591608620818E-006
   3.2462975360275537E-002  -20.000000000000092       0.16461829280070223        0.0000000000000000       -2.6927378160502872E-008   3.5274865390225845E-006
   3.4411753881892070E-002  -20.000000000000085       0.16461829280070228        0.0000000000000000       -2.6927378160502875E-008   3.5544139171830872E-006
   3.6477459114805592E-002  -20.000000000000089       0.16461829280070223        0.0000000000000000       -2.6927378160502875E-008   3.5813412953435899E-006
   3.8667106661693929E-002  -20.000000000000092       0.16461829280070223        0.0000000000000000       -2.6927378160502872E-008   3.6082686735040926E-006
   4.0988133061395565E-002  -20.000000000000092       0.16461829280070223        0.0000000000000000       -2.6927378160527350E-008   3.6351960516646199E-006
   4.3448421045079302E-002  -20.000000000000096       0.16461829280070217        0.0000000000000000       -2.6927378160502865E-008   3.6621234298251226E-006
   4.6056326307784064E-002  -20.000000000000096       0.16461829280070217        0.0000000000000000       -2.6927378160502865E-008   3.6890508079856253E-006
   4.8820705886251106E-002  -20.000000000000096       0.16461829280070217        0.0000000000000000       -2.6927378160502865E-008   3.7159781861461279E-006
   5.1750948239426178E-002  -20.000000000000092       0.16461829280070223        0.0000000000000000       -2.6927378160527350E-008   3.7429055643066552E-006
   5.4857005133791749E-002  -20.000000000000096       0.16461829280070217        0.0000000000000000       -2.6927378160502865E-008   3.7698329424671579E-006
   5.8149425441819259E-002  -20.000000000000096       0.16461829280070217        0.0000000000000000       -2.6927378160502865E-008   3.7967603206276606E-006
   6.1639390968328420E-002  -20.000000000000096       0.16461829280070217        0.0000000000000000       -2.6927378160502865E-008   3.8236876987881637E-006
   6.5338754426428128E-002  -20.000000000000099       0.16461829280070214        0.0000000000000000       -2.6927378160478318E-008   3.8506150769486423E-006
   6.9260079692013823E-002  -20.000000000000099       0.16461829280070214        0.0000000000000000       -2.6927378160502792E-008   3.8775424551091454E-006
   7.3416684473534652E-002  -20.000000000000099       0.16461829280070214        0.0000000000000000       -2.6927378160502792E-008   3.9044698332696485E-006
   7.7822685541946740E-002  -20.000000000000096       0.16461829280070217        0.0000000000000000       -2.6927378160527343E-008   3.9313972114301762E-006
   8.2493046674463541E-002  -20.000000000000096       0.16461829280070217        0.0000000000000000       -2.6927378160527343E-008   3.9583245895907039E-006
   8.7443629474931353E-002  -20.000000000000096       0.16461829280070217        0.0000000000000000       -2.6927378160502865E-008   3.9852519677512070E-006
   9.2691247243427241E-002  -20.000000000000096       0.16461829280070217        0.0000000000000000       -2.6927378160478391E-008   4.0121793459116855E-006
   9.8253722078032873E-002  -20.000000000000099       0.16461829280070214        0.0000000000000000       -2.6927378160502792E-008   4.0391067240721886E-006
  0.10414994540271486       -20.000000000000099       0.16461829280070214        0.0000000000000000       -2.6927378160478318E-008   4.0660341022326672E-006
  0.11039994212687775       -20.000000000000099       0.16461829280070214        0.0000000000000000       -2.6927378160478318E-008   4.0929614803931457E-006
  0.11702493865449042       -20.000000000000107       0.16461829280070212        0.0000000000000000       -2.6927378160453830E-008   4.1198888585535997E-006
  0.12404743497375985       -20.000000000000110       0.16461829280070206        0.0000000000000000       -2.6927378160478238E-008   4.1468162367140783E-006
  0.13149128107218544       -20.000000000000114       0.16461829280070203        0.0000000000000000       -2.6927378160478232E-008   4.1737436148745568E-006
  0.13938175793651658       -20.000000000000110       0.16461829280070206        0.0000000000000000       -2.6927378160502713E-008   4.2006709930350600E-006
  0.14774566341270759       -20.000000000000110       0.16461829280070206        0.0000000000000000       -2.6927378160478238E-008   4.2275983711955385E-006
  0.15661140321747005       -20.000000000000110       0.16461829280070206        0.0000000000000000       -2.6927378160502713E-008   4.2545257493560416E-006
  0.16600908741051826       -20.000000000000107       0.16461829280070212        0.0000000000000000       -2.6927378160502786E-008   4.2814531275165447E-006
  0.17597063265514937       -20.000000000000110       0.16461829280070206        0.0000000000000000       -2.6927378160502713E-008   4.3083805056770479E-006
  0.18652987061445833       -20.000000000000114       0.16461829280070203        0.0000000000000000       -2.6927378160478232E-008   4.3353078838375264E-006
  0.19772266285132584       -20.000000000000117       0.16461829280070200        0.0000000000000000       -2.6927378160453674E-008   4.3622352619979804E-006
  0.20958702262240539       -20.000000000000121       0.16461829280070200        0.0000000000000000       -2.6927378160453674E-008   4.3891626401584344E-006
  0.22216324397974974       -20.000000000000121       0.16461829280070200        0.0000000000000000       -2.6927378160453674E-008   4.4160900183188884E-006
  0.23549403861853474       -20.000000000000121       0.16461829280070200        0.0000000000000000       -2.6927378160429200E-008   4.4430173964793178E-006
  0.24962468093564683       -20.000000000000121       0.16461829280070200        0.0000000000000000       -2.6927378160453674E-008   4.4699447746397718E-006
  0.26460316179178567       -20.000000000000124       0.16461829280070198        0.0000000000000000       -2.6927378160429197E-008   4.4968721528002012E-006
  0.28048035149929285       -20.000000000000121       0.16461829280070200        0.0000000000000000       -2.6927378160453674E-008   4.5237995309606552E-006
  0.29731017258925041       -20.000000000000117       0.16461829280070200        0.0000000000000000       -2.6927378160404722E-008   4.5507269091210601E-006
  0.31514978294460544       -20.000000000000121       0.16461829280070200        0.0000000000000000       -2.6927378160257858E-008   4.5776542872813175E-006
  0.33405976992128178       -20.000000000000114       0.16461829280070203        0.0000000000000000       -2.6927378160062114E-008   4.6045816654413794E-006
  0.35410435611655872       -20.000000000000110       0.16461829280070206        0.0000000000000000       -2.6927378159572575E-008   4.6315090436009516E-006
  0.37535161748355228       -20.000000000000110       0.16461829280070206        0.0000000000000000       -2.6927378158617956E-008   4.6584364217595692E-006
  0.39787371453256543       -20.000000000000107       0.16461829280070212        0.0000000000000000       -2.6927378156806708E-008   4.6853637999163759E-006
  0.42174713740451936       -20.000000000000110       0.16461829280070206        0.0000000000000000       -2.6927378153110554E-008   4.7122911780694861E-006
  0.44705296564879055       -20.000000000000099       0.16461829280070214        0.0000000000000000       -2.6927378146110114E-008   4.7392185562155964E-006
  0.47387714358771799       -20.000000000000082       0.16461829280070228        0.0000000000000000       -2.6927378132549749E-008   4.7661459343481457E-006
  0.50231077220298104       -20.000000000000053       0.16461829280070253        0.0000000000000000       -2.6927378106016554E-008   4.7930733124541626E-006
  0.53245041853515995       -19.999999999999986       0.16461829280070300        0.0000000000000000       -2.6927378054100668E-008   4.8200006905082632E-006
  0.56439844364726954       -19.999999999999847       0.16461829280070406        0.0000000000000000       -2.6927377952006655E-008   4.8469280684602700E-006
  0.59826335026610578       -19.999999999999570       0.16461829280070620        0.0000000000000000       -2.6927377750633724E-008   4.8738554462109040E-006
  0.63416015128207215       -19.999999999998980       0.16461829280071069        0.0000000000000000       -2.6927377352514123E-008   4.9007828235634182E-006
  0.67221076035899652       -19.999999999997744       0.16461829280072013        0.0000000000000000       -2.6927376562884357E-008   4.9277102001263028E-006
  0.71254440598053637       -19.999999999995158       0.16461829280073986        0.0000000000000000       -2.6927374992290697E-008   4.9546375751185935E-006
  0.75529807033936858       -19.999999999989690       0.16461829280078161        0.0000000000000000       -2.6927371859990638E-008   4.9815649469785843E-006
  0.80061695455973070       -19.999999999978144       0.16461829280086970        0.0000000000000000       -2.6927365596448051E-008   5.0084923125750325E-006
  0.84865497183331462       -19.999999999953697       0.16461829280105628        0.0000000000000000       -2.6927353039290116E-008   5.0354196656143223E-006
  0.89957527014331351       -19.999999999901785       0.16461829280145246        0.0000000000000000       -2.6927327803051147E-008   5.0623469934173733E-006
  0.95355078635191237       -19.999999999791292       0.16461829280229565        0.0000000000000000       -2.6927276967624686E-008   5.0892742703849983E-006
   1.0107648335330273       -19.999999999555580       0.16461829280409446        0.0000000000000000       -2.6927174335853533E-008   5.1162014447208521E-006
   1.0714117235450089       -19.999999999051585       0.16461829280794066        0.0000000000000000       -2.6926966668368347E-008   5.1431284113892207E-006
   1.1356974269577096       -19.999999997971539       0.16461829281618293        0.0000000000000000       -2.6926545510905012E-008   5.1700549569001253E-006
   1.2038402725751722       -19.999999995651837       0.16461829283388552        0.0000000000000000       -2.6925689438322771E-008   5.1969806463384480E-006
   1.2760716889296826       -19.999999990658825       0.16461829287198926        0.0000000000000000       -2.6923945600630205E-008   5.2239045919390778E-006
   1.3526369902654636       -19.999999979890472       0.16461829295416697        0.0000000000000000       -2.6920386870234159E-008   5.2508249788093116E-006
   1.4337962096813914       -19.999999956627736       0.16461829313169449        0.0000000000000000       -2.6913113921922347E-008   5.2777380927312342E-006
   1.5198249822622749       -19.999999906303849       0.16461829351573676        0.0000000000000000       -2.6898232766996882E-008   5.3046363254982311E-006
   1.6110154811980115       -19.999999797312416       0.16461829434749514        0.0000000000000000       -2.6867753502900871E-008   5.3315040790011323E-006
   1.7076774100698924       -19.999999560985984       0.16461829615099927        0.0000000000000000       -2.6805250546070618E-008   5.3583093295472031E-006
   1.8101390546740861       -19.999999047948691       0.16461830006619788        0.0000000000000000       -2.6676911694944965E-008   5.3849862412421477E-006
   1.9187483979545312       -19.999997933055699       0.16461830857440557        0.0000000000000000       -2.6413138346739376E-008   5.4113993795888869E-006
   2.0338743018318031       -19.999995508749709       0.16461832707528684        0.0000000000000000       -2.5870835502439180E-008   5.4372702150913259E-006
   2.1559077599417114       -19.999990236176941       0.16461836731248591        0.0000000000000000       -2.4756050277371552E-008   5.4620262653686976E-006
   2.2852632255382139       -19.999978768907248       0.16461845482407594        0.0000000000000000       -2.2464665568077696E-008   5.4844909309367749E-006
   2.4223800190705069       -19.999953827485196       0.16461864516299743        0.0000000000000000       -1.7754199319956927E-008   5.5022451302567319E-006
   2.5677238202147374       -19.999899582486783       0.16461905913210290        0.0000000000000000       -8.0724599952676291E-009   5.5103175902519991E-006
   2.7217882494276218       -19.999781677167942       0.16461995893134188        0.0000000000000000        1.1801699261546258E-008   5.5221192895135451E-006
   2.8850965443932792       -19.999525737441132       0.16462191218479477        0.0000000000000000        5.2501368603400834E-008   5.5746206581169457E-006
   3.0582033370568760       -19.998971032628141       0.16462614570505096        0.0000000000000000        1.3561745549711768E-007   5.7102381136140638E-006
   3.2416965372802888       -19.997770564790450       0.16463530856318992        0.0000000000000000        3.0476589801738206E-007   6.0150040116314455E-006
   3.4361993295171063       -19.995177439679278       0.16465510522348881        0.0000000000000000        6.4672454606909945E-007   6.6617285577005448E-006
   3.6361993295171064       -19.989893903580604       0.16469545823216475        0.0000000000000000        1.2962338812448827E-006   7.9579624389454279E-006
   3.8361993295171066       -19.979879014593443       0.16477200950786497        0.0000000000000000        2.4372501203471436E-006   1.0395212559292571E-005
   4.0361993295171068       -19.961565167436088       0.16491220804808068        0.0000000000000000        4.3402042662017628E-006   1.4735416825494334E-005
   4.2361993295171070       -19.929101284528642       0.16516140549380390        0.0000000000000000        7.3299510493929402E-006   2.2065367874887274E-005
   4.4361993295171072       -19.873232252948799       0.16559229614646293        0.0000000000000000        1.1708017695079408E-005   3.3773385569966678E-005
   4.6361993295171073       -19.779967686814633       0.16631737032590388        0.0000000000000000        1.7647402521708560E-005   5.1420788091675238E-005
   4.8361993295171075       -19.629328996642329       0.16750392498459368        0.0000000000000000        2.5162856145085819E-005   7.6583644236761060E-005
   5.0361993295171077       -19.394966477110234       0.16938861353475962        0.0000000000000000        3.4235514072327438E-005   1.1081915830908851E-004
