 #              _____________________  _______________________             #
 #              ___  __ \__  __ \_  / / /_  /___  ____/_  ___/             #
 #              __  / / /_  /_/ /  / / /_  __/_  __/  _____ \              #
 #              _  /_/ /_  _, _// /_/ / / /_ _  /___  ____/ /              #
 #              /_____/ /_/ |_| \____/  \__/ /_____/  /____/               #
 #                                                                         #
  
 #        time                      h  [L]                   theta [-]evaporati       Darcian flow [L.T^{-1}]   in    x              directions   cumulative flux
 #-----------------------------------------------------------------------------------------------

   0.0000000000000000       -20.000000000000000       0.16461829280070292        0.0000000000000000       -2.6927378160528074E-008   2.6927378160528074E-008
   9.9999999999999995E-007  -19.999999999999996       0.16461829280070295        0.0000000000000000       -2.6927378160528150E-008   5.3854756321056222E-008
   2.0599999999999998E-006  -19.999999999999996       0.16461829280070295        0.0000000000000000       -2.6927378160528150E-008   8.0782134481584365E-008
   3.1835999999999999E-006  -20.000000000000000       0.16461829280070292        0.0000000000000000       -2.6927378160528074E-008   1.0770951264211244E-007
   4.3746160000000000E-006  -20.000000000000000       0.16461829280070292        0.0000000000000000       -2.6927378160552552E-008   1.3463689080266501E-007
   5.6370929600000005E-006  -20.000000000000000       0.16461829280070292        0.0000000000000000       -2.6927378160601508E-008   1.6156426896326651E-007
   6.9753185376000006E-006  -20.000000000000000       0.16461829280070292        0.0000000000000000       -2.6927378160601508E-008   1.8849164712386802E-007
   8.3938376498560019E-006  -20.000000000000000       0.16461829280070292        0.0000000000000000       -2.6927378160601508E-008   2.1541902528446952E-007
   9.8974679088473630E-006  -19.999999999999996       0.16461829280070295        0.0000000000000000       -2.6927378160626059E-008   2.4234640344509556E-007
   1.1491315983378205E-005  -20.000000000000000       0.16461829280070292        0.0000000000000000       -2.6927378160625983E-008   2.6927378160572155E-007
   1.3180794942380898E-005  -19.999999999999996       0.16461829280070295        0.0000000000000000       -2.6927378160626059E-008   2.9620115976634759E-007
   1.4971642638923753E-005  -19.999999999999996       0.16461829280070295        0.0000000000000000       -2.6927378160626059E-008   3.2312853792697364E-007
   1.6869941197259179E-005  -19.999999999999996       0.16461829280070295        0.0000000000000000       -2.6927378160650537E-008   3.5005591608762419E-007
   1.8882137669094732E-005  -20.000000000000000       0.16461829280070292        0.0000000000000000       -2.6927378160650461E-008   3.7698329424827464E-007
   2.1015065929240418E-005  -20.000000000000000       0.16461829280070292        0.0000000000000000       -2.6927378160674939E-008   4.0391067240894960E-007
   2.3275969884994844E-005  -19.999999999999996       0.16461829280070295        0.0000000000000000       -2.6927378160699489E-008   4.3083805056964907E-007
   2.5672528078094535E-005  -20.000000000000000       0.16461829280070292        0.0000000000000000       -2.6927378160674939E-008   4.5776542873032402E-007
   2.8212879762780208E-005  -20.000000000000000       0.16461829280070292        0.0000000000000000       -2.6927378160699413E-008   4.8469280689102344E-007
   3.0905652548547020E-005  -20.000000000000000       0.16461829280070292        0.0000000000000000       -2.6927378160723894E-008   5.1162018505174731E-007
   3.3759991701459843E-005  -20.000000000000000       0.16461829280070292        0.0000000000000000       -2.6927378160723894E-008   5.3854756321247119E-007
   3.6785591203547436E-005  -20.000000000000004       0.16461829280070289        0.0000000000000000       -2.6927378160723825E-008   5.6547494137319506E-007
   3.9992726675760282E-005  -20.000000000000004       0.16461829280070289        0.0000000000000000       -2.6927378160748300E-008   5.9240231953394340E-007
   4.3392290276305902E-005  -20.000000000000007       0.16461829280070284        0.0000000000000000       -2.6927378160748220E-008   6.1932969769469162E-007
   4.6995827692884256E-005  -20.000000000000007       0.16461829280070284        0.0000000000000000       -2.6927378160772698E-008   6.4625707585546431E-007
   5.0815577354457314E-005  -20.000000000000011       0.16461829280070281        0.0000000000000000       -2.6927378160748290E-008   6.7318445401621264E-007
   5.4864511995724756E-005  -20.000000000000014       0.16461829280070281        0.0000000000000000       -2.6927378160748290E-008   7.0011183217696097E-007
   5.9156382715468245E-005  -20.000000000000011       0.16461829280070281        0.0000000000000000       -2.6927378160772768E-008   7.2703921033773376E-007
   6.3705765678396338E-005  -20.000000000000011       0.16461829280070281        0.0000000000000000       -2.6927378160772768E-008   7.5396658849850656E-007
   6.8528111619100117E-005  -20.000000000000018       0.16461829280070278        0.0000000000000000       -2.6927378160748286E-008   7.8089396665925489E-007
   7.3639798316246135E-005  -20.000000000000014       0.16461829280070281        0.0000000000000000       -2.6927378160748290E-008   8.0782134482000322E-007
   7.9058186215220911E-005  -20.000000000000018       0.16461829280070278        0.0000000000000000       -2.6927378160748286E-008   8.3474872298075155E-007
   8.4801677388134168E-005  -20.000000000000014       0.16461829280070281        0.0000000000000000       -2.6927378160748290E-008   8.6167610114149989E-007
   9.0889778031422224E-005  -20.000000000000011       0.16461829280070281        0.0000000000000000       -2.6927378160748290E-008   8.8860347930224822E-007
   9.7343164713307561E-005  -20.000000000000011       0.16461829280070281        0.0000000000000000       -2.6927378160772768E-008   9.1553085746302101E-007
   1.0418375459610602E-004  -20.000000000000011       0.16461829280070281        0.0000000000000000       -2.6927378160772768E-008   9.4245823562379380E-007
   1.1143477987187239E-004  -20.000000000000011       0.16461829280070281        0.0000000000000000       -2.6927378160772768E-008   9.6938561378456659E-007
   1.1912086666418474E-004  -20.000000000000007       0.16461829280070284        0.0000000000000000       -2.6927378160772698E-008   9.9631299194533928E-007
   1.2726811866403583E-004  -20.000000000000004       0.16461829280070289        0.0000000000000000       -2.6927378160821733E-008   1.0232403701061611E-006
   1.3590420578387798E-004  -20.000000000000000       0.16461829280070292        0.0000000000000000       -2.6927378160846281E-008   1.0501677482670075E-006
   1.4505845813091067E-004  -20.000000000000000       0.16461829280070292        0.0000000000000000       -2.6927378160821803E-008   1.0770951264278293E-006
   1.5476196561876532E-004  -20.000000000000000       0.16461829280070292        0.0000000000000000       -2.6927378160821803E-008   1.1040225045886511E-006
   1.6504768355589123E-004  -20.000000000000004       0.16461829280070289        0.0000000000000000       -2.6927378160797255E-008   1.1309498827494483E-006
   1.7595054456924473E-004  -20.000000000000004       0.16461829280070289        0.0000000000000000       -2.6927378160821733E-008   1.1578772609102702E-006
   1.8750757724339941E-004  -20.000000000000004       0.16461829280070289        0.0000000000000000       -2.6927378160821733E-008   1.1848046390710920E-006
   1.9975803187800338E-004  -20.000000000000004       0.16461829280070289        0.0000000000000000       -2.6927378160797255E-008   1.2117320172318892E-006
   2.1274351379068360E-004  -20.000000000000004       0.16461829280070289        0.0000000000000000       -2.6927378160772778E-008   1.2386593953926619E-006
   2.2650812461812462E-004  -20.000000000000004       0.16461829280070289        0.0000000000000000       -2.6927378160772778E-008   1.2655867735534346E-006
   2.4109861209521211E-004  -20.000000000000011       0.16461829280070281        0.0000000000000000       -2.6927378160748290E-008   1.2925141517141829E-006
   2.5656452882092485E-004  -20.000000000000018       0.16461829280070278        0.0000000000000000       -2.6927378160748286E-008   1.3194415298749313E-006
   2.7295840055018038E-004  -20.000000000000014       0.16461829280070281        0.0000000000000000       -2.6927378160772768E-008   1.3463689080357039E-006
   2.9033590458319119E-004  -20.000000000000011       0.16461829280070281        0.0000000000000000       -2.6927378160797246E-008   1.3732962861965012E-006
   3.0875605885818269E-004  -20.000000000000011       0.16461829280070281        0.0000000000000000       -2.6927378160821723E-008   1.4002236643573230E-006
   3.2828142238967368E-004  -20.000000000000014       0.16461829280070281        0.0000000000000000       -2.6927378160821723E-008   1.4271510425181448E-006
   3.4897830773305411E-004  -20.000000000000018       0.16461829280070278        0.0000000000000000       -2.6927378160821720E-008   1.4540784206789666E-006
   3.7091700619703736E-004  -20.000000000000018       0.16461829280070278        0.0000000000000000       -2.6927378160846198E-008   1.4810057988398128E-006
   3.9417202656885961E-004  -20.000000000000021       0.16461829280070275        0.0000000000000000       -2.6927378160821644E-008   1.5079331770006344E-006
   4.1882234816299123E-004  -20.000000000000021       0.16461829280070275        0.0000000000000000       -2.6927378160846122E-008   1.5348605551614806E-006
   4.4495168905277075E-004  -20.000000000000018       0.16461829280070278        0.0000000000000000       -2.6927378160846198E-008   1.5617879333223267E-006
   4.7264879039593701E-004  -20.000000000000021       0.16461829280070275        0.0000000000000000       -2.6927378160821644E-008   1.5887153114831483E-006
   5.0200771781969329E-004  -20.000000000000025       0.16461829280070273        0.0000000000000000       -2.6927378160797090E-008   1.6156426896439454E-006
   5.3312818088887485E-004  -20.000000000000025       0.16461829280070273        0.0000000000000000       -2.6927378160797090E-008   1.6425700678047424E-006
   5.6611587174220735E-004  -20.000000000000028       0.16461829280070267        0.0000000000000000       -2.6927378160797083E-008   1.6694974459655394E-006
   6.0108282404673977E-004  -20.000000000000025       0.16461829280070273        0.0000000000000000       -2.6927378160846046E-008   1.6964248241263854E-006
   6.3814779348954419E-004  -20.000000000000025       0.16461829280070273        0.0000000000000000       -2.6927378160870524E-008   1.7233522022872559E-006
   6.7743666109891683E-004  -20.000000000000021       0.16461829280070275        0.0000000000000000       -2.6927378160870600E-008   1.7502795804481264E-006
   7.1908286076485188E-004  -20.000000000000018       0.16461829280070278        0.0000000000000000       -2.6927378160895151E-008   1.7772069586090215E-006
   7.6322783241074298E-004  -20.000000000000018       0.16461829280070278        0.0000000000000000       -2.6927378160919629E-008   1.8041343367699411E-006
   8.1002150235538761E-004  -20.000000000000014       0.16461829280070281        0.0000000000000000       -2.6927378160919632E-008   1.8310617149308608E-006
   8.5962279249671093E-004  -20.000000000000014       0.16461829280070281        0.0000000000000000       -2.6927378160944110E-008   1.8579890930918050E-006
   9.1220016004651364E-004  -20.000000000000014       0.16461829280070281        0.0000000000000000       -2.6927378160944110E-008   1.8849164712527492E-006
   9.6793216964930449E-004  -20.000000000000014       0.16461829280070281        0.0000000000000000       -2.6927378160944110E-008   1.9118438494136932E-006
   1.0270080998282629E-003  -20.000000000000014       0.16461829280070281        0.0000000000000000       -2.6927378160944110E-008   1.9387712275746372E-006
   1.0896285858179586E-003  -20.000000000000014       0.16461829280070281        0.0000000000000000       -2.6927378160993066E-008   1.9656986057356303E-006
   1.1560063009670362E-003  -20.000000000000014       0.16461829280070281        0.0000000000000000       -2.6927378161017540E-008   1.9926259838966480E-006
   1.2263666790250584E-003  -20.000000000000011       0.16461829280070281        0.0000000000000000       -2.6927378161017540E-008   2.0195533620576657E-006
   1.3009486797665620E-003  -20.000000000000011       0.16461829280070281        0.0000000000000000       -2.6927378161042018E-008   2.0464807402187075E-006
   1.3800056005525557E-003  -20.000000000000011       0.16461829280070281        0.0000000000000000       -2.6927378161042018E-008   2.0734081183797494E-006
   1.4638059365857090E-003  -20.000000000000014       0.16461829280070281        0.0000000000000000       -2.6927378161042018E-008   2.1003354965407912E-006
   1.5526342927808516E-003  -20.000000000000011       0.16461829280070281        0.0000000000000000       -2.6927378161066496E-008   2.1272628747018576E-006
   1.6467923503477029E-003  -20.000000000000011       0.16461829280070281        0.0000000000000000       -2.6927378161090974E-008   2.1541902528629485E-006
   1.7465998913685651E-003  -20.000000000000011       0.16461829280070281        0.0000000000000000       -2.6927378161090974E-008   2.1811176310240395E-006
   1.8523958848506790E-003  -20.000000000000011       0.16461829280070281        0.0000000000000000       -2.6927378161090974E-008   2.2080450091851305E-006
   1.9645396379417198E-003  -20.000000000000007       0.16461829280070284        0.0000000000000000       -2.6927378161090905E-008   2.2349723873462214E-006
   2.0834120162182231E-003  -20.000000000000007       0.16461829280070284        0.0000000000000000       -2.6927378161090905E-008   2.2618997655073124E-006
   2.2094167371913167E-003  -20.000000000000007       0.16461829280070284        0.0000000000000000       -2.6927378161090905E-008   2.2888271436684033E-006
   2.3429817414227960E-003  -20.000000000000007       0.16461829280070284        0.0000000000000000       -2.6927378161090905E-008   2.3157545218294943E-006
   2.4845606459081640E-003  -20.000000000000007       0.16461829280070284        0.0000000000000000       -2.6927378161090905E-008   2.3426818999905852E-006
   2.6346342846626540E-003  -20.000000000000007       0.16461829280070284        0.0000000000000000       -2.6927378161090905E-008   2.3696092781516762E-006
   2.7937123417424133E-003  -20.000000000000004       0.16461829280070289        0.0000000000000000       -2.6927378161139937E-008   2.3965366563128163E-006
   2.9623350822469583E-003  -20.000000000000004       0.16461829280070289        0.0000000000000000       -2.6927378161139937E-008   2.4234640344739564E-006
   3.1410751871817758E-003  -20.000000000000011       0.16461829280070281        0.0000000000000000       -2.6927378161090974E-008   2.4503914126350473E-006
   3.3305396984126827E-003  -20.000000000000007       0.16461829280070284        0.0000000000000000       -2.6927378161090905E-008   2.4773187907961383E-006
   3.5313720803174437E-003  -20.000000000000004       0.16461829280070289        0.0000000000000000       -2.6927378161090984E-008   2.5042461689572293E-006
   3.7442544051364906E-003  -20.000000000000011       0.16461829280070281        0.0000000000000000       -2.6927378161066496E-008   2.5311735471182956E-006
   3.9699096694446800E-003  -20.000000000000014       0.16461829280070281        0.0000000000000000       -2.6927378161090974E-008   2.5581009252793866E-006
   4.2091042496113611E-003  -20.000000000000014       0.16461829280070281        0.0000000000000000       -2.6927378161090974E-008   2.5850283034404776E-006
   4.4626505045880427E-003  -20.000000000000018       0.16461829280070278        0.0000000000000000       -2.6927378161090971E-008   2.6119556816015685E-006
   4.7314095348633253E-003  -20.000000000000018       0.16461829280070278        0.0000000000000000       -2.6927378161090971E-008   2.6388830597626595E-006
   5.0162941069551254E-003  -20.000000000000018       0.16461829280070278        0.0000000000000000       -2.6927378161090971E-008   2.6658104379237504E-006
   5.3182717533724333E-003  -20.000000000000025       0.16461829280070273        0.0000000000000000       -2.6927378161066341E-008   2.6927378160848168E-006
   5.6383680585747799E-003  -20.000000000000025       0.16461829280070273        0.0000000000000000       -2.6927378161041863E-008   2.7196651942458587E-006
   5.9776701420892675E-003  -20.000000000000028       0.16461829280070267        0.0000000000000000       -2.6927378161017378E-008   2.7465925724068759E-006
   6.3373303506146237E-003  -20.000000000000025       0.16461829280070273        0.0000000000000000       -2.6927378160992910E-008   2.7735199505678686E-006
   6.7185701716515013E-003  -20.000000000000021       0.16461829280070275        0.0000000000000000       -2.6927378160992986E-008   2.8004473287288617E-006
   7.1226843819505916E-003  -20.000000000000014       0.16461829280070281        0.0000000000000000       -2.6927378161017540E-008   2.8273747068898794E-006
   7.5510454448676273E-003  -20.000000000000014       0.16461829280070281        0.0000000000000000       -2.6927378160993066E-008   2.8543020850508726E-006
   8.0051081715596852E-003  -20.000000000000007       0.16461829280070284        0.0000000000000000       -2.6927378161041949E-008   2.8812294632119144E-006
   8.4864146618532661E-003  -20.000000000000004       0.16461829280070289        0.0000000000000000       -2.6927378161066506E-008   2.9081568413729808E-006
   8.9965995415644626E-003  -20.000000000000004       0.16461829280070289        0.0000000000000000       -2.6927378161066506E-008   2.9350842195340472E-006
   9.5373955140583312E-003  -20.000000000000004       0.16461829280070289        0.0000000000000000       -2.6927378161066506E-008   2.9620115976951136E-006
   1.0110639244901831E-002  -20.000000000000004       0.16461829280070289        0.0000000000000000       -2.6927378161066506E-008   2.9889389758561800E-006
   1.0718277599595941E-002  -20.000000000000011       0.16461829280070281        0.0000000000000000       -2.6927378161042018E-008   3.0158663540172218E-006
   1.1362374255571697E-002  -20.000000000000018       0.16461829280070278        0.0000000000000000       -2.6927378161042015E-008   3.0427937321782636E-006
   1.2045116710905999E-002  -20.000000000000018       0.16461829280070278        0.0000000000000000       -2.6927378161017537E-008   3.0697211103392813E-006
   1.2768823713560359E-002  -20.000000000000018       0.16461829280070278        0.0000000000000000       -2.6927378161017537E-008   3.0966484885002990E-006
   1.3535953136373981E-002  -20.000000000000021       0.16461829280070275        0.0000000000000000       -2.6927378160992986E-008   3.1235758666612921E-006
   1.4349110324556422E-002  -20.000000000000021       0.16461829280070275        0.0000000000000000       -2.6927378160992986E-008   3.1505032448222853E-006
   1.5211056944029808E-002  -20.000000000000021       0.16461829280070275        0.0000000000000000       -2.6927378160992986E-008   3.1774306229832784E-006
   1.6124720360671599E-002  -20.000000000000021       0.16461829280070275        0.0000000000000000       -2.6927378160968508E-008   3.2043580011442469E-006
   1.7093203582311894E-002  -20.000000000000028       0.16461829280070267        0.0000000000000000       -2.6927378160943948E-008   3.2312853793051909E-006
   1.8119795797250610E-002  -20.000000000000036       0.16461829280070267        0.0000000000000000       -2.6927378160943802E-008   3.2582127574661349E-006
   1.9207983545085648E-002  -20.000000000000036       0.16461829280070267        0.0000000000000000       -2.6927378160943802E-008   3.2851401356270789E-006
   2.0361462557790790E-002  -20.000000000000039       0.16461829280070261        0.0000000000000000       -2.6927378160919390E-008   3.3120675137879984E-006
   2.1584150311258238E-002  -20.000000000000039       0.16461829280070261        0.0000000000000000       -2.6927378160919390E-008   3.3389948919489178E-006
   2.2880199329933733E-002  -20.000000000000036       0.16461829280070267        0.0000000000000000       -2.6927378160919324E-008   3.3659222701098372E-006
   2.4254011289729760E-002  -20.000000000000039       0.16461829280070261        0.0000000000000000       -2.6927378160894912E-008   3.3928496482707321E-006
   2.5710251967113545E-002  -20.000000000000050       0.16461829280070256        0.0000000000000000       -2.6927378160870431E-008   3.4197770264316024E-006
   2.7253867085140361E-002  -20.000000000000050       0.16461829280070256        0.0000000000000000       -2.6927378160894906E-008   3.4467044045924973E-006
   2.8890099110248785E-002  -20.000000000000053       0.16461829280070253        0.0000000000000000       -2.6927378160894757E-008   3.4736317827533921E-006
   3.0624505056863711E-002  -20.000000000000046       0.16461829280070256        0.0000000000000000       -2.6927378160894906E-008   3.5005591609142870E-006
   3.2462975360275537E-002  -20.000000000000043       0.16461829280070259        0.0000000000000000       -2.6927378160919387E-008   3.5274865390752064E-006
   3.4411753881892070E-002  -20.000000000000039       0.16461829280070261        0.0000000000000000       -2.6927378160919390E-008   3.5544139172361259E-006
   3.6477459114805592E-002  -20.000000000000043       0.16461829280070259        0.0000000000000000       -2.6927378160894909E-008   3.5813412953970208E-006
   3.8667106661693929E-002  -20.000000000000046       0.16461829280070256        0.0000000000000000       -2.6927378160894906E-008   3.6082686735579156E-006
   4.0988133061395565E-002  -20.000000000000050       0.16461829280070256        0.0000000000000000       -2.6927378160919384E-008   3.6351960517188351E-006
   4.3448421045079302E-002  -20.000000000000050       0.16461829280070256        0.0000000000000000       -2.6927378160919384E-008   3.6621234298797545E-006
   4.6056326307784064E-002  -20.000000000000050       0.16461829280070256        0.0000000000000000       -2.6927378160943862E-008   3.6890508080406985E-006
   4.8820705886251106E-002  -20.000000000000050       0.16461829280070256        0.0000000000000000       -2.6927378160919384E-008   3.7159781862016179E-006
   5.1750948239426178E-002  -20.000000000000050       0.16461829280070256        0.0000000000000000       -2.6927378160919384E-008   3.7429055643625374E-006
   5.4857005133791749E-002  -20.000000000000050       0.16461829280070256        0.0000000000000000       -2.6927378160894906E-008   3.7698329425234322E-006
   5.8149425441819259E-002  -20.000000000000053       0.16461829280070253        0.0000000000000000       -2.6927378160870282E-008   3.7967603206843025E-006
   6.1639390968328420E-002  -20.000000000000053       0.16461829280070253        0.0000000000000000       -2.6927378160894757E-008   3.8236876988451970E-006
   6.5338754426428128E-002  -20.000000000000057       0.16461829280070250        0.0000000000000000       -2.6927378160894754E-008   3.8506150770060914E-006
   6.9260079692013823E-002  -20.000000000000057       0.16461829280070250        0.0000000000000000       -2.6927378160894754E-008   3.8775424551669859E-006
   7.3416684473534652E-002  -20.000000000000057       0.16461829280070250        0.0000000000000000       -2.6927378160894754E-008   3.9044698333278803E-006
   7.7822685541946740E-002  -20.000000000000057       0.16461829280070250        0.0000000000000000       -2.6927378160894754E-008   3.9313972114887748E-006
   8.2493046674463541E-002  -20.000000000000057       0.16461829280070250        0.0000000000000000       -2.6927378160894754E-008   3.9583245896496692E-006
   8.7443629474931353E-002  -20.000000000000057       0.16461829280070250        0.0000000000000000       -2.6927378160919232E-008   3.9852519678105882E-006
   9.2691247243427241E-002  -20.000000000000057       0.16461829280070250        0.0000000000000000       -2.6927378160943709E-008   4.0121793459715318E-006
   9.8253722078032873E-002  -20.000000000000060       0.16461829280070245        0.0000000000000000       -2.6927378160943703E-008   4.0391067241324754E-006
  0.10414994540271486       -20.000000000000060       0.16461829280070245        0.0000000000000000       -2.6927378160919225E-008   4.0660341022933944E-006
  0.11039994212687775       -20.000000000000060       0.16461829280070245        0.0000000000000000       -2.6927378160919225E-008   4.0929614804543134E-006
  0.11702493865449042       -20.000000000000064       0.16461829280070242        0.0000000000000000       -2.6927378160919225E-008   4.1198888586152324E-006
  0.12404743497375985       -20.000000000000068       0.16461829280070242        0.0000000000000000       -2.6927378160919225E-008   4.1468162367761514E-006
  0.13149128107218544       -20.000000000000071       0.16461829280070239        0.0000000000000000       -2.6927378160919149E-008   4.1737436149370704E-006
  0.13938175793651658       -20.000000000000068       0.16461829280070242        0.0000000000000000       -2.6927378160943703E-008   4.2006709930980140E-006
  0.14774566341270759       -20.000000000000068       0.16461829280070242        0.0000000000000000       -2.6927378160919225E-008   4.2275983712589330E-006
  0.15661140321747005       -20.000000000000068       0.16461829280070242        0.0000000000000000       -2.6927378160919225E-008   4.2545257494198520E-006
  0.16600908741051826       -20.000000000000064       0.16461829280070242        0.0000000000000000       -2.6927378160894747E-008   4.2814531275807464E-006
  0.17597063265514937       -20.000000000000071       0.16461829280070239        0.0000000000000000       -2.6927378160870196E-008   4.3083805057416163E-006
  0.18652987061445833       -20.000000000000075       0.16461829280070234        0.0000000000000000       -2.6927378160821237E-008   4.3353078839024379E-006
  0.19772266285132584       -20.000000000000075       0.16461829280070234        0.0000000000000000       -2.6927378160845715E-008   4.3622352620632833E-006
  0.20958702262240539       -20.000000000000075       0.16461829280070234        0.0000000000000000       -2.6927378160845715E-008   4.3891626402241286E-006
  0.22216324397974974       -20.000000000000075       0.16461829280070234        0.0000000000000000       -2.6927378160870193E-008   4.4160900183849985E-006
  0.23549403861853474       -20.000000000000075       0.16461829280070234        0.0000000000000000       -2.6927378160870193E-008   4.4430173965458683E-006
  0.24962468093564683       -20.000000000000075       0.16461829280070234        0.0000000000000000       -2.6927378160870193E-008   4.4699447747067382E-006
  0.26460316179178567       -20.000000000000078       0.16461829280070231        0.0000000000000000       -2.6927378160870190E-008   4.4968721528676081E-006
  0.28048035149929285       -20.000000000000078       0.16461829280070231        0.0000000000000000       -2.6927378160870190E-008   4.5237995310284780E-006
  0.29731017258925041       -20.000000000000078       0.16461829280070231        0.0000000000000000       -2.6927378160845712E-008   4.5507269091893233E-006
  0.31514978294460544       -20.000000000000082       0.16461829280070228        0.0000000000000000       -2.6927378160845560E-008   4.5776542873501686E-006
  0.33405976992128178       -20.000000000000078       0.16461829280070231        0.0000000000000000       -2.6927378160845712E-008   4.6045816655110139E-006
  0.35410435611655872       -20.000000000000078       0.16461829280070231        0.0000000000000000       -2.6927378160845712E-008   4.6315090436718592E-006
  0.37535161748355228       -20.000000000000078       0.16461829280070231        0.0000000000000000       -2.6927378160821234E-008   4.6584364218326809E-006
  0.39787371453256543       -20.000000000000075       0.16461829280070234        0.0000000000000000       -2.6927378160845715E-008   4.6853637999935262E-006
  0.42174713740451936       -20.000000000000078       0.16461829280070231        0.0000000000000000       -2.6927378160821234E-008   4.7122911781543478E-006
  0.44705296564879055       -20.000000000000078       0.16461829280070231        0.0000000000000000       -2.6927378160796756E-008   4.7392185563151448E-006
  0.47387714358771799       -20.000000000000075       0.16461829280070234        0.0000000000000000       -2.6927378160796759E-008   4.7661459344759418E-006
  0.50231077220298104       -20.000000000000071       0.16461829280070239        0.0000000000000000       -2.6927378160845718E-008   4.7930733126367872E-006
  0.53245041853515995       -20.000000000000071       0.16461829280070239        0.0000000000000000       -2.6927378160845718E-008   4.8200006907976325E-006
  0.56439844364726954       -20.000000000000071       0.16461829280070239        0.0000000000000000       -2.6927378160870196E-008   4.8469280689585024E-006
  0.59826335026610578       -20.000000000000078       0.16461829280070231        0.0000000000000000       -2.6927378160845712E-008   4.8738554471193477E-006
  0.63416015128207215       -20.000000000000078       0.16461829280070231        0.0000000000000000       -2.6927378160796756E-008   4.9007828252801447E-006
  0.67221076035899652       -20.000000000000082       0.16461829280070228        0.0000000000000000       -2.6927378160747648E-008   4.9277102034408926E-006
  0.71254440598053637       -20.000000000000082       0.16461829280070228        0.0000000000000000       -2.6927378160772126E-008   4.9546375816016651E-006
  0.75529807033936858       -20.000000000000082       0.16461829280070228        0.0000000000000000       -2.6927378160821082E-008   4.9815649597624859E-006
  0.80061695455973070       -20.000000000000082       0.16461829280070228        0.0000000000000000       -2.6927378160821082E-008   5.0084923379233066E-006
  0.84865497183331462       -20.000000000000082       0.16461829280070228        0.0000000000000000       -2.6927378160821082E-008   5.0354197160841274E-006
  0.89957527014331351       -20.000000000000078       0.16461829280070231        0.0000000000000000       -2.6927378160845712E-008   5.0623470942449727E-006
  0.95355078635191237       -20.000000000000085       0.16461829280070228        0.0000000000000000       -2.6927378160821082E-008   5.0892744724057934E-006
   1.0107648335330273       -20.000000000000085       0.16461829280070228        0.0000000000000000       -2.6927378160821082E-008   5.1162018505666142E-006
   1.0714117235450089       -20.000000000000089       0.16461829280070223        0.0000000000000000       -2.6927378160821082E-008   5.1431292287274349E-006
   1.1356974269577096       -20.000000000000085       0.16461829280070228        0.0000000000000000       -2.6927378160870037E-008   5.1700566068883048E-006
   1.2038402725751722       -20.000000000000085       0.16461829280070228        0.0000000000000000       -2.6927378160870037E-008   5.1969839850491747E-006
   1.2760716889296826       -20.000000000000089       0.16461829280070223        0.0000000000000000       -2.6927378160870037E-008   5.2239113632100446E-006
   1.3526369902654636       -20.000000000000089       0.16461829280070223        0.0000000000000000       -2.6927378160870037E-008   5.2508387413709145E-006
   1.4337962096813914       -20.000000000000092       0.16461829280070223        0.0000000000000000       -2.6927378160845556E-008   5.2777661195317598E-006
   1.5198249822622749       -20.000000000000092       0.16461829280070223        0.0000000000000000       -2.6927378160845556E-008   5.3046934976926051E-006
   1.6110154811980115       -20.000000000000099       0.16461829280070214        0.0000000000000000       -2.6927378160796521E-008   5.3316208758534013E-006
   1.7076774100698924       -20.000000000000103       0.16461829280070214        0.0000000000000000       -2.6927378160772043E-008   5.3585482540141729E-006
   1.8101390546740861       -20.000000000000103       0.16461829280070214        0.0000000000000000       -2.6927378160796521E-008   5.3854756321749691E-006
   1.9187483979545312       -20.000000000000103       0.16461829280070214        0.0000000000000000       -2.6927378160796521E-008   5.4124030103357653E-006
   2.0338743018318031       -20.000000000000114       0.16461829280070203        0.0000000000000000       -2.6927378160723004E-008   5.4393303884964886E-006
   2.1559077599417114       -20.000000000000117       0.16461829280070200        0.0000000000000000       -2.6927378160673972E-008   5.4662577666571629E-006
   2.2852632255382139       -20.000000000000121       0.16461829280070200        0.0000000000000000       -2.6927378160649495E-008   5.4931851448178125E-006
   2.4223800190705069       -20.000000000000124       0.16461829280070198        0.0000000000000000       -2.6927378160649491E-008   5.5201125229784622E-006
   2.5677238202147374       -20.000000000000128       0.16461829280070195        0.0000000000000000       -2.6927378160649485E-008   5.5470399011391118E-006
   2.7217882494276218       -20.000000000000131       0.16461829280070189        0.0000000000000000       -2.6927378160625003E-008   5.5739672792997369E-006
   2.8850965443932792       -20.000000000000135       0.16461829280070184        0.0000000000000000       -2.6927378160575975E-008   5.6008946574603129E-006
   3.0582033370568760       -20.000000000000131       0.16461829280070189        0.0000000000000000       -2.6927378160576048E-008   5.6278220356208888E-006
   3.2416965372802888       -20.000000000000135       0.16461829280070184        0.0000000000000000       -2.6927378160527022E-008   5.6547494137814157E-006
   3.4361993295171063       -20.000000000000131       0.16461829280070189        0.0000000000000000       -2.6927378160551573E-008   5.6816767919419671E-006
   3.6361993295171064       -20.000000000000139       0.16461829280070184        0.0000000000000000       -2.6927378160502544E-008   5.7086041701024693E-006
   3.8361993295171066       -20.000000000000142       0.16461829280070184        0.0000000000000000       -2.6927378160429038E-008   5.7355315482628988E-006
   4.0361993295171068       -20.000000000000146       0.16461829280070178        0.0000000000000000       -2.6927378160257762E-008   5.7624589264231562E-006
   4.2361993295171070       -20.000000000000146       0.16461829280070178        0.0000000000000000       -2.6927378159964033E-008   5.7893863045831206E-006
   4.4361993295171072       -20.000000000000146       0.16461829280070178        0.0000000000000000       -2.6927378159156281E-008   5.8163136827422770E-006
   4.6361993295171073       -20.000000000000135       0.16461829280070184        0.0000000000000000       -2.6927378157442876E-008   5.8432410608997198E-006
   4.8361993295171075       -20.000000000000114       0.16461829280070203        0.0000000000000000       -2.6927378153771438E-008   5.8701684390534915E-006
   5.0361993295171077       -20.000000000000057       0.16461829280070250        0.0000000000000000       -2.6927378146232828E-008   5.8970958171997247E-006
