 #              _____________________  _______________________             #
 #              ___  __ \__  __ \_  / / /_  /___  ____/_  ___/             #
 #              __  / / /_  /_/ /  / / /_  __/_  __/  _____ \              #
 #              _  /_/ /_  _, _// /_/ / / /_ _  /___  ____/ /              #
 #              /_____/ /_/ |_| \____/  \__/ /_____/  /____/               #
 #                                                                         #
  
 #        time                      T            heat flux [W.L-2]   in    x              directions   cumulative flux
 #-----------------------------------------------------------------------------------------------

   0.0000000000000000        2.0000000000000000      -0.22553700205887736       0.22553700205887736     
   9.9999999999999995E-007   1.9999999999999989      -0.22553700205896990       0.45107400411784726     
   2.0599999999999998E-006   1.9999999999999980      -0.22553700205910782       0.67661100617695502     
   3.1835999999999999E-006   1.9999999999999978      -0.22553700205906116       0.90214800823601615     
   4.3746160000000000E-006   1.9999999999999982      -0.22553700205931135        1.1276850102953275     
   5.6370929600000005E-006   1.9999999999999976      -0.22553700205990346        1.3532220123552310     
   6.9753185376000006E-006   1.9999999999999976      -0.22553700205994948        1.5787590144151804     
   8.3938376498560019E-006   1.9999999999999978      -0.22553700205990351        1.8042960164750839     
   9.8974679088473630E-006   1.9999999999999982      -0.22553700205997024        2.0298330185350539     
   1.1491315983378205E-005   1.9999999999999987      -0.22553700206006164        2.2553700205951155     
   1.3180794942380898E-005   1.9999999999999989      -0.22553700206010829        2.4809070226552237     
   1.4971642638923753E-005   1.9999999999999987      -0.22553700206024632        2.7064440247154700     
   1.6869941197259179E-005   1.9999999999999984      -0.22553700206049640        2.9319810267759663     
   1.8882137669094732E-005   1.9999999999999984      -0.22553700206049576        3.1575180288364622     
   2.1015065929240418E-005   1.9999999999999987      -0.22553700206065389        3.3830550308971161     
   2.3275969884994844E-005   1.9999999999999982      -0.22553700206095056        3.6085920329580667     
   2.5672528078094535E-005   1.9999999999999978      -0.22553700206074584        3.8341290350188126     
   2.8212879762780208E-005   1.9999999999999978      -0.22553700206094990        4.0596660370797624     
   3.0905652548547020E-005   1.9999999999999984      -0.22553700206101604        4.2852030391407787     
   3.3759991701459843E-005   1.9999999999999989      -0.22553700206092406        4.5107400412017027     
   3.6785591203547436E-005   1.9999999999999984      -0.22553700206092342        4.7362770432626258     
   3.9992726675760282E-005   1.9999999999999991      -0.22553700206108154        4.9618140453237070     
   4.3392290276305902E-005   1.9999999999999996      -0.22553700206098892        5.1873510473846958     
   4.6995827692884256E-005   2.0000000000000004      -0.22553700206100907        5.4128880494457050     
   5.0815577354457314E-005   2.0000000000000004      -0.22553700206080554        5.6384250515065109     
   5.4864511995724756E-005   2.0000000000000004      -0.22553700206071350        5.8639620535672243     
   5.9156382715468245E-005   2.0000000000000004      -0.22553700206082561        6.0894990556280497     
   6.3705765678396338E-005   2.0000000000000009      -0.22553700206073363        6.3150360576887836     
   6.8528111619100117E-005   2.0000000000000013      -0.22553700206043750        6.5405730597492209     
   7.3639798316246135E-005   2.0000000000000009      -0.22553700206052951        6.7661100618097505     
   7.9058186215220911E-005   2.0000000000000013      -0.22553700206052954        6.9916470638702801     
   8.4801677388134168E-005   2.0000000000000009      -0.22553700206052951        7.2171840659308097     
   9.0889778031422224E-005   2.0000000000000009      -0.22553700206052951        7.4427210679913394     
   9.7343164713307561E-005   2.0000000000000013      -0.22553700206064164        7.6682580700519809     
   1.0418375459610602E-004   2.0000000000000018      -0.22553700206064170        7.8937950721126224     
   1.1143477987187239E-004   2.0000000000000013      -0.22553700206064164        8.1193320741732649     
   1.1912086666418474E-004   2.0000000000000013      -0.22553700206064106        8.3448690762339055     
   1.2726811866403583E-004   2.0000000000000013      -0.22553700206114194        8.5704060782950471     
   1.3590420578387798E-004   2.0000000000000013      -0.22553700206134661        8.7959430803563929     
   1.4505845813091067E-004   2.0000000000000013      -0.22553700206105048        9.0214800824174439     
   1.5476196561876532E-004   2.0000000000000018      -0.22553700206105054        9.2470170844784949     
   1.6504768355589123E-004   2.0000000000000022      -0.22553700206075389        9.4725540865392492     
   1.7595054456924473E-004   2.0000000000000027      -0.22553700206077398        9.6980910886000231     
   1.8750757724339941E-004   2.0000000000000027      -0.22553700206095803        9.9236280906609817     
   1.9975803187800338E-004   2.0000000000000031      -0.22553700206075400        10.149165092721736     
   2.1274351379068360E-004   2.0000000000000031      -0.22553700206045785        10.374702094782194     
   2.2650812461812462E-004   2.0000000000000031      -0.22553700206036584        10.600239096842559     
   2.4109861209521211E-004   2.0000000000000027      -0.22553700206016161        10.825776098902720     
   2.5656452882092485E-004   2.0000000000000031      -0.22553700206016164        11.051313100962881     
   2.7295840055018038E-004   2.0000000000000031      -0.22553700206027372        11.276850103023154     
   2.9033590458319119E-004   2.0000000000000027      -0.22553700206056981        11.502387105083724     
   3.0875605885818269E-004   2.0000000000000022      -0.22553700206086585        11.727924107144590     
   3.2828142238967368E-004   2.0000000000000027      -0.22553700206086591        11.953461109205456     
   3.4897830773305411E-004   2.0000000000000018      -0.22553700206091182        12.178998111266369     
   3.7091700619703736E-004   2.0000000000000018      -0.22553700206102387        12.404535113327393     
   3.9417202656885961E-004   2.0000000000000018      -0.22553700206081914        12.630072115388211     
   4.1882234816299123E-004   2.0000000000000022      -0.22553700206102331        12.855609117449234     
   4.4495168905277075E-004   2.0000000000000018      -0.22553700206097788        13.081146119510212     
   4.7264879039593701E-004   2.0000000000000022      -0.22553700206068117        13.306683121570893     
   5.0200771781969329E-004   2.0000000000000018      -0.22553700206043034        13.532220123631324     
   5.3312818088887485E-004   2.0000000000000018      -0.22553700206043034        13.757757125691755     
   5.6611587174220735E-004   2.0000000000000022      -0.22553700206043034        13.983294127752186     
   6.0108282404673977E-004   2.0000000000000027      -0.22553700206088467        14.208831129813071     
   6.3814779348954419E-004   2.0000000000000027      -0.22553700206108876        14.434368131874159     
   6.7743666109891683E-004   2.0000000000000022      -0.22553700206113536        14.659905133935293     
   7.1908286076485188E-004   2.0000000000000022      -0.22553700206138610        14.885442135996680     
   7.6322783241074298E-004   2.0000000000000013      -0.22553700206159008        15.110979138058269     
   8.1002150235538761E-004   2.0000000000000004      -0.22553700206172805        15.336516140119997     
   8.5962279249671093E-004   2.0000000000000004      -0.22553700206197816        15.562053142181975     
   9.1220016004651364E-004   2.0000000000000013      -0.22553700206197824        15.787590144243953     
   9.6793216964930449E-004   2.0000000000000013      -0.22553700206197824        16.013127146305933     
   1.0270080998282629E-003   2.0000000000000018      -0.22553700206193228        16.238664148367867     
   1.0896285858179586E-003   2.0000000000000018      -0.22553700206229443        16.464201150430164     
   1.1560063009670362E-003   2.0000000000000018      -0.22553700206245253        16.689738152492616     
   1.2263666790250584E-003   2.0000000000000018      -0.22553700206240654        16.915275154555022     
   1.3009486797665620E-003   2.0000000000000018      -0.22553700206251856        17.140812156617542     
   1.3800056005525557E-003   2.0000000000000022      -0.22553700206251862        17.366349158680062     
   1.4638059365857090E-003   2.0000000000000027      -0.22553700206247262        17.591886160742536     
   1.5526342927808516E-003   2.0000000000000022      -0.22553700206286073        17.817423162805397     
   1.6467923503477029E-003   2.0000000000000022      -0.22553700206311086        18.042960164868507     
   1.7465998913685651E-003   2.0000000000000027      -0.22553700206301891        18.268497166931525     
   1.8523958848506790E-003   2.0000000000000027      -0.22553700206320296        18.494034168994727     
   1.9645396379417198E-003   2.0000000000000027      -0.22553700206329436        18.719571171058021     
   2.0834120162182231E-003   2.0000000000000022      -0.22553700206338634        18.945108173121408     
   2.2094167371913167E-003   2.0000000000000022      -0.22553700206338634        19.170645175184795     
   2.3429817414227960E-003   2.0000000000000027      -0.22553700206329436        19.396182177248090     
   2.4845606459081640E-003   2.0000000000000018      -0.22553700206329427        19.621719179311384     
   2.6346342846626540E-003   2.0000000000000018      -0.22553700206315624        19.847256181374540     
   2.7937123417424133E-003   2.0000000000000013      -0.22553700206356503        20.072793183438105     
   2.9623350822469583E-003   2.0000000000000013      -0.22553700206370306        20.298330185501808     
   3.1410751871817758E-003   2.0000000000000009      -0.22553700206338678        20.523867187565195     
   3.3305396984126827E-003   2.0000000000000013      -0.22553700206338628        20.749404189628581     
   3.5313720803174437E-003   2.0000000000000009      -0.22553700206338689        20.974941191691968     
   3.7442544051364906E-003   2.0000000000000009      -0.22553700206313668        21.200478193755107     
   3.9699096694446800E-003   2.0000000000000018      -0.22553700206320285        21.426015195818309     
   4.2091042496113611E-003   2.0000000000000022      -0.22553700206320290        21.651552197881511     
   4.4626505045880427E-003   2.0000000000000031      -0.22553700206311092        21.877089199944621     
   4.7314095348633253E-003   2.0000000000000031      -0.22553700206311092        22.102626202007730     
   5.0162941069551254E-003   2.0000000000000031      -0.22553700206311092        22.328163204070840     
   5.3182717533724333E-003   2.0000000000000031      -0.22553700206290556        22.553700206133747     
   5.6383680585747799E-003   2.0000000000000027      -0.22553700206279342        22.779237208196541     
   5.9776701420892675E-003   2.0000000000000022      -0.22553700206258925        23.004774210259129     
   6.3373303506146237E-003   2.0000000000000022      -0.22553700206224717        23.230311212321375     
   6.7185701716515013E-003   2.0000000000000022      -0.22553700206220184        23.455848214383575     
   7.1226843819505916E-003   2.0000000000000013      -0.22553700206226843        23.681385216445843     
   7.5510454448676273E-003   2.0000000000000013      -0.22553700206211036        23.906922218507955     
   8.0051081715596852E-003   2.0000000000000009      -0.22553700206260993        24.132459220570563     
   8.4864146618532661E-003   2.0000000000000013      -0.22553700206281471        24.357996222633378     
   8.9965995415644626E-003   2.0000000000000018      -0.22553700206290678        24.583533224696286     
   9.5373955140583312E-003   2.0000000000000018      -0.22553700206295280        24.809070226759239     
   1.0110639244901831E-002   2.0000000000000018      -0.22553700206295280        25.034607228822193     
   1.0718277599595941E-002   2.0000000000000018      -0.22553700206261060        25.260144230884801     
   1.1362374255571697E-002   2.0000000000000018      -0.22553700206256455        25.485681232947368     
   1.2045116710905999E-002   2.0000000000000018      -0.22553700206231447        25.711218235009682     
   1.2768823713560359E-002   2.0000000000000018      -0.22553700206236049        25.936755237072042     
   1.3535953136373981E-002   2.0000000000000018      -0.22553700206210975        26.162292239134153     
   1.4349110324556422E-002   2.0000000000000018      -0.22553700206220179        26.387829241196354     
   1.5211056944029808E-002   2.0000000000000018      -0.22553700206220179        26.613366243258554     
   1.6124720360671599E-002   2.0000000000000022      -0.22553700206185970        26.838903245320413     
   1.7093203582311894E-002   2.0000000000000022      -0.22553700206165489        27.064440247382066     
   1.8119795797250610E-002   2.0000000000000027      -0.22553700206160773        27.289977249443673     
   1.9207983545085648E-002   2.0000000000000022      -0.22553700206160768        27.515514251505280     
   2.0361462557790790E-002   2.0000000000000027      -0.22553700206145016        27.741051253566731     
   2.1584150311258238E-002   2.0000000000000022      -0.22553700206154215        27.966588255628274     
   2.2880199329933733E-002   2.0000000000000027      -0.22553700206167968        28.192125257689952     
   2.4254011289729760E-002   2.0000000000000022      -0.22553700206147612        28.417662259751427     
   2.5710251967113545E-002   2.0000000000000018      -0.22553700206122590        28.643199261812654     
   2.7253867085140361E-002   2.0000000000000013      -0.22553700206142993        28.868736263874084     
   2.8890099110248785E-002   2.0000000000000000      -0.22553700206156660        29.094273265935652     
   3.0624505056863711E-002   1.9999999999999998      -0.22553700206152177        29.319810267997173     
   3.2462975360275537E-002   2.0000000000000000      -0.22553700206163388        29.545347270058809     
   3.4411753881892070E-002   1.9999999999999993      -0.22553700206167984        29.770884272120490     
   3.6477459114805592E-002   1.9999999999999987      -0.22553700206142965        29.996421274181920     
   3.8667106661693929E-002   1.9999999999999982      -0.22553700206147562        30.221958276243395     
   4.0988133061395565E-002   1.9999999999999980      -0.22553700206167965        30.447495278305073     
   4.3448421045079302E-002   1.9999999999999980      -0.22553700206167965        30.673032280366751     
   4.6056326307784064E-002   1.9999999999999971      -0.22553700206188365        30.898569282428635     
   4.8820705886251106E-002   1.9999999999999969      -0.22553700206167954        31.124106284490313     
   5.1750948239426178E-002   1.9999999999999964      -0.22553700206167951        31.349643286551991     
   5.4857005133791749E-002   1.9999999999999969      -0.22553700206138344        31.575180288613375     
   5.8149425441819259E-002   1.9999999999999969      -0.22553700206136218        31.800717290674736     
   6.1639390968328420E-002   1.9999999999999962      -0.22553700206156616        32.026254292736304     
   6.5338754426428128E-002   1.9999999999999958      -0.22553700206161212        32.251791294797918     
   6.9260079692013823E-002   1.9999999999999960      -0.22553700206165814        32.477328296859575     
   7.3416684473534652E-002   1.9999999999999953      -0.22553700206161206        32.702865298921189     
   7.7822685541946740E-002   1.9999999999999962      -0.22553700206152011        32.928402300982711     
   8.2493046674463541E-002   1.9999999999999964      -0.22553700206161217        33.153939303044325     
   8.7443629474931353E-002   1.9999999999999960      -0.22553700206181623        33.379476305106138     
   9.2691247243427241E-002   1.9999999999999964      -0.22553700206202038        33.605013307168157     
   9.8253722078032873E-002   1.9999999999999969      -0.22553700206206634        33.830550309230226     
  0.10414994540271486        1.9999999999999969      -0.22553700206200031        34.056087311292224     
  0.11039994212687775        1.9999999999999980      -0.22553700206200042        34.281624313354222     
  0.11702493865449042        1.9999999999999980      -0.22553700206209243        34.507161315416312     
  0.12404743497375985        1.9999999999999982      -0.22553700206204647        34.732698317478359     
  0.13149128107218544        1.9999999999999971      -0.22553700206213770        34.958235319540499     
  0.13938175793651658        1.9999999999999973      -0.22553700206225044        35.183772321602753     
  0.14774566341270759        1.9999999999999971      -0.22553700206209232        35.409309323664843     
  0.15661140321747005        1.9999999999999978      -0.22553700206213845        35.634846325726983     
  0.16600908741051826        1.9999999999999982      -0.22553700206193442        35.860383327788917     
  0.17597063265514937        1.9999999999999978      -0.22553700206186766        36.085920329850786     
  0.18652987061445833        1.9999999999999982      -0.22553700206132149        36.311457331912109     
  0.19772266285132584        1.9999999999999976      -0.22553700206161753        36.536994333973723     
  0.20958702262240539        1.9999999999999962      -0.22553700206180144        36.762531336035522     
  0.22216324397974974        1.9999999999999962      -0.22553700206195951        36.988068338097484     
  0.23549403861853474        1.9999999999999956      -0.22553700206205146        37.213605340159539     
  0.24962468093564683        1.9999999999999953      -0.22553700206205141        37.439142342221594     
  0.26460316179178567        1.9999999999999962      -0.22553700206200550        37.664679344283599     
  0.28048035149929285        1.9999999999999969      -0.22553700206214361        37.890216346345746     
  0.29731017258925041        1.9999999999999964      -0.22553700206198549        38.115753348407729     
  0.31514978294460544        1.9999999999999962      -0.22553700206198418        38.341290350469713     
  0.33405976992128178        1.9999999999999958      -0.22553700206198540        38.566827352531696     
  0.35410435611655872        1.9999999999999964      -0.22553700206198549        38.792364354593680     
  0.37535161748355228        1.9999999999999964      -0.22553700206178140        39.017901356655464     
  0.39787371453256543        1.9999999999999969      -0.22553700206198557        39.243438358717448     
  0.42174713740451936        1.9999999999999960      -0.22553700206173533        39.468975360779183     
  0.44705296564879055        1.9999999999999958      -0.22553700206171523        39.694512362840896     
  0.47387714358771799        1.9999999999999953      -0.22553700206166918        39.920049364902567     
  0.50231077220298104        1.9999999999999956      -0.22553700206216951        40.145586366964736     
  0.53245041853515995        1.9999999999999953      -0.22553700206226146        40.371123369026996     
  0.56439844364726954        1.9999999999999940      -0.22553700206260346        40.596660371089598     
  0.59826335026610578        1.9999999999999942      -0.22553700206235333        40.822197373151951     
  0.63416015128207215        1.9999999999999936      -0.22553700206194502        41.047734375213899     
  0.67221076035899652        1.9999999999999927      -0.22553700206148949        41.273271377275385     
  0.71254440598053637        1.9999999999999925      -0.22553700206173960        41.498808379337127     
  0.75529807033936858        1.9999999999999920      -0.22553700206214772        41.724345381399274     
  0.80061695455973070        1.9999999999999922      -0.22553700206200969        41.949882383461286     
  0.84865497183331462        1.9999999999999925      -0.22553700206200974        42.175419385523298     
  0.89957527014331351        1.9999999999999927      -0.22553700206226110        42.400956387585559     
  0.95355078635191237        1.9999999999999920      -0.22553700206196367        42.626493389647521     
   1.0107648335330273        1.9999999999999916      -0.22553700206187158        42.852030391709391     
   1.0714117235450089        1.9999999999999911      -0.22553700206191757        43.077567393771311     
   1.1356974269577096        1.9999999999999907      -0.22553700206232569        43.303104395833635     
   1.2038402725751722        1.9999999999999902      -0.22553700206232563        43.528641397895960     
   1.2760716889296826        1.9999999999999916      -0.22553700206227978        43.754178399958242     
   1.3526369902654636        1.9999999999999909      -0.22553700206237171        43.979715402020616     
   1.4337962096813914        1.9999999999999907      -0.22553700206207558        44.205252404082692     
   1.5198249822622749        1.9999999999999898      -0.22553700206216745        44.430789406144861     
   1.6110154811980115        1.9999999999999900      -0.22553700206175861        44.656326408206617     
   1.7076774100698924        1.9999999999999896      -0.22553700206164651        44.881863410268267     
   1.8101390546740861        1.9999999999999893      -0.22553700206189656        45.107400412330165     
   1.9187483979545312        1.9999999999999893      -0.22553700206203461        45.332937414392198     
   2.0338743018318031        1.9999999999999882      -0.22553700206151359        45.558474416453713     
   2.1559077599417114        1.9999999999999873      -0.22553700206119670        45.784011418514908     
   2.2852632255382139        1.9999999999999865      -0.22553700206108451        46.009548420575989     
   2.4223800190705069        1.9999999999999873      -0.22553700206094654        46.235085422636935     
   2.5677238202147374        1.9999999999999862      -0.22553700206094635        46.460622424697881     
   2.7217882494276218        1.9999999999999871      -0.22553700206074231        46.686159426758621     
   2.8850965443932792        1.9999999999999876      -0.22553700206028754        46.911696428818907     
   3.0582033370568760        1.9999999999999873      -0.22553700206028815        47.137233430879192     
   3.2416965372802888        1.9999999999999878      -0.22553700205987945        47.362770432939072     
   3.4361993295171063        1.9999999999999891      -0.22553700205999230        47.588307434999066     
   3.6361993295171064        1.9999999999999889      -0.22553700205949137        47.813844437058556     
   3.8361993295171066        1.9999999999999889      -0.22553700205883248        48.039381439117392     
   4.0361993295171068        1.9999999999999889      -0.22553700205740443        48.264918441174800     
   4.2361993295171070        1.9999999999999885      -0.22553700205509333        48.490455443229891     
   4.4361993295171072        1.9999999999999880      -0.22553700204849642        48.715992445278388     
   4.6361993295171073        1.9999999999999876      -0.22553700203471636        48.941529447313101     
   4.8361993295171075        1.9999999999999869      -0.22553700200493260        49.167066449318035     
   5.0361993295171077        1.9999999999999869      -0.22553700194368714        49.392603451261721     
