 #              _____________________  _______________________             #
 #              ___  __ \__  __ \_  / / /_  /___  ____/_  ___/             #
 #              __  / / /_  /_/ /  / / /_  __/_  __/  _____ \              #
 #              _  /_/ /_  _, _// /_/ / / /_ _  /___  ____/ /              #
 #              /_____/ /_/ |_| \____/  \__/ /_____/  /____/               #
 #                                                                         #
  
 #        time                      T            heat flux [W.L-2]   in    x              directions   cumulative flux
 #-----------------------------------------------------------------------------------------------

   0.0000000000000000        2.0000000000000000      -0.22553700205887736       0.22553700205887736     
   9.9999999999999995E-007   1.9999944479217961      -0.22668589446761517       0.45222289652649250     
   2.0599999999999998E-006   1.9999885627188487      -0.22790372047469548       0.68012661700118793     
   3.1835999999999999E-006   1.9999823244036674      -0.22919461610319292       0.90932123310438084     
   4.3746160000000000E-006   1.9999757117895109      -0.23056296553688774        1.1398841986412687     
   5.6370929600000005E-006   1.9999687024184318      -0.23201341601328654        1.3718976146545552     
   6.9753185376000006E-006   1.9999612724850069      -0.23355089360359799        1.6054485082581531     
   8.3938376498560019E-006   1.9999533967554841      -0.23518061994568906        1.8406291282038421     
   9.8974679088473630E-006   1.9999450484820873      -0.23690812997662311        2.0775372581804650     
   1.1491315983378205E-005   1.9999361993121711      -0.23873929073128897        2.3162765489117541     
   1.3180794942380898E-005   1.9999268191919302      -0.24068032126742522        2.5569568701791794     
   1.4971642638923753E-005   1.9999168762643291      -0.24273781378861356        2.7996946839677928     
   1.6869941197259179E-005   1.9999063367609076      -0.24491875603361912        3.0446134400014118     
   1.8882137669094732E-005   1.9998951648870964      -0.24723055500748062        3.2918439950088922     
   2.1015065929240418E-005   1.9998833227006489      -0.24968106213690255        3.5415250571457948     
   2.3275969884994844E-005   1.9998707699827827      -0.25227859993911517        3.7938036570849101     
   2.5672528078094535E-005   1.9998574641015827      -0.25503199028391399        4.0488356473688238     
   2.8212879762780208E-005   1.9998433598672167      -0.25795058435876433        4.3067862317275880     
   3.0905652548547020E-005   1.9998284093784588      -0.26104429442480082        4.5678305261523890     
   3.3759991701459843E-005   1.9998125618600049      -0.26432362748422961        4.8321541536366190     
   3.6785591203547436E-005   1.9997957634900272      -0.26779972096555293        5.0999538746021722     
   3.9992726675760282E-005   1.9997779572173819      -0.27148438054730467        5.3714382551494770     
   4.3392290276305902E-005   1.9997590825678520      -0.27539012025729098        5.6468283754067681     
   4.6995827692884256E-005   1.9997390754387594      -0.27953020497113579        5.9263585803779035     
   5.0815577354457314E-005   1.9997178678812570      -0.28391869546526538        6.2102772758431692     
   5.4864511995724756E-005   1.9996953878695582      -0.28857049617350478        6.4988477720166742     
   5.9156382715468245E-005   1.9996715590563185      -0.29350140580556328        6.7923491778222376     
   6.3705765678396338E-005   1.9996463005133434      -0.29872817100495913        7.0910773488271968     
   6.8528111619100117E-005   1.9996195264567309      -0.30426854322939428        7.3953458920565911     
   7.3639798316246135E-005   1.9995911459555316      -0.31014133903644814        7.7054872310930396     
   7.9058186215220911E-005   1.9995610626229241      -0.31636650399606392        8.0218537350891026     
   8.4801677388134168E-005   1.9995291742888583      -0.32296518043129652        8.3448189155203991     
   9.0889778031422224E-005   1.9994953726530615      -0.32995977922542014        8.6747786947458199     
   9.7343164713307561E-005   1.9994595429172211      -0.33737405593815512        9.0121527506839758     
   1.0418375459610602E-004   1.9994215633950998      -0.34523319149235648        9.3573859421763323     
   1.1143477987187239E-004   1.9993813050992584      -0.35356387769362069        9.7109498198699526     
   1.1912086666418474E-004   1.9993386313029771      -0.36239440789125849        10.073344227761211     
   1.2726811866403583E-004   1.9992933970758968      -0.37175477307542826        10.445099000836640     
   1.3590420578387798E-004   1.9992454487917968      -0.38167676373623183        10.826775764572872     
   1.4505845813091067E-004   1.9991946236068356      -0.39219407784327409        11.218969842416147     
   1.5476196561876532E-004   1.9991407489064910      -0.40334243529778196        11.622312277713929     
   1.6504768355589123E-004   1.9990836417193090      -0.41515969925773727        12.037471976971666     
   1.7595054456924473E-004   1.9990231080954854      -0.42768600473674895        12.465157981708415     
   1.8750757724339941E-004   1.9989589424481515      -0.44096389492937121        12.906121876637787     
   1.9975803187800338E-004   1.9988909268551460      -0.45503846570535289        13.361160342343140     
   2.1274351379068360E-004   1.9988188303188836      -0.46995751878742714        13.831117861130567     
   2.2650812461812462E-004   1.9987424079818208      -0.48577172410855857        14.316889585239124     
   2.4109861209521211E-004   1.9986614002948428      -0.50253479192135864        14.819424377160484     
   2.5656452882092485E-004   1.9985755321357566      -0.52030365523067834        15.339728032391163     
   2.7295840055018038E-004   1.9984845118748906      -0.53913866317864123        15.878866695569805     
   2.9033590458319119E-004   1.9983880303846255      -0.55910378602881394        16.437970481598619     
   3.0875605885818269E-004   1.9982857599894979      -0.58026683245684374        17.018237314055462     
   3.2828142238967368E-004   1.9981773533533069      -0.60269967987807482        17.620936993933537     
   3.4897830773305411E-004   1.9980624422994433      -0.62647851860054427        18.247415512534079     
   3.7091700619703736E-004   1.9979406365604355      -0.65168411062739051        18.899099623161469     
   3.9417202656885961E-004   1.9978115224524682      -0.67840206399409120        19.577501687155561     
   4.1882234816299123E-004   1.9976746614703598      -0.70672312356743949        20.284224810723000     
   4.4495168905277075E-004   1.9975295887982418      -0.73674347930057149        21.020968290023571     
   4.7264879039593701E-004   1.9973758117308722      -0.76856509298493625        21.789533383008507     
   5.0200771781969329E-004   1.9972128080002183      -0.80229604461502479        22.591829427623534     
   5.3312818088887485E-004   1.9970400240016328      -0.83805089954192147        23.429880327165456     
   5.6611587174220735E-004   1.9968568729135905      -0.87595109766361112        24.305831424829066     
   6.0108282404673977E-004   1.9966627327045989      -0.91612536597531413        25.221956790804381     
   6.3814779348954419E-004   1.9964569440205207      -0.95871015588007735        26.180666946684457     
   6.7743666109891683E-004   1.9962388079451188       -1.0038501067521401        27.184517053436597     
   7.1908286076485188E-004   1.9960075836262261       -1.0516985373226322        28.236215590759230     
   7.6322783241074298E-004   1.9957624857594731       -1.1024179665657683        29.338633557324997     
   8.1002150235538761E-004   1.9955026819210191       -1.1561806658471030        30.494814223172099     
   8.5962279249671093E-004   1.9952272897402392       -1.2131692442249500        31.707983467397050     
   9.1220016004651364E-004   1.9949353735684867       -1.2735776795982792        32.981561146995325     
   9.6793216964930449E-004   1.9946259422667203       -1.3376107726772335        34.319171919672556     
   1.0270080998282629E-003   1.9942979449073961       -1.4054860216029248        35.724657941275481     
   1.0896285858179586E-003   1.9939502675048768       -1.4774339767022617        37.202091917977739     
   1.1560063009670362E-003   1.9935817292316464       -1.5536990239019262        38.755790941879667     
   1.2263666790250584E-003   1.9931910784074540       -1.6345402151804682        40.390331157060132     
   1.3009486797665620E-003   1.9927769882477728       -1.7202321488859893        42.110563305946123     
   1.3800056005525557E-003   1.9923380523571119       -1.8110659029173048        43.921629208863429     
   1.4638059365857090E-003   1.9918727799518805       -1.9073500239431014        45.828979232806532     
   1.5526342927808516E-003   1.9913795907965606       -2.0094115760301734        47.838390808836706     
   1.6467923503477029E-003   1.9908568098359820       -2.1175972522487778        49.955988061085485     
   1.7465998913685651E-003   1.9903026615054631       -2.2322745530439949        52.188262614129478     
   1.8523958848506790E-003   1.9897152636994713       -2.3538330353867853        54.542095649516263     
   1.9645396379417198E-003   1.9890926213783116       -2.4826856369579429        57.024781286474209     
   2.0834120162182231E-003   1.9884326197911066       -2.6192700798775568        59.644051366351768     
   2.2094167371913167E-003   1.9877330172920407       -2.7640503587724261        62.408101725124197     
   2.3429817414227960E-003   1.9869914377254352       -2.9175183182406585        65.325620043364850     
   2.4845606459081640E-003   1.9862053623537881       -3.0801953251036474        68.405815368468495     
   2.6346342846626540E-003   1.9853721213013173       -3.2526340411423051        71.658449409610796     
   2.7937123417424133E-003   1.9844888844839303       -3.4354203023682044        75.093869711978996     
   2.9623350822469583E-003   1.9835526519947728       -3.6291751112348463        78.723044823213840     
   3.1410751871817758E-003   1.9825602439126742       -3.8345567486019121        82.557601571815752     
   3.3305396984126827E-003   1.9815082894988254       -4.0522630126411681        86.609864584456915     
   3.5313720803174437E-003   1.9803932157449526       -4.2830335923537390        90.892898176810661     
   3.7442544051364906E-003   1.9792112352340403       -4.5276525837809940        95.420550760591652     
   3.9699096694446800E-003   1.9779583332723107       -4.7869511575262660        100.20750191811791     
   4.2091042496113611E-003   1.9766302542486929       -5.0618103866893804        105.26931230480730     
   4.4626505045880427E-003   1.9752224871753687       -5.3531642448888164        110.62247654969612     
   4.7314095348633253E-003   1.9737302503602088       -5.6620027846222829        116.28447933431841     
   5.0162941069551254E-003   1.9721484751589409       -5.9893755068347039        122.27385484115311     
   5.3182717533724333E-003   1.9704717887517533       -6.3363949332329490        128.61024977438606     
   5.6383680585747799E-003   1.9686944958857238       -6.7042403935640422        135.31449016795011     
   5.9776701420892675E-003   1.9668105595209191       -7.0941620408356938        142.40865220878581     
   6.3373303506146237E-003   1.9648135803142794       -7.5074851082298171        149.91613731701563     
   6.7185701716515013E-003   1.9626967748714379       -7.9456144222951375        157.86175173931076     
   7.1226843819505916E-003   1.9604529526924048       -8.4100391878961691        166.27179092720692     
   7.5510454448676273E-003   1.9580744917326047       -8.9023380613251888        175.17412898853212     
   8.0051081715596852E-003   1.9555533124960083       -9.4241845289785822        184.59831351751069     
   8.4864146618532661E-003   1.9528808505720920       -9.9773526100684933        194.57566612757918     
   8.9965995415644626E-003   1.9500480275230410       -10.563722902934925        205.13938903051411     
   9.5373955140583312E-003   1.9470452200219521       -11.185288995736991        216.32467802625109     
   1.0110639244901831E-002   1.9438622271368373       -11.844164263543231        228.16884228979433     
   1.0718277599595941E-002   1.9404882356488493       -12.542589075184271        240.71143136497861     
   1.1362374255571697E-002   1.9369117832864440       -13.282938434643066        253.99436979962167     
   1.2045116710905999E-002   1.9331207197500349       -14.067730083263916        268.06209988288560     
   1.2768823713560359E-002   1.9291021653941367       -14.899633090648692        282.96173297353431     
   1.3535953136373981E-002   1.9248424674259335       -15.781476963799182        298.74320993733352     
   1.4349110324556422E-002   1.9203271534707171       -16.716261305844988        315.45947124317848     
   1.5211056944029808E-002   1.9155408823455640       -17.707166057600158        333.16663730077863     
   1.6124720360671599E-002   1.9104673918730435       -18.757562357187986        351.92419965796660     
   1.7093203582311894E-002   1.9050894435565584       -19.871024055100182        371.79522371306678     
   1.8119795797250610E-002   1.8993887639281206       -21.051339924304472        392.84656363737122     
   1.9207983545085648E-002   1.8933459823679044       -22.302526607386334        415.14909024475753     
   2.0361462557790790E-002   1.8869405651827353       -23.628842345226236        438.77793258998378     
   2.1584150311258238E-002   1.8801507457177900       -25.034801534368565        463.81273412435235     
   2.2880199329933733E-002   1.8729534502620420       -26.525190163035290        490.33792428738764     
   2.4254011289729760E-002   1.8653242194934798       -28.105082178697600        518.44300646608519     
   2.5710251967113545E-002   1.8572371251946391       -29.779856843227364        548.22286330931252     
   2.7253867085140361E-002   1.8486646819526378       -31.555217134930775        579.77808044424330     
   2.8890099110248785E-002   1.8395777535404507       -33.437209260213997        613.21528970445729     
   3.0624505056863711E-002   1.8299454536577151       -35.432243341240046        648.64753304569729     
   3.2462975360275537E-002   1.8197350406897004       -37.547115349726305        686.19464839542354     
   3.4411753881892070E-002   1.8089118061222293       -39.789030360990942        725.98367875641452     
   3.6477459114805592E-002   1.7974389562281929       -42.165627206493575        768.14930596290810     
   3.8667106661693929E-002   1.7852774866177712       -44.685004607398426        812.83431057030657     
   4.0988133061395565E-002   1.7723860492194572       -47.355748876146990        860.19005944645357     
   4.3448421045079302E-002   1.7587208112324206       -50.186963277626411        910.37702272408001     
   4.6056326307784064E-002   1.7442353055624942       -53.188299146242436        963.56532187032246     
   4.8820705886251106E-002   1.7288802722242766       -56.369988859976836        1019.9353107302993     
   5.1750948239426178E-002   1.7126034901616067       -59.742880777072259        1079.6781915073716     
   5.4857005133791749E-002   1.6953495988938556       -63.318476248156344        1142.9966677555281     
   5.8149425441819259E-002   1.6770599093817187       -67.108968816899065        1210.1056365724271     
   6.1639390968328420E-002   1.6576722034457514       -71.127285731687962        1281.2329223041152     
   6.5338754426428128E-002   1.6371205210407120       -75.387131893225515        1356.6200541973408     
   6.9260079692013823E-002   1.6153349346432186       -79.903036367778270        1436.5230905651190     
   7.3416684473534652E-002   1.5922413098181982       -84.690401633514412        1521.2134921986335     
   7.7822685541946740E-002   1.5677610518268785       -89.765555534553130        1610.9790477331867     
   8.2493046674463541E-002   1.5418108360336535       -95.145806396462021        1706.1248541296486     
   8.7443629474931353E-002   1.5143023224715593       -100.84950114109320        1806.9743552707419     
   9.2691247243427241E-002   1.4851418529278133       -106.89608668993831        1913.8704419606802     
   9.8253722078032873E-002   1.4542301296020179       -113.30617476842222        2027.1766167291023     
  0.10414994540271486        1.4214618741992671       -120.10161024902371        2147.2782269781260     
  0.11039994212687775        1.3867254662479982       -127.30554316557209        2274.5837701436981     
  0.11702493865449042        1.3499025593552247       -134.94250452247309        2409.5262746661710     
  0.12404743497375985        1.3108676740293299       -143.03848601026786        2552.5647606764387     
  0.13149128107218544        1.2694877656125647       -151.62102372196566        2704.1857843984044     
  0.13938175793651658        1.2256217657713409       -160.71928594204178        2864.9050703404464     
  0.14774566341270759        1.1791200958918866       -170.36416505060711        3035.2692353910534     
  0.15661140321747005        1.1298241506214002       -180.58837354760567        3215.8576089386588     
  0.16600908741051826        1.0775657496799038       -191.42654415424295        3407.2841530929018     
  0.17597063265514937        1.0221665559450988       -202.91533388909951        3610.1994869820014     
  0.18652987061445833       0.96343745768096611       -215.09353194205971        3825.2930189240610     
  0.19772266285132584       0.90117791264007785       -228.00217107727178        4053.2951900013327     
  0.20958702262240539       0.83517525161883599       -241.68464218326156        4294.9798321845947     
  0.22216324397974974       0.76520393888345173       -256.18681144971089        4551.1666436343057     
  0.23549403861853474       0.69102478671161793       -271.55713948106512        4822.7237831153707     
  0.24962468093564683       0.61238412110969520       -287.84680145073298        5110.5705845661032     
  0.26460316179178567       0.52901289556509212       -305.10980714896402        5415.6803917150673     
  0.28048035149929285       0.44062574949219391       -323.40311947010298        5739.0835111851702     
  0.29731017258925041       0.34692000777678933       -342.78676952022909        6081.8702807053996     
  0.31514978294460544       0.24757461761461563       -363.32396606950033        6445.1942467748995     
  0.33405976992128178       0.14224901855562422       -385.08119653264049        6830.2754433075397     
  0.35410435611655872        3.0581941397737289E-002  -408.12831599168493        7238.4037592992245     
  0.37535161748355228       -8.7809868723019990E-002  -432.53861992343127        7670.9423792226553     
  0.39787371453256543      -0.21333301000974036       -458.38889382433598        8129.3312730469916     
  0.42174713740451936      -0.34641886778488384       -485.75944955051125        8615.0907225975025     
  0.44705296564879055      -0.48752514993136731       -514.73408287918824        9129.8248054766900     
  0.47387714358771799      -0.63713752014859804       -545.40004513557437        9675.2248506122651     
  0.50231077220298104      -0.79577133535230948       -577.84791608065268        10253.072766692918     
  0.53245041853515995      -0.96397349406312682       -612.17141768976205        10865.244184382680     
  0.56439844364726954       -1.1423244030185982       -648.46713768700170        11513.711322069681     
  0.59826335026610578       -1.3314400696688964       -686.83414199694482        12200.545464066627     
  0.63416015128207215       -1.5319743286430250       -727.37345076522706        12927.918914831855     
  0.67221076035899652       -1.7446212107127481       -770.18735533999632        13698.106270171851     
  0.71254440598053637       -1.9701174651991780       -815.37926421830150        14513.485534390153     
  0.75529807033936858       -2.2092452338098125       -863.04920254359672        15376.534736933749     
  0.80061695455973070       -2.4628349085907710       -913.29755070168505        16289.832287635434     
  0.84865497183331462       -2.7317681598102825       -966.21948276141711        17256.051770396851     
  0.89957527014331351       -3.0169811556697366       -1021.9035573681535        18277.955327765005     
  0.95355078635191237       -3.3194679805188505       -1080.4286714825619        19358.383999247566     
   1.0107648335330273       -3.6402842603462213       -1141.8602551626227        20500.244254410187     
   1.0714117235450089       -3.9805510032077347       -1206.2455004961732        21706.489754906361     
   1.1356974269577096       -4.3414586605324219       -1273.6073801935349        22980.097135099895     
   1.2038402725751722       -4.7242714126369609       -1343.9371478877931        24324.034282987690     
   1.2760716889296826       -5.1303316779557369       -1417.1849292262682        25741.219212213957     
   1.3526369902654636       -5.5610648400087337       -1493.2479056721174        27234.467117886074     
   1.4337962096813914       -6.0179841783795673       -1571.9554544075913        28806.422572293664     
   1.5198249822622749       -6.5026959791369574       -1653.0504282850341        30459.473000578699     
   1.6110154811980115       -7.0169047850845274       -1736.1655268279530        32195.638527406652     
   1.7076774100698924       -7.5624187253889916       -1820.7934063253435        34016.431933731998     
   1.8101390546740861       -8.1411548355337562       -1906.2487825055707        35922.680716237570     
   1.9187483979545312       -8.7551442390368539       -1991.6202650031762        37914.300981240747     
   2.0338743018318031       -9.4065370082820792       -2075.7089928003352        39990.009974041081     
   2.1559077599417114       -10.097606447475547       -2156.9502688086859        42146.960242849767     
   2.2852632255382139       -10.830752438852020       -2233.3132669073543        44380.273509757120     
   2.4223800190705069       -11.608503353861964       -2302.1724593318609        46682.445969088978     
   2.5677238202147374       -12.433515841823423       -2360.1427309769501        49042.588700065928     
   2.7217882494276218       -13.308571561418452       -2402.8690427358702        51445.457742801795     
   2.8850965443932792       -14.236569745921150       -2424.7753625220494        53870.233105323845     
   3.0582033370568760       -15.220510073659318       -2418.3605873175788        56288.593692641422     
   3.2416965372802888       -16.263476343082562       -2374.7111521620382        58663.304844803461     
   3.4361993295171063       -17.368597305120016       -2281.8071376506664        60945.111982454124     
   3.6361993295171064       -18.503993007336287       -2130.0734236257504        63075.185406079872     
   3.8361993295171066       -19.637846265363297       -1914.4209742620517        64989.606380341924     
   4.0361993295171068       -20.769503157049613       -1627.2599083481091        66616.866288690027     
   4.2361993295171070       -21.898234537029293       -1260.4919851400566        67877.358273830090     
   4.4361993295171072       -23.023231820632009       -805.55340149664812        68682.911675326744     
   4.6361993295171073       -24.143603346994016       -253.47952408410953        68936.391199410849     
   4.8361993295171075       -25.258371549976225        405.00561916561270        69341.396818576468     
   5.0361993295171077       -26.366471188751017        1179.3725407672164        70520.769359343685     
