 #              _____________________  _______________________             #
 #              ___  __ \__  __ \_  / / /_  /___  ____/_  ___/             #
 #              __  / / /_  /_/ /  / / /_  __/_  __/  _____ \              #
 #              _  /_/ /_  _, _// /_/ / / /_ _  /___  ____/ /              #
 #              /_____/ /_/ |_| \____/  \__/ /_____/  /____/               #
 #                                                                         #
  
 #        time                      h  [L]                   theta [-]evaporati       Darcian flow [L.T^{-1}]   in    x              directions   cumulative flux
 #-----------------------------------------------------------------------------------------------

   0.0000000000000000       -20.000000000000000       0.16461829280070292        0.0000000000000000       -2.6927378160528074E-008   2.6927378160528074E-008
   9.9999999999999995E-007  -19.999999999999993       0.16461829280070298        0.0000000000000000       -2.6927378160528084E-008   5.3854756321056155E-008
   2.0599999999999998E-006  -19.999999999999993       0.16461829280070298        0.0000000000000000       -2.6927378160528084E-008   8.0782134481584233E-008
   3.1835999999999999E-006  -19.999999999999996       0.16461829280070295        0.0000000000000000       -2.6927378160528150E-008   1.0770951264211239E-007
   4.3746160000000000E-006  -19.999999999999996       0.16461829280070295        0.0000000000000000       -2.6927378160528150E-008   1.3463689080264055E-007
   5.6370929600000005E-006  -19.999999999999993       0.16461829280070298        0.0000000000000000       -2.6927378160528084E-008   1.6156426896316862E-007
   6.9753185376000006E-006  -19.999999999999996       0.16461829280070295        0.0000000000000000       -2.6927378160528150E-008   1.8849164712369678E-007
   8.3938376498560019E-006  -19.999999999999996       0.16461829280070295        0.0000000000000000       -2.6927378160503673E-008   2.1541902528420045E-007
   9.8974679088473630E-006  -19.999999999999993       0.16461829280070298        0.0000000000000000       -2.6927378160552562E-008   2.4234640344475304E-007
   1.1491315983378205E-005  -19.999999999999996       0.16461829280070295        0.0000000000000000       -2.6927378160528150E-008   2.6927378160528120E-007
   1.3180794942380898E-005  -19.999999999999993       0.16461829280070298        0.0000000000000000       -2.6927378160528084E-008   2.9620115976580930E-007
   1.4971642638923753E-005  -19.999999999999993       0.16461829280070298        0.0000000000000000       -2.6927378160528084E-008   3.2312853792633741E-007
   1.6869941197259179E-005  -19.999999999999993       0.16461829280070298        0.0000000000000000       -2.6927378160528084E-008   3.5005591608686551E-007
   1.8882137669094732E-005  -19.999999999999996       0.16461829280070295        0.0000000000000000       -2.6927378160528150E-008   3.7698329424739367E-007
   2.1015065929240418E-005  -20.000000000000000       0.16461829280070292        0.0000000000000000       -2.6927378160528074E-008   4.0391067240792172E-007
   2.3275969884994844E-005  -20.000000000000000       0.16461829280070292        0.0000000000000000       -2.6927378160528074E-008   4.3083805056844977E-007
   2.5672528078094535E-005  -20.000000000000000       0.16461829280070292        0.0000000000000000       -2.6927378160528074E-008   4.5776542872897782E-007
   2.8212879762780208E-005  -20.000000000000007       0.16461829280070284        0.0000000000000000       -2.6927378160454492E-008   4.8469280688943229E-007
   3.0905652548547020E-005  -20.000000000000007       0.16461829280070284        0.0000000000000000       -2.6927378160454492E-008   5.1162018504988681E-007
   3.3759991701459843E-005  -20.000000000000007       0.16461829280070284        0.0000000000000000       -2.6927378160430017E-008   5.3854756321031687E-007
   3.6785591203547436E-005  -20.000000000000014       0.16461829280070281        0.0000000000000000       -2.6927378160405609E-008   5.6547494137072247E-007
   3.9992726675760282E-005  -20.000000000000014       0.16461829280070281        0.0000000000000000       -2.6927378160405609E-008   5.9240231953112807E-007
   4.3392290276305902E-005  -20.000000000000018       0.16461829280070278        0.0000000000000000       -2.6927378160405605E-008   6.1932969769153367E-007
   4.6995827692884256E-005  -20.000000000000018       0.16461829280070278        0.0000000000000000       -2.6927378160430083E-008   6.4625707585196373E-007
   5.0815577354457314E-005  -20.000000000000021       0.16461829280070275        0.0000000000000000       -2.6927378160405529E-008   6.7318445401236923E-007
   5.4864511995724756E-005  -20.000000000000025       0.16461829280070273        0.0000000000000000       -2.6927378160429931E-008   7.0011183217279918E-007
   5.9156382715468245E-005  -20.000000000000025       0.16461829280070273        0.0000000000000000       -2.6927378160429931E-008   7.2703921033322914E-007
   6.3705765678396338E-005  -20.000000000000028       0.16461829280070267        0.0000000000000000       -2.6927378160429924E-008   7.5396658849365909E-007
   6.8528111619100117E-005  -20.000000000000036       0.16461829280070267        0.0000000000000000       -2.6927378160429779E-008   7.8089396665408883E-007
   7.3639798316246135E-005  -20.000000000000036       0.16461829280070267        0.0000000000000000       -2.6927378160429779E-008   8.0782134481451858E-007
   7.9058186215220911E-005  -20.000000000000039       0.16461829280070261        0.0000000000000000       -2.6927378160429845E-008   8.3474872297494843E-007
   8.4801677388134168E-005  -20.000000000000039       0.16461829280070261        0.0000000000000000       -2.6927378160429845E-008   8.6167610113537827E-007
   9.0889778031422224E-005  -20.000000000000036       0.16461829280070267        0.0000000000000000       -2.6927378160429779E-008   8.8860347929580802E-007
   9.7343164713307561E-005  -20.000000000000039       0.16461829280070261        0.0000000000000000       -2.6927378160405367E-008   9.1553085745621341E-007
   1.0418375459610602E-004  -20.000000000000039       0.16461829280070261        0.0000000000000000       -2.6927378160405367E-008   9.4245823561661880E-007
   1.1143477987187239E-004  -20.000000000000039       0.16461829280070261        0.0000000000000000       -2.6927378160429845E-008   9.6938561377704854E-007
   1.1912086666418474E-004  -20.000000000000036       0.16461829280070267        0.0000000000000000       -2.6927378160429779E-008   9.9631299193747839E-007
   1.2726811866403583E-004  -20.000000000000039       0.16461829280070261        0.0000000000000000       -2.6927378160405367E-008   1.0232403700978837E-006
   1.3590420578387798E-004  -20.000000000000039       0.16461829280070261        0.0000000000000000       -2.6927378160405367E-008   1.0501677482582890E-006
   1.4505845813091067E-004  -20.000000000000039       0.16461829280070261        0.0000000000000000       -2.6927378160405367E-008   1.0770951264186942E-006
   1.5476196561876532E-004  -20.000000000000039       0.16461829280070261        0.0000000000000000       -2.6927378160405367E-008   1.1040225045790995E-006
   1.6504768355589123E-004  -20.000000000000043       0.16461829280070259        0.0000000000000000       -2.6927378160380886E-008   1.1309498827394805E-006
   1.7595054456924473E-004  -20.000000000000046       0.16461829280070256        0.0000000000000000       -2.6927378160356408E-008   1.1578772608998368E-006
   1.8750757724339941E-004  -20.000000000000050       0.16461829280070256        0.0000000000000000       -2.6927378160331927E-008   1.1848046390601688E-006
   1.9975803187800338E-004  -20.000000000000046       0.16461829280070256        0.0000000000000000       -2.6927378160331927E-008   1.2117320172205009E-006
   2.1274351379068360E-004  -20.000000000000043       0.16461829280070259        0.0000000000000000       -2.6927378160331930E-008   1.2386593953808329E-006
   2.2650812461812462E-004  -20.000000000000043       0.16461829280070259        0.0000000000000000       -2.6927378160331930E-008   1.2655867735411649E-006
   2.4109861209521211E-004  -20.000000000000046       0.16461829280070256        0.0000000000000000       -2.6927378160356408E-008   1.2925141517015213E-006
   2.5656452882092485E-004  -20.000000000000050       0.16461829280070256        0.0000000000000000       -2.6927378160380883E-008   1.3194415298619022E-006
   2.7295840055018038E-004  -20.000000000000046       0.16461829280070256        0.0000000000000000       -2.6927378160380883E-008   1.3463689080222831E-006
   2.9033590458319119E-004  -20.000000000000039       0.16461829280070261        0.0000000000000000       -2.6927378160405367E-008   1.3732962861826884E-006
   3.0875605885818269E-004  -20.000000000000036       0.16461829280070267        0.0000000000000000       -2.6927378160429779E-008   1.4002236643431183E-006
   3.2828142238967368E-004  -20.000000000000039       0.16461829280070261        0.0000000000000000       -2.6927378160405367E-008   1.4271510425035235E-006
   3.4897830773305411E-004  -20.000000000000043       0.16461829280070259        0.0000000000000000       -2.6927378160429842E-008   1.4540784206639534E-006
   3.7091700619703736E-004  -20.000000000000043       0.16461829280070259        0.0000000000000000       -2.6927378160429842E-008   1.4810057988243832E-006
   3.9417202656885961E-004  -20.000000000000043       0.16461829280070259        0.0000000000000000       -2.6927378160429842E-008   1.5079331769848131E-006
   4.1882234816299123E-004  -20.000000000000046       0.16461829280070256        0.0000000000000000       -2.6927378160380883E-008   1.5348605551451940E-006
   4.4495168905277075E-004  -20.000000000000046       0.16461829280070256        0.0000000000000000       -2.6927378160356408E-008   1.5617879333055504E-006
   4.7264879039593701E-004  -20.000000000000043       0.16461829280070259        0.0000000000000000       -2.6927378160380886E-008   1.5887153114659313E-006
   5.0200771781969329E-004  -20.000000000000046       0.16461829280070256        0.0000000000000000       -2.6927378160380883E-008   1.6156426896263122E-006
   5.3312818088887485E-004  -20.000000000000046       0.16461829280070256        0.0000000000000000       -2.6927378160356408E-008   1.6425700677866686E-006
   5.6611587174220735E-004  -20.000000000000053       0.16461829280070253        0.0000000000000000       -2.6927378160331778E-008   1.6694974459470004E-006
   6.0108282404673977E-004  -20.000000000000053       0.16461829280070253        0.0000000000000000       -2.6927378160307303E-008   1.6964248241073077E-006
   6.3814779348954419E-004  -20.000000000000057       0.16461829280070250        0.0000000000000000       -2.6927378160258344E-008   1.7233522022675660E-006
   6.7743666109891683E-004  -20.000000000000053       0.16461829280070253        0.0000000000000000       -2.6927378160258347E-008   1.7502795804278243E-006
   7.1908286076485188E-004  -20.000000000000057       0.16461829280070250        0.0000000000000000       -2.6927378160233866E-008   1.7772069585880583E-006
   7.6322783241074298E-004  -20.000000000000057       0.16461829280070250        0.0000000000000000       -2.6927378160282822E-008   1.8041343367483412E-006
   8.1002150235538761E-004  -20.000000000000057       0.16461829280070250        0.0000000000000000       -2.6927378160258344E-008   1.8310617149085995E-006
   8.5962279249671093E-004  -20.000000000000057       0.16461829280070250        0.0000000000000000       -2.6927378160258344E-008   1.8579890930688578E-006
   9.1220016004651364E-004  -20.000000000000050       0.16461829280070256        0.0000000000000000       -2.6927378160258496E-008   1.8849164712291164E-006
   9.6793216964930449E-004  -20.000000000000050       0.16461829280070256        0.0000000000000000       -2.6927378160258496E-008   1.9118438493893749E-006
   1.0270080998282629E-003  -20.000000000000053       0.16461829280070253        0.0000000000000000       -2.6927378160233869E-008   1.9387712275496087E-006
   1.0896285858179586E-003  -20.000000000000060       0.16461829280070245        0.0000000000000000       -2.6927378160209382E-008   1.9656986057098178E-006
   1.1560063009670362E-003  -20.000000000000060       0.16461829280070245        0.0000000000000000       -2.6927378160209382E-008   1.9926259838700270E-006
   1.2263666790250584E-003  -20.000000000000057       0.16461829280070250        0.0000000000000000       -2.6927378160233866E-008   2.0195533620302608E-006
   1.3009486797665620E-003  -20.000000000000057       0.16461829280070250        0.0000000000000000       -2.6927378160233866E-008   2.0464807401904946E-006
   1.3800056005525557E-003  -20.000000000000053       0.16461829280070253        0.0000000000000000       -2.6927378160258347E-008   2.0734081183507529E-006
   1.4638059365857090E-003  -20.000000000000057       0.16461829280070250        0.0000000000000000       -2.6927378160282822E-008   2.1003354965110358E-006
   1.5526342927808516E-003  -20.000000000000050       0.16461829280070256        0.0000000000000000       -2.6927378160307452E-008   2.1272628746713432E-006
   1.6467923503477029E-003  -20.000000000000050       0.16461829280070256        0.0000000000000000       -2.6927378160307452E-008   2.1541902528316507E-006
   1.7465998913685651E-003  -20.000000000000050       0.16461829280070256        0.0000000000000000       -2.6927378160307452E-008   2.1811176309919581E-006
   1.8523958848506790E-003  -20.000000000000050       0.16461829280070256        0.0000000000000000       -2.6927378160331927E-008   2.2080450091522901E-006
   1.9645396379417198E-003  -20.000000000000043       0.16461829280070259        0.0000000000000000       -2.6927378160356411E-008   2.2349723873126467E-006
   2.0834120162182231E-003  -20.000000000000046       0.16461829280070256        0.0000000000000000       -2.6927378160331927E-008   2.2618997654729787E-006
   2.2094167371913167E-003  -20.000000000000046       0.16461829280070256        0.0000000000000000       -2.6927378160331927E-008   2.2888271436333108E-006
   2.3429817414227960E-003  -20.000000000000046       0.16461829280070256        0.0000000000000000       -2.6927378160307452E-008   2.3157545217936182E-006
   2.4845606459081640E-003  -20.000000000000046       0.16461829280070256        0.0000000000000000       -2.6927378160307452E-008   2.3426818999539257E-006
   2.6346342846626540E-003  -20.000000000000046       0.16461829280070256        0.0000000000000000       -2.6927378160307452E-008   2.3696092781142331E-006
   2.7937123417424133E-003  -20.000000000000046       0.16461829280070256        0.0000000000000000       -2.6927378160307452E-008   2.3965366562745406E-006
   2.9623350822469583E-003  -20.000000000000046       0.16461829280070256        0.0000000000000000       -2.6927378160307452E-008   2.4234640344348480E-006
   3.1410751871817758E-003  -20.000000000000050       0.16461829280070256        0.0000000000000000       -2.6927378160307452E-008   2.4503914125951555E-006
   3.3305396984126827E-003  -20.000000000000046       0.16461829280070256        0.0000000000000000       -2.6927378160331927E-008   2.4773187907554875E-006
   3.5313720803174437E-003  -20.000000000000043       0.16461829280070259        0.0000000000000000       -2.6927378160331930E-008   2.5042461689158195E-006
   3.7442544051364906E-003  -20.000000000000050       0.16461829280070256        0.0000000000000000       -2.6927378160282974E-008   2.5311735470761024E-006
   3.9699096694446800E-003  -20.000000000000050       0.16461829280070256        0.0000000000000000       -2.6927378160307452E-008   2.5581009252364098E-006
   4.2091042496113611E-003  -20.000000000000050       0.16461829280070256        0.0000000000000000       -2.6927378160307452E-008   2.5850283033967173E-006
   4.4626505045880427E-003  -20.000000000000053       0.16461829280070253        0.0000000000000000       -2.6927378160331778E-008   2.6119556815570489E-006
   4.7314095348633253E-003  -20.000000000000053       0.16461829280070253        0.0000000000000000       -2.6927378160356259E-008   2.6388830597174050E-006
   5.0162941069551254E-003  -20.000000000000053       0.16461829280070253        0.0000000000000000       -2.6927378160356259E-008   2.6658104378777612E-006
   5.3182717533724333E-003  -20.000000000000060       0.16461829280070245        0.0000000000000000       -2.6927378160356249E-008   2.6927378160381174E-006
   5.6383680585747799E-003  -20.000000000000060       0.16461829280070245        0.0000000000000000       -2.6927378160356249E-008   2.7196651941984735E-006
   5.9776701420892675E-003  -20.000000000000064       0.16461829280070242        0.0000000000000000       -2.6927378160356249E-008   2.7465925723588297E-006
   6.3373303506146237E-003  -20.000000000000057       0.16461829280070250        0.0000000000000000       -2.6927378160380730E-008   2.7735199505192104E-006
   6.7185701716515013E-003  -20.000000000000053       0.16461829280070253        0.0000000000000000       -2.6927378160380734E-008   2.8004473286795911E-006
   7.1226843819505916E-003  -20.000000000000050       0.16461829280070256        0.0000000000000000       -2.6927378160405360E-008   2.8273747068399964E-006
   7.5510454448676273E-003  -20.000000000000046       0.16461829280070256        0.0000000000000000       -2.6927378160405360E-008   2.8543020850004017E-006
   8.0051081715596852E-003  -20.000000000000046       0.16461829280070256        0.0000000000000000       -2.6927378160405360E-008   2.8812294631608070E-006
   8.4864146618532661E-003  -20.000000000000046       0.16461829280070256        0.0000000000000000       -2.6927378160405360E-008   2.9081568413212122E-006
   8.9965995415644626E-003  -20.000000000000050       0.16461829280070256        0.0000000000000000       -2.6927378160380883E-008   2.9350842194815930E-006
   9.5373955140583312E-003  -20.000000000000046       0.16461829280070256        0.0000000000000000       -2.6927378160405360E-008   2.9620115976419983E-006
   1.0110639244901831E-002  -20.000000000000050       0.16461829280070256        0.0000000000000000       -2.6927378160405360E-008   2.9889389758024035E-006
   1.0718277599595941E-002  -20.000000000000050       0.16461829280070256        0.0000000000000000       -2.6927378160429838E-008   3.0158663539628334E-006
   1.1362374255571697E-002  -20.000000000000050       0.16461829280070256        0.0000000000000000       -2.6927378160478794E-008   3.0427937321233124E-006
   1.2045116710905999E-002  -20.000000000000050       0.16461829280070256        0.0000000000000000       -2.6927378160478794E-008   3.0697211102837913E-006
   1.2768823713560359E-002  -20.000000000000050       0.16461829280070256        0.0000000000000000       -2.6927378160478794E-008   3.0966484884442703E-006
   1.3535953136373981E-002  -20.000000000000050       0.16461829280070256        0.0000000000000000       -2.6927378160478794E-008   3.1235758666047493E-006
   1.4349110324556422E-002  -20.000000000000057       0.16461829280070250        0.0000000000000000       -2.6927378160429686E-008   3.1505032447651791E-006
   1.5211056944029808E-002  -20.000000000000057       0.16461829280070250        0.0000000000000000       -2.6927378160429686E-008   3.1774306229256090E-006
   1.6124720360671599E-002  -20.000000000000057       0.16461829280070250        0.0000000000000000       -2.6927378160405208E-008   3.2043580010860143E-006
   1.7093203582311894E-002  -20.000000000000068       0.16461829280070242        0.0000000000000000       -2.6927378160356249E-008   3.2312853792463704E-006
   1.8119795797250610E-002  -20.000000000000075       0.16461829280070234        0.0000000000000000       -2.6927378160331688E-008   3.2582127574067020E-006
   1.9207983545085648E-002  -20.000000000000078       0.16461829280070231        0.0000000000000000       -2.6927378160331685E-008   3.2851401355670336E-006
   2.0361462557790790E-002  -20.000000000000085       0.16461829280070228        0.0000000000000000       -2.6927378160282580E-008   3.3120675137273161E-006
   2.1584150311258238E-002  -20.000000000000096       0.16461829280070217        0.0000000000000000       -2.6927378160184659E-008   3.3389948918875007E-006
   2.2880199329933733E-002  -20.000000000000103       0.16461829280070214        0.0000000000000000       -2.6927378160111155E-008   3.3659222700476121E-006
   2.4254011289729760E-002  -20.000000000000117       0.16461829280070200        0.0000000000000000       -2.6927378160037563E-008   3.3928496482076497E-006
   2.5710251967113545E-002  -20.000000000000139       0.16461829280070184        0.0000000000000000       -2.6927378159939565E-008   3.4197770263675892E-006
   2.7253867085140361E-002  -20.000000000000171       0.16461829280070159        0.0000000000000000       -2.6927378159767975E-008   3.4467044045273571E-006
   2.8890099110248785E-002  -20.000000000000210       0.16461829280070134        0.0000000000000000       -2.6927378159498410E-008   3.4736317826868556E-006
   3.0624505056863711E-002  -20.000000000000249       0.16461829280070100        0.0000000000000000       -2.6927378159204493E-008   3.5005591608460602E-006
   3.2462975360275537E-002  -20.000000000000313       0.16461829280070051        0.0000000000000000       -2.6927378158738860E-008   3.5274865390047990E-006
   3.4411753881892070E-002  -20.000000000000394       0.16461829280069992        0.0000000000000000       -2.6927378158175239E-008   3.5544139171629740E-006
   3.6477459114805592E-002  -20.000000000000508       0.16461829280069901        0.0000000000000000       -2.6927378157391075E-008   3.5813412953203651E-006
   3.8667106661693929E-002  -20.000000000000668       0.16461829280069781        0.0000000000000000       -2.6927378156312848E-008   3.6082686734766780E-006
   4.0988133061395565E-002  -20.000000000000881       0.16461829280069618        0.0000000000000000       -2.6927378154891540E-008   3.6351960516315695E-006
   4.3448421045079302E-002  -20.000000000001155       0.16461829280069412        0.0000000000000000       -2.6927378153029292E-008   3.6621234297845988E-006
   4.6056326307784064E-002  -20.000000000001521       0.16461829280069129        0.0000000000000000       -2.6927378150456254E-008   3.6890508079350553E-006
   4.8820705886251106E-002  -20.000000000002014       0.16461829280068752        0.0000000000000000       -2.6927378147074710E-008   3.7159781860821299E-006
   5.1750948239426178E-002  -20.000000000002675       0.16461829280068246        0.0000000000000000       -2.6927378142541426E-008   3.7429055642246713E-006
   5.4857005133791749E-002  -20.000000000003567       0.16461829280067572        0.0000000000000000       -2.6927378136390861E-008   3.7698329423610624E-006
   5.8149425441819259E-002  -20.000000000004761       0.16461829280066659        0.0000000000000000       -2.6927378128206386E-008   3.7967603204892690E-006
   6.1639390968328420E-002  -20.000000000006356       0.16461829280065443        0.0000000000000000       -2.6927378117228551E-008   3.8236876986064972E-006
   6.5338754426428128E-002  -20.000000000008491       0.16461829280063811        0.0000000000000000       -2.6927378102525942E-008   3.8506150767090234E-006
   6.9260079692013823E-002  -20.000000000011354       0.16461829280061629        0.0000000000000000       -2.6927378082824485E-008   3.8775424547918477E-006
   7.3416684473534652E-002  -20.000000000015181       0.16461829280058707        0.0000000000000000       -2.6927378056506896E-008   3.9044698328483546E-006
   7.7822685541946740E-002  -20.000000000020297       0.16461829280054802        0.0000000000000000       -2.6927378021318663E-008   3.9313972108696733E-006
   8.2493046674463541E-002  -20.000000000027150       0.16461829280049572        0.0000000000000000       -2.6927377974196923E-008   3.9583245888438698E-006
   8.7443629474931353E-002  -20.000000000036316       0.16461829280042578        0.0000000000000000       -2.6927377911147466E-008   3.9852519667550174E-006
   9.2691247243427241E-002  -20.000000000048569       0.16461829280033224        0.0000000000000000       -2.6927377826877111E-008   4.0121793445818946E-006
   9.8253722078032873E-002  -20.000000000064961       0.16461829280020718        0.0000000000000000       -2.6927377714230712E-008   4.0391067222961257E-006
  0.10414994540271486       -20.000000000086871       0.16461829280003998        0.0000000000000000       -2.6927377563578309E-008   4.0660340998597044E-006
  0.11039994212687775       -20.000000000116163       0.16461829279981643        0.0000000000000000       -2.6927377362201934E-008   4.0929614772219061E-006
  0.11702493865449042       -20.000000000155310       0.16461829279951767        0.0000000000000000       -2.6927377093217952E-008   4.1198888543151239E-006
  0.12404743497375985       -20.000000000207613       0.16461829279911852        0.0000000000000000       -2.6927376733886469E-008   4.1468162310490101E-006
  0.13149128107218544       -20.000000000277499       0.16461829279858520        0.0000000000000000       -2.6927376253846716E-008   4.1737436073028565E-006
  0.13938175793651658       -20.000000000370846       0.16461829279787282        0.0000000000000000       -2.6927375612813250E-008   4.2006709829156700E-006
  0.14774566341270759       -20.000000000495515       0.16461829279692144        0.0000000000000000       -2.6927374756974426E-008   4.2275983576726448E-006
  0.15661140321747005       -20.000000000661991       0.16461829279565102        0.0000000000000000       -2.6927373614385435E-008   4.2545257312870306E-006
  0.16600908741051826       -20.000000000884228       0.16461829279395498        0.0000000000000000       -2.6927372089552627E-008   4.2814531033765835E-006
  0.17597063265514937       -20.000000001180858       0.16461829279169132        0.0000000000000000       -2.6927370055003817E-008   4.3083804734315869E-006
  0.18652987061445833       -20.000000001576684       0.16461829278867057        0.0000000000000000       -2.6927367340947733E-008   4.3353078407725350E-006
  0.19772266285132584       -20.000000002104755       0.16461829278464066        0.0000000000000000       -2.6927363721429002E-008   4.3622352044939639E-006
  0.20958702262240539       -20.000000002809099       0.16461829277926554        0.0000000000000000       -2.6927358895483816E-008   4.3891625633894481E-006
  0.22216324397974974       -20.000000003748301       0.16461829277209808        0.0000000000000000       -2.6927352462904789E-008   4.4160899158523531E-006
  0.23549403861853474       -20.000000005000352       0.16461829276254319        0.0000000000000000       -2.6927343891282958E-008   4.4430172597436362E-006
  0.24962468093564683       -20.000000006668998       0.16461829274980905        0.0000000000000000       -2.6927332472756302E-008   4.4699445922163925E-006
  0.26460316179178567       -20.000000008892197       0.16461829273284290        0.0000000000000000       -2.6927317266693970E-008   4.4968719094830863E-006
  0.28048035149929285       -20.000000011853352       0.16461829271024514        0.0000000000000000       -2.6927297023486307E-008   4.5237992065065728E-006
  0.29731017258925041       -20.000000015796140       0.16461829268015607        0.0000000000000000       -2.6927270083978182E-008   4.5507264765905508E-006
  0.31514978294460544       -20.000000021044205       0.16461829264010591        0.0000000000000000       -2.6927234246382947E-008   4.5776537108369340E-006
  0.33405976992128178       -20.000000028027159       0.16461829258681615        0.0000000000000000       -2.6927186590314486E-008   4.6045808974272489E-006
  0.35410435611655872       -20.000000037315054       0.16461829251593640        0.0000000000000000       -2.6927123244333820E-008   4.6315080206715831E-006
  0.37535161748355228       -20.000000049663811       0.16461829242169798        0.0000000000000000       -2.6927039079370338E-008   4.6584350597509535E-006
  0.39787371453256543       -20.000000066075295       0.16461829229645519        0.0000000000000000       -2.6926927304464057E-008   4.6853619870554175E-006
  0.42174713740451936       -20.000000087876565       0.16461829213008078        0.0000000000000000       -2.6926778933857370E-008   4.7122887659892747E-006
  0.44705296564879055       -20.000000116824282       0.16461829190916882        0.0000000000000000       -2.6926582086301060E-008   4.7392153480755762E-006
  0.47387714358771799       -20.000000155242244       0.16461829161598557        0.0000000000000000       -2.6926321063372430E-008   4.7661416691389484E-006
  0.50231077220298104       -20.000000206202351       0.16461829122708810        0.0000000000000000       -2.6925975139391458E-008   4.7930676442783400E-006
  0.53245041853515995       -20.000000273762346       0.16461829071151005        0.0000000000000000       -2.6925516974129566E-008   4.8199931612524697E-006
  0.56439844364726954       -20.000000363277984       0.16461829002837947        0.0000000000000000       -2.6924910533278774E-008   4.8469180717857486E-006
  0.59826335026610578       -20.000000481812339       0.16461828912379514        0.0000000000000000       -2.6924108367961887E-008   4.8738421801537102E-006
  0.63416015128207215       -20.000000638671803       0.16461828792673622        0.0000000000000000       -2.6923048060003256E-008   4.9007652282137134E-006
  0.67221076035899652       -20.000000846107046       0.16461828634371281        0.0000000000000000       -2.6921647585263488E-008   4.9276868757989767E-006
  0.71254440598053637       -20.000001120227317       0.16461828425178865        0.0000000000000000       -2.6919799282096919E-008   4.9546066750810735E-006
  0.75529807033936858       -20.000001482195504       0.16461828148946114        0.0000000000000000       -2.6917361989057448E-008   4.9815240370701313E-006
  0.80061695455973070       -20.000001959782583       0.16461827784479863        0.0000000000000000       -2.6914150850341763E-008   5.0084381879204732E-006
  0.84865497183331462       -20.000002589388099       0.16461827304002150        0.0000000000000000       -2.6909924107384504E-008   5.0353481120278580E-006
  0.89957527014331351       -20.000003418661763       0.16461826671149560        0.0000000000000000       -2.6904366021149921E-008   5.0622524780490080E-006
  0.95355078635191237       -20.000004509898400       0.16461825838382410        0.0000000000000000       -2.6897064838627469E-008   5.0891495428876351E-006
   1.0107648335330273       -20.000005944425656       0.16461824743636352        0.0000000000000000       -2.6887484430574736E-008   5.1160370273182095E-006
   1.0714117235450089       -20.000007828262383       0.16461823306004225        0.0000000000000000       -2.6874927872433160E-008   5.1429119551906423E-006
   1.1356974269577096       -20.000010299399115       0.16461821420180117        0.0000000000000000       -2.6858490801025521E-008   5.1697704459916675E-006
   1.2038402725751722       -20.000013537142831       0.16461818949328044        0.0000000000000000       -2.6837001843013363E-008   5.1966074478346806E-006
   1.2760716889296826       -20.000017774080273       0.16461815715952466        0.0000000000000000       -2.6808946756966304E-008   5.2234163945916472E-006
   1.3526369902654636       -20.000023311351221       0.16461811490242845        0.0000000000000000       -2.6772372144782219E-008   5.2501887667364293E-006
   1.4337962096813914       -20.000030538090318       0.16461805975237276        0.0000000000000000       -2.6724763643399053E-008   5.2769135303798282E-006
   1.5198249822622749       -20.000039956097559       0.16461798787996185        0.0000000000000000       -2.6662892394668845E-008   5.3035764227744970E-006
   1.6110154811980115       -20.000052211038959       0.16461789435793095        0.0000000000000000       -2.6582622288179001E-008   5.3301590450626760E-006
   1.7076774100698924       -20.000068131764948       0.16461777286111282        0.0000000000000000       -2.6478668969104585E-008   5.3566377140317806E-006
   1.8101390546740861       -20.000088779669543       0.16461761528979291        0.0000000000000000       -2.6344299900504053E-008   5.3829820139322849E-006
   1.9187483979545312       -20.000115510401187       0.16461741129882684        0.0000000000000000       -2.6170962881344357E-008   5.4091529768136297E-006
   2.0338743018318031       -20.000150050678428       0.16461714771152394        0.0000000000000000       -2.5947828374684200E-008   5.4351008051883142E-006
   2.1559077599417114       -20.000194593458321       0.16461680779353405        0.0000000000000000       -2.5661228869349209E-008   5.4607620340576630E-006
   2.2852632255382139       -20.000251915246473       0.16461637035785961        0.0000000000000000       -2.5293976374191234E-008   5.4860560104318540E-006
   2.4223800190705069       -20.000325519911879       0.16461580866775397        0.0000000000000000       -2.4824537199110837E-008   5.5108805476309649E-006
   2.5677238202147374       -20.000419813954370       0.16461508909983927        0.0000000000000000       -2.4226041633554318E-008   5.5351065892645189E-006
   2.7217882494276218       -20.000540318726230       0.16461416952560068        0.0000000000000000       -2.3465105365689355E-008   5.5585716946302082E-006
   2.8850965443932792       -20.000693925495529       0.16461299736654694        0.0000000000000000       -2.2500440498978981E-008   5.5810721351291870E-006
   3.0582033370568760       -20.000889201262446       0.16461150726299967        0.0000000000000000       -2.1281224721983120E-008   5.6023533598511697E-006
   3.2416965372802888       -20.001136748812840       0.16460961833042920        0.0000000000000000       -1.9745232467952507E-008   5.6220985923191221E-006
   3.4361993295171063       -20.001449629444526       0.16460723093972432        0.0000000000000000       -1.7816704038362028E-008   5.6399152963574839E-006
   3.6361993295171064       -20.001830067494183       0.16460432816936960        0.0000000000000000       -1.5487767058049303E-008   5.6554030634155331E-006
   3.8361993295171066       -20.002274518764203       0.16460093712286944        0.0000000000000000       -1.2785537154445024E-008   5.6681886005699782E-006
   4.0361993295171068       -20.002788202990185       0.16459701804770388        0.0000000000000000       -9.6837551992997757E-009   5.6778723557692779E-006
   4.2361993295171070       -20.003376226208349       0.16459253207861502        0.0000000000000000       -6.1575009297190445E-009   5.6840298566989970E-006
   4.4361993295171072       -20.004043549041732       0.16458744148226576        0.0000000000000000       -2.1833717112137019E-009   5.6862132284102104E-006
   4.6361993295171073       -20.004794957985865       0.16458170987900617        0.0000000000000000        2.2603624719171485E-009   5.6884735908821272E-006
   4.8361993295171075       -20.005635039647117       0.16457530244205379        0.0000000000000000        7.1936270157368398E-009   5.6956672178978637E-006
   5.0361993295171077       -20.006568157861206       0.16456818607459126        0.0000000000000000        1.2634432761879535E-008   5.7083016506597437E-006
