 #              _____________________  _______________________             #
 #              ___  __ \__  __ \_  / / /_  /___  ____/_  ___/             #
 #              __  / / /_  /_/ /  / / /_  __/_  __/  _____ \              #
 #              _  /_/ /_  _, _// /_/ / / /_ _  /___  ____/ /              #
 #              /_____/ /_/ |_| \____/  \__/ /_____/  /____/               #
 #                                                                         #
  
 #        time                      T            heat flux [W.L-2]   in    x              directions   cumulative flux
 #-----------------------------------------------------------------------------------------------

   0.0000000000000000        25.000000000000000        2985676.6496329717        2985676.6496329717     
   9.9999999999999995E-007   25.000000000000000        2985652.6838085535        5971329.3334415257     
   2.0599999999999998E-006   25.000000000000000        2985627.2802960780        8956956.6137376036     
   3.1835999999999999E-006   25.000000000000000        2985600.3528665649        11942556.966604169     
   4.3746160000000000E-006   25.000000000000000        2985571.8101212848        14928128.776725454     
   5.6370929600000005E-006   25.000000000000000        2985541.5551820705        17913670.331907526     
   6.9753185376000006E-006   25.000000000000000        2985509.4853631011        20899179.817270625     
   8.3938376498560019E-006   25.000000000000000        2985475.4918230679        23884655.309093691     
   9.8974679088473630E-006   25.000000000000000        2985439.4591965419        26870094.768290233     
   1.1491315983378205E-005   25.000000000000000        2985401.2652033148        29855496.033493549     
   1.3180794942380898E-005   25.000000000000000        2985360.7802343946        32840856.813727945     
   1.4971642638923753E-005   25.000000000000000        2985317.8669132632        35826174.680641212     
   1.6869941197259179E-005   25.000000000000000        2985272.3796309475        38811447.060272157     
   1.8882137669094732E-005   25.000000000000000        2985224.1640533237        41796671.224325478     
   2.1015065929240418E-005   25.000000000000000        2985173.0565990042        44781844.280924484     
   2.3275969884994844E-005   25.000000000000000        2985118.8838860914        47766963.164810576     
   2.5672528078094535E-005   25.000000000000000        2985061.4621459106        50752024.626956485     
   2.8212879762780208E-005   25.000000000000000        2985000.5966018103        53737025.223558292     
   3.0905652548547020E-005   25.000000000000000        2984936.0808109092        56721961.304369204     
   3.3759991701459843E-005   25.000000000000000        2984867.6959666447        59706829.000335850     
   3.6785591203547436E-005   25.000000000000000        2984795.2101597791        62691624.210495628     
   3.9992726675760282E-005   25.000000000000000        2984718.3775954032        65676342.588091031     
   4.3392290276305902E-005   25.000000000000000        2984636.9377633734        68660979.525854409     
   4.6995827692884256E-005   25.000000000000000        2984550.6145593934        71645530.140413806     
   5.0815577354457314E-005   25.000000000000000        2984459.1153538669        74629989.255767673     
   5.4864511995724756E-005   25.000000000000000        2984362.1300054393        77614351.385773107     
   5.9156382715468245E-005   25.000000000000000        2984259.3298159544        80598610.715589061     
   6.3705765678396338E-005   25.000000000000000        2984150.3664234341        83582761.082012489     
   6.8528111619100117E-005   25.000000000000000        2984034.8706294056        86566795.952641889     
   7.3639798316246135E-005   25.000000000000000        2983912.4511567526        89550708.403798640     
   7.9058186215220911E-005   25.000000000000000        2983782.6933340374        92534491.097132683     
   8.4801677388134168E-005   25.000000000000000        2983645.1577019822        95518136.254834667     
   9.0889778031422224E-005   25.000000000000000        2983499.3785375971        98501635.633372262     
   9.7343164713307561E-005   25.000000000000000        2983344.8622911512        101484980.49566342     
   1.0418375459610602E-004   25.000000000000000        2983181.0859309495        104468161.58159436     
   1.1143477987187239E-004   25.000000000000000        2983007.4951905464        107451169.07678491     
   1.1912086666418474E-004   25.000000000000000        2982823.5027127923        110433992.57949769     
   1.2726811866403583E-004   25.000000000000000        2982628.4860847485        113416621.06558244     
   1.3590420578387798E-004   25.000000000000000        2982421.7857571878        116399042.85133962     
   1.4505845813091067E-004   25.000000000000000        2982202.7028420875        119381245.55418171     
   1.5476196561876532E-004   25.000000000000000        2981970.4967811187        122363216.05096284     
   1.6504768355589123E-004   25.000000000000000        2981724.3828777792        125344940.43384062     
   1.7595054456924473E-004   25.000000000000000        2981463.5296854293        128326403.96352604     
   1.8750757724339941E-004   25.000000000000000        2981187.0562430657        131307591.01976910     
   1.9975803187800338E-004   25.000000000000000        2980894.0291502401        134288485.04891935     
   2.1274351379068360E-004   25.000000000000000        2980583.4594720830        137269068.50839144     
   2.2650812461812462E-004   25.000000000000000        2980254.2994649266        140249322.80785638     
   2.4109861209521211E-004   25.000000000000000        2979905.4391125306        143229228.24696892     
   2.5656452882092485E-004   25.000000000000000        2979535.7024623924        146208763.94943133     
   2.7295840055018038E-004   25.000000000000000        2979143.8437511334        149187907.79318246     
   2.9033590458319119E-004   25.000000000000000        2978728.5433073682        152166636.33648983     
   3.0875605885818269E-004   25.000000000000000        2978288.4032199327        155144924.73970976     
   3.2828142238967368E-004   25.000000000000000        2977821.9427587222        158122746.68246847     
   3.4897830773305411E-004   25.000000000000000        2977327.5935348473        161100074.27600333     
   3.7091700619703736E-004   25.000000000000000        2976803.6943861335        164076877.97038946     
   3.9417202656885961E-004   25.000000000000000        2976248.4859734206        167053126.45636287     
   4.1882234816299123E-004   25.000000000000000        2975660.1050724210        170028786.56143528     
   4.4495168905277075E-004   25.000000000000000        2975036.5785452491        173003823.13998052     
   4.7264879039593701E-004   25.000000000000000        2974375.8169750934        175978198.95695561     
   5.0200771781969329E-004   25.000000000000000        2973675.6079467847        178951874.56490240     
   5.3312818088887485E-004   25.000000000000000        2972933.6089553549        181924808.17385775     
   5.6611587174220735E-004   25.000000000000000        2972147.3399239928        184896955.51378173     
   6.0108282404673977E-004   25.000000000000000        2971314.1753121382        187868269.68909386     
   6.3814779348954419E-004   25.000000000000000        2970431.3357937671        190838701.02488762     
   6.7743666109891683E-004   25.000000000000000        2969495.8794852821        193808196.90437290     
   7.1908286076485188E-004   25.000000000000000        2968504.6927017844        196776701.59707469     
   7.6322783241074298E-004   25.000000000000000        2967454.4802199188        199744156.07729462     
   8.1002150235538761E-004   25.000000000000000        2966341.7550248858        202710497.83231950     
   8.5962279249671093E-004   25.000000000000000        2965162.8275187435        205675660.65983823     
   9.1220016004651364E-004   25.000000000000000        2963913.9196722801        208639574.57951051     
   9.6793216964930449E-004   25.000000000000000        2962590.7917899438        211602165.37130046     
   1.0270080998282629E-003   25.000000000000000        2961189.0778144207        214563354.44911489     
   1.0896285858179586E-003   25.000000000000000        2959704.1602772390        217523058.60939214     
   1.1560063009670362E-003   25.000000000000000        2958131.1564772413        220481189.76586938     
   1.2263666790250584E-003   25.000000000000000        2956464.9039782188        223437654.66984761     
   1.3009486797665620E-003   25.000000000000000        2954699.9454017701        226392354.61524937     
   1.3800056005525557E-003   25.000000000000000        2952830.5124918697        229345185.12774125     
   1.4638059365857090E-003   25.000000000000000        2950850.5094282231        232296035.63716948     
   1.5526342927808516E-003   25.000000000000000        2948753.4953662902        235244789.13253576     
   1.6467923503477029E-003   25.000000000000000        2946532.6661830060        238191321.79871875     
   1.7465998913685651E-003   25.000000000000000        2944180.8354085395        241135502.63412729     
   1.8523958848506790E-003   25.000000000000000        2941690.4143261621        244077193.04845345     
   1.9645396379417198E-003   25.000000000000000        2939053.3912243810        247016246.43967783     
   2.0834120162182231E-003   25.000000000000000        2936261.3097878434        249952507.74946567     
   2.2094167371913167E-003   25.000000000000000        2933305.2466164716        252885812.99608216     
   2.3429817414227960E-003   25.000000000000000        2930175.7878655759        255815988.78394774     
   2.4845606459081640E-003   25.000000000000000        2926863.0050035054        258742851.78895125     
   2.6346342846626540E-003   25.000000000000000        2923356.4296877729        261666208.21863902     
   2.7937123417424133E-003   25.000000000000000        2919645.0277655139        264585853.24640453     
   2.9623350822469583E-003   25.000000000000000        2915717.1724096304        267501570.41881415     
   3.1410751871817758E-003   25.000000000000000        2911560.6164081553        270413131.03522229     
   3.3305396984126827E-003   25.000000000000000        2907162.4636311247        273320293.49885345     
   3.5313720803174437E-003   25.000000000000000        2902509.1397067099        276222802.63856018     
   3.7442544051364906E-003   25.000000000000000        2897586.3619464543        279120389.00050664     
   3.9699096694446800E-003   25.000000000000000        2892379.1085681999        282012768.10907483     
   4.2091042496113611E-003   25.000000000000000        2886871.5872746687        284899639.69634950     
   4.4626505045880427E-003   25.000000000000000        2881047.2032555914        287780686.89960510     
   4.7314095348633253E-003   25.000000000000000        2874888.5266917120        290655575.42629683     
   5.0162941069551254E-003   25.000000000000000        2868377.2598498352        293523952.68614668     
   5.3182717533724333E-003   25.000000000000000        2861494.2038692180        296385446.89001590     
   5.6383680585747799E-003   25.000000000000000        2854219.2253507804        299239666.11536670     
   5.9776701420892675E-003   25.000000000000000        2846531.2228717669        302086197.33823848     
   6.3373303506146237E-003   25.000000000000000        2838408.0935592372        304924605.43179774     
   6.7185701716515013E-003   25.000000000000000        2829826.6998658213        307754432.13166356     
   7.1226843819505916E-003   25.000000000000000        2820762.8367003119        310575194.96836388     
   7.5510454448676273E-003   25.000000000000000        2811191.1990732243        313386386.16743708     
   8.0051081715596852E-003   25.000000000000000        2801085.3504232294        316187471.51786029     
   8.4864146618532661E-003   25.000000000000000        2790417.6917936048        318977889.20965391     
   8.9965995415644626E-003   25.000000000000000        2779159.4320281213        321757048.64168203     
   9.5373955140583312E-003   25.000000000000000        2767280.5591523340        324524329.20083433     
   1.0110639244901831E-002   25.000000000000000        2754749.8130985908        327279079.01393294     
   1.0718277599595941E-002   25.000000000000000        2741534.6599203330        330020613.67385328     
   1.1362374255571697E-002   25.000000000000000        2727601.2676229961        332748214.94147629     
   1.2045116710905999E-002   25.000000000000000        2712914.4837142872        335461129.42519057     
   1.2768823713560359E-002   25.000000000000000        2697437.8145454475        338158567.23973602     
   1.3535953136373981E-002   25.000000000000000        2681133.4064769461        340839700.64621300     
   1.4349110324556422E-002   25.000000000000000        2663962.0288568432        343503662.67506981     
   1.5211056944029808E-002   25.000000000000000        2645883.0587481307        346149545.73381793     
   1.6124720360671599E-002   25.000000000000000        2626854.4672834622        348776400.20110142     
   1.7093203582311894E-002   25.000000000000000        2606832.8074631514        351383233.00856459     
   1.8119795797250610E-002   25.000000000000000        2585773.2031472651        353969006.21171188     
   1.9207983545085648E-002   25.000000000000000        2563629.3389281002        356532635.55063999     
   2.0361462557790790E-002   25.000000000000000        2540353.4505093433        359072989.00114936     
   2.1584150311258238E-002   25.000000000000000        2515896.3151681889        361588885.31631756     
   2.2880199329933733E-002   25.000000000000000        2490207.2418434047        364079092.55816096     
   2.4254011289729760E-002   25.000000000000000        2463234.0603842181        366542326.61854517     
   2.5710251967113545E-002   25.000000000000000        2434923.1095222426        368977249.72806740     
   2.7253867085140361E-002   25.000000000000000        2405219.2232035347        371382468.95127094     
   2.8890099110248785E-002   25.000000000000000        2374065.7150550503        373756534.66632599     
   3.0624505056863711E-002   25.000000000000000        2341404.3609763621        376097939.02730232     
   3.2462975360275537E-002   25.000000000000000        2307175.3801650084        378405114.40746731     
   3.4411753881892070E-002   25.000000000000000        2271317.4153298605        380676431.82279718     
   3.6477459114805592E-002   25.000000000000000        2233767.5134602142        382910199.33625740     
   3.8667106661693929E-002   25.000000000000000        2194461.1093580164        385104660.44561541     
   4.0988133061395565E-002   25.000000000000000        2153332.0153043796        387257992.46091980     
   4.3448421045079302E-002   25.000000000000000        2110312.4218877214        389368304.88280749     
   4.6056326307784064E-002   25.000000000000000        2065332.9174687986        391433637.80027628     
   4.8820705886251106E-002   25.000000000000000        2018322.5375314103        393451960.33780771     
   5.1750948239426178E-002   25.000000000000000        1969208.8612160881        395421169.19902378     
   5.4857005133791749E-002   25.000000000000000        1917918.1823273723        397339087.38135117     
   5.8149425441819259E-002   25.000000000000000        1864375.7989392390        399203463.18029040     
   6.1639390968328420E-002   25.000000000000000        1808506.4943394475        401011969.67462987     
   6.5338754426428128E-002   25.000000000000000        1750235.3307330236        402762205.00536287     
   6.9260079692013823E-002   25.000000000000000        1689488.9594553567        404451693.96481824     
   7.3416684473534652E-002   25.000000000000000        1626175.0392113111        406077869.00402957     
   7.7822685541946740E-002   25.000000000000000        1560247.2367957372        407638116.24082530     
   8.2493046674463541E-002   25.000000000000000        1491654.7885677835        409129771.02939308     
   8.7443629474931353E-002   25.000000000000000        1420369.8548009444        410550140.88419402     
   9.2691247243427241E-002   25.000000000000000        1346403.8525953023        411896544.73678935     
   9.8253722078032873E-002   25.000000000000000        1269833.8939345791        413166378.63072395     
  0.10414994540271486        25.000000000000000        1190844.4218067022        414357223.05253065     
  0.11039994212687775        25.000000000000000        1109789.9973795824        415467013.04991025     
  0.11702493865449042        25.000000000000000        1027283.5043660774        416494296.55427635     
  0.12404743497375985        25.000000000000000        944305.57243271358        417438602.12670904     
  0.13149128107218544        25.000000000000000        862309.57841161778        418300911.70512068     
  0.13938175793651658        25.000000000000000        783259.88912712329        419084171.59424782     
  0.14774566341270759        25.000000000000000        709507.57997367356        419793679.17422152     
  0.15661140321747005        25.000000000000000        643432.38362381049        420437111.55784535     
  0.16600908741051826        25.000000000000000        586912.69596060261        421024024.25380594     
  0.17597063265514937        25.000000000000000        540857.80093343591        421564882.05473936     
  0.18652987061445833        25.000000000000000        505053.27721818845        422069935.33195752     
  0.19772266285132584        25.000000000000000        478368.88214474672        422548304.21410227     
  0.20958702262240539        25.000000000000000        459161.70819847059        423007465.92230076     
  0.22216324397974974        25.000000000000000        445664.86718616931        423453130.78948694     
  0.23549403861853474        25.000000000000000        436245.93072878954        423889376.72021574     
  0.24962468093564683        25.000000000000000        429522.68969643558        424318899.40991217     
  0.26460316179178567        25.000000000000000        424393.22535587469        424743292.63526803     
  0.28048035149929285        25.000000000000000        419923.54727503849        425163216.18254310     
  0.29731017258925041        25.000000000000000        415367.10833902640        425578583.29088211     
  0.31514978294460544        25.000000000000000        410069.51119566464        425988652.80207777     
  0.33405976992128178        25.000000000000000        403429.60726026125        426392082.40933806     
  0.35410435611655872        25.000000000000000        394904.64261171746        426786987.05194980     
  0.37535161748355228        25.000000000000000        384084.26505316742        427171071.31700295     
  0.39787371453256543        25.000000000000000        370845.03831553570        427541916.35531849     
  0.42174713740451936        25.000000000000000        355541.63503110618        427897457.99034959     
  0.44705296564879055        25.000000000000000        339099.65956606431        428236557.64991564     
  0.47387714358771799        25.000000000000000        322848.61501506210        428559406.26493073     
  0.50231077220298104        25.000000000000000        308096.08157740801        428867502.34650815     
  0.53245041853515995        25.000000000000000        295689.99999850936        429163192.34650666     
  0.56439844364726954        25.000000000000000        285836.33463053999        429449028.68113720     
  0.59826335026610578        25.000000000000000        278200.62065562693        429727229.30179286     
  0.63416015128207215        25.000000000000000        272130.52560624969        429999359.82739913     
  0.67221076035899652        25.000000000000000        266851.72980887158        430266211.55720800     
  0.71254440598053637        25.000000000000000        261598.34878273620        430527809.90599072     
  0.75529807033936858        25.000000000000000        255716.76322970382        430783526.66922045     
  0.80061695455973070        25.000000000000000        248794.00946945709        431032320.67868990     
  0.84865497183331462        25.000000000000000        240805.51936118209        431273126.19805110     
  0.89957527014331351        25.000000000000000        232179.25388613532        431505305.45193726     
  0.95355078635191237        25.000000000000000        223645.24775668880        431728950.69969392     
   1.0107648335330273        25.000000000000000        215897.50307650291        431944848.20277041     
   1.0714117235450089        25.000000000000000        209287.37204033544        432154135.57481074     
   1.1356974269577096        25.000000000000000        203732.11479723448        432357867.68960798     
   1.2038402725751722        25.000000000000000        198824.23159130992        432556691.92119926     
   1.2760716889296826        25.000000000000000        194032.91107375105        432750724.83227301     
   1.3526369902654636        25.000000000000000        188928.39986288533        432939653.23213589     
   1.4337962096813914        25.000000000000000        183376.10382757118        433123029.33596349     
   1.5198249822622749        25.000000000000000        177595.21287793427        433300624.54884142     
   1.6110154811980115        25.000000000000000        172032.71294707560        433472657.26178849     
   1.7076774100698924        25.000000000000000        166953.69179393584        433639610.95358241     
   1.8101390546740861        25.000000000000000        162419.64880555074        433802030.60238796     
   1.9187483979545312        25.000000000000000        158207.69835966002        433960238.30074763     
   2.0338743018318031        25.000000000000000        154013.97718602349        434114252.27793366     
   2.1559077599417114        25.000000000000000        149681.42020202990        434263933.69813567     
   2.2852632255382139        25.000000000000000        145297.58360292308        434409231.28173858     
   2.4223800190705069        25.000000000000000        141080.85970424800        434550312.14144284     
   2.5677238202147374        25.000000000000000        137165.05301497655        434687477.19445783     
   2.7217882494276218        25.000000000000000        133491.54216172796        434820968.73661953     
   2.8850965443932792        25.000000000000000        129898.62931840053        434950867.36593795     
   3.0582033370568760        25.000000000000000        126298.71265467021        435077166.07859260     
   3.2416965372802888        25.000000000000000        122750.37468386767        435199916.45327646     
   3.4361993295171063        25.000000000000000        119357.27415984827        435319273.72743630     
   3.6361993295171064        25.000000000000000        116219.26161023026        435435492.98904651     
   3.8361993295171066        25.000000000000000        113325.74573575982        435548818.73478228     
   4.0361993295171068        25.000000000000000        110603.81395728776        435659422.54873955     
   4.2361993295171070        25.000000000000000        108045.85158638148        435767468.40032595     
   4.4361993295171072        25.000000000000000        105669.21724326162        435873137.61756921     
   4.6361993295171073        25.000000000000000        103470.01318823191        435976607.63075745     
   4.8361993295171075        25.000000000000000        101417.35796994365        436078024.98872739     
   5.0361993295171077        25.000000000000000        99477.595910525110        436177502.58463794     
