 #              _____________________  _______________________             #
 #              ___  __ \__  __ \_  / / /_  /___  ____/_  ___/             #
 #              __  / / /_  /_/ /  / / /_  __/_  __/  _____ \              #
 #              _  /_/ /_  _, _// /_/ / / /_ _  /___  ____/ /              #
 #              /_____/ /_/ |_| \____/  \__/ /_____/  /____/               #
 #                                                                         #
  
 #        time                      h  [L]                   theta [-]evaporati       Darcian flow [L.T^{-1}]   in    x              directions   cumulative flux
 #-----------------------------------------------------------------------------------------------

   0.0000000000000000       -20.000000000000000       0.16461829280070292        0.0000000000000000       -2.6927378160528074E-008   2.6927378160528074E-008
   9.9999999999999995E-007  -19.999999999999996       0.16461829280070295        0.0000000000000000       -2.6927378160503673E-008   5.3854756321031750E-008
   2.0599999999999998E-006  -19.999999999999996       0.16461829280070295        0.0000000000000000       -2.6927378160503673E-008   8.0782134481535423E-008
   3.1835999999999999E-006  -20.000000000000000       0.16461829280070292        0.0000000000000000       -2.6927378160503596E-008   1.0770951264203902E-007
   4.3746160000000000E-006  -20.000000000000004       0.16461829280070289        0.0000000000000000       -2.6927378160479052E-008   1.3463689080251807E-007
   5.6370929600000005E-006  -20.000000000000004       0.16461829280070289        0.0000000000000000       -2.6927378160454571E-008   1.6156426896297264E-007
   6.9753185376000006E-006  -20.000000000000007       0.16461829280070284        0.0000000000000000       -2.6927378160454492E-008   1.8849164712342713E-007
   8.3938376498560019E-006  -20.000000000000007       0.16461829280070284        0.0000000000000000       -2.6927378160430017E-008   2.1541902528385714E-007
   9.8974679088473630E-006  -20.000000000000011       0.16461829280070281        0.0000000000000000       -2.6927378160430087E-008   2.4234640344428723E-007
   1.1491315983378205E-005  -20.000000000000014       0.16461829280070281        0.0000000000000000       -2.6927378160405609E-008   2.6927378160469283E-007
   1.3180794942380898E-005  -20.000000000000014       0.16461829280070281        0.0000000000000000       -2.6927378160381131E-008   2.9620115976507397E-007
   1.4971642638923753E-005  -20.000000000000014       0.16461829280070281        0.0000000000000000       -2.6927378160381131E-008   3.2312853792545512E-007
   1.6869941197259179E-005  -20.000000000000018       0.16461829280070278        0.0000000000000000       -2.6927378160356653E-008   3.5005591608581175E-007
   1.8882137669094732E-005  -20.000000000000018       0.16461829280070278        0.0000000000000000       -2.6927378160381127E-008   3.7698329424619289E-007
   2.1015065929240418E-005  -20.000000000000021       0.16461829280070275        0.0000000000000000       -2.6927378160381051E-008   4.0391067240657393E-007
   2.3275969884994844E-005  -20.000000000000021       0.16461829280070275        0.0000000000000000       -2.6927378160356577E-008   4.3083805056693051E-007
   2.5672528078094535E-005  -20.000000000000021       0.16461829280070275        0.0000000000000000       -2.6927378160381051E-008   4.5776542872731155E-007
   2.8212879762780208E-005  -20.000000000000025       0.16461829280070273        0.0000000000000000       -2.6927378160380975E-008   4.8469280688769248E-007
   3.0905652548547020E-005  -20.000000000000025       0.16461829280070273        0.0000000000000000       -2.6927378160380975E-008   5.1162018504807342E-007
   3.3759991701459843E-005  -20.000000000000025       0.16461829280070273        0.0000000000000000       -2.6927378160405453E-008   5.3854756320847891E-007
   3.6785591203547436E-005  -20.000000000000028       0.16461829280070267        0.0000000000000000       -2.6927378160429924E-008   5.6547494136890887E-007
   3.9992726675760282E-005  -20.000000000000028       0.16461829280070267        0.0000000000000000       -2.6927378160454399E-008   5.9240231952936328E-007
   4.3392290276305902E-005  -20.000000000000032       0.16461829280070267        0.0000000000000000       -2.6927378160429924E-008   6.1932969768979323E-007
   4.6995827692884256E-005  -20.000000000000032       0.16461829280070267        0.0000000000000000       -2.6927378160429924E-008   6.4625707585022319E-007
   5.0815577354457314E-005  -20.000000000000036       0.16461829280070267        0.0000000000000000       -2.6927378160429779E-008   6.7318445401065293E-007
   5.4864511995724756E-005  -20.000000000000039       0.16461829280070261        0.0000000000000000       -2.6927378160405367E-008   7.0011183217105832E-007
   5.9156382715468245E-005  -20.000000000000036       0.16461829280070267        0.0000000000000000       -2.6927378160429779E-008   7.2703921033148806E-007
   6.3705765678396338E-005  -20.000000000000036       0.16461829280070267        0.0000000000000000       -2.6927378160429779E-008   7.5396658849191780E-007
   6.8528111619100117E-005  -20.000000000000039       0.16461829280070261        0.0000000000000000       -2.6927378160429845E-008   7.8089396665234765E-007
   7.3639798316246135E-005  -20.000000000000039       0.16461829280070261        0.0000000000000000       -2.6927378160405367E-008   8.0782134481275304E-007
   7.9058186215220911E-005  -20.000000000000043       0.16461829280070259        0.0000000000000000       -2.6927378160405364E-008   8.3474872297315843E-007
   8.4801677388134168E-005  -20.000000000000039       0.16461829280070261        0.0000000000000000       -2.6927378160429845E-008   8.6167610113358828E-007
   9.0889778031422224E-005  -20.000000000000036       0.16461829280070267        0.0000000000000000       -2.6927378160429779E-008   8.8860347929401802E-007
   9.7343164713307561E-005  -20.000000000000039       0.16461829280070261        0.0000000000000000       -2.6927378160405367E-008   9.1553085745442341E-007
   1.0418375459610602E-004  -20.000000000000036       0.16461829280070267        0.0000000000000000       -2.6927378160405301E-008   9.4245823561482870E-007
   1.1143477987187239E-004  -20.000000000000036       0.16461829280070267        0.0000000000000000       -2.6927378160405301E-008   9.6938561377523398E-007
   1.1912086666418474E-004  -20.000000000000032       0.16461829280070267        0.0000000000000000       -2.6927378160429924E-008   9.9631299193566383E-007
   1.2726811866403583E-004  -20.000000000000032       0.16461829280070267        0.0000000000000000       -2.6927378160429924E-008   1.0232403700960937E-006
   1.3590420578387798E-004  -20.000000000000032       0.16461829280070267        0.0000000000000000       -2.6927378160454399E-008   1.0501677482565481E-006
   1.4505845813091067E-004  -20.000000000000032       0.16461829280070267        0.0000000000000000       -2.6927378160429924E-008   1.0770951264169779E-006
   1.5476196561876532E-004  -20.000000000000032       0.16461829280070267        0.0000000000000000       -2.6927378160454399E-008   1.1040225045774324E-006
   1.6504768355589123E-004  -20.000000000000028       0.16461829280070267        0.0000000000000000       -2.6927378160503355E-008   1.1309498827379357E-006
   1.7595054456924473E-004  -20.000000000000032       0.16461829280070267        0.0000000000000000       -2.6927378160478880E-008   1.1578772608984147E-006
   1.8750757724339941E-004  -20.000000000000036       0.16461829280070267        0.0000000000000000       -2.6927378160454253E-008   1.1848046390588689E-006
   1.9975803187800338E-004  -20.000000000000036       0.16461829280070267        0.0000000000000000       -2.6927378160454253E-008   1.2117320172193231E-006
   2.1274351379068360E-004  -20.000000000000032       0.16461829280070267        0.0000000000000000       -2.6927378160454399E-008   1.2386593953797775E-006
   2.2650812461812462E-004  -20.000000000000032       0.16461829280070267        0.0000000000000000       -2.6927378160478880E-008   1.2655867735402564E-006
   2.4109861209521211E-004  -20.000000000000036       0.16461829280070267        0.0000000000000000       -2.6927378160478735E-008   1.2925141517007352E-006
   2.5656452882092485E-004  -20.000000000000039       0.16461829280070261        0.0000000000000000       -2.6927378160478801E-008   1.3194415298612140E-006
   2.7295840055018038E-004  -20.000000000000036       0.16461829280070267        0.0000000000000000       -2.6927378160478735E-008   1.3463689080216927E-006
   2.9033590458319119E-004  -20.000000000000032       0.16461829280070267        0.0000000000000000       -2.6927378160478880E-008   1.3732962861821717E-006
   3.0875605885818269E-004  -20.000000000000028       0.16461829280070267        0.0000000000000000       -2.6927378160478880E-008   1.4002236643426507E-006
   3.2828142238967368E-004  -20.000000000000028       0.16461829280070267        0.0000000000000000       -2.6927378160478880E-008   1.4271510425031297E-006
   3.4897830773305411E-004  -20.000000000000032       0.16461829280070267        0.0000000000000000       -2.6927378160503355E-008   1.4540784206636330E-006
   3.7091700619703736E-004  -20.000000000000032       0.16461829280070267        0.0000000000000000       -2.6927378160503355E-008   1.4810057988241363E-006
   3.9417202656885961E-004  -20.000000000000028       0.16461829280070267        0.0000000000000000       -2.6927378160527833E-008   1.5079331769846642E-006
   4.1882234816299123E-004  -20.000000000000028       0.16461829280070267        0.0000000000000000       -2.6927378160503355E-008   1.5348605551451675E-006
   4.4495168905277075E-004  -20.000000000000025       0.16461829280070273        0.0000000000000000       -2.6927378160503362E-008   1.5617879333056709E-006
   4.7264879039593701E-004  -20.000000000000025       0.16461829280070273        0.0000000000000000       -2.6927378160527839E-008   1.5887153114661988E-006
   5.0200771781969329E-004  -20.000000000000025       0.16461829280070273        0.0000000000000000       -2.6927378160527839E-008   1.6156426896267267E-006
   5.3312818088887485E-004  -20.000000000000025       0.16461829280070273        0.0000000000000000       -2.6927378160527839E-008   1.6425700677872546E-006
   5.6611587174220735E-004  -20.000000000000028       0.16461829280070267        0.0000000000000000       -2.6927378160527833E-008   1.6694974459477824E-006
   6.0108282404673977E-004  -20.000000000000028       0.16461829280070267        0.0000000000000000       -2.6927378160527833E-008   1.6964248241083103E-006
   6.3814779348954419E-004  -20.000000000000025       0.16461829280070273        0.0000000000000000       -2.6927378160576792E-008   1.7233522022688871E-006
   6.7743666109891683E-004  -20.000000000000021       0.16461829280070275        0.0000000000000000       -2.6927378160576868E-008   1.7502795804294640E-006
   7.1908286076485188E-004  -20.000000000000018       0.16461829280070278        0.0000000000000000       -2.6927378160601425E-008   1.7772069585900653E-006
   7.6322783241074298E-004  -20.000000000000018       0.16461829280070278        0.0000000000000000       -2.6927378160601425E-008   1.8041343367506667E-006
   8.1002150235538761E-004  -20.000000000000014       0.16461829280070281        0.0000000000000000       -2.6927378160601429E-008   1.8310617149112681E-006
   8.5962279249671093E-004  -20.000000000000014       0.16461829280070281        0.0000000000000000       -2.6927378160601429E-008   1.8579890930718694E-006
   9.1220016004651364E-004  -20.000000000000011       0.16461829280070281        0.0000000000000000       -2.6927378160601429E-008   1.8849164712324708E-006
   9.6793216964930449E-004  -20.000000000000011       0.16461829280070281        0.0000000000000000       -2.6927378160625903E-008   1.9118438493930968E-006
   1.0270080998282629E-003  -20.000000000000014       0.16461829280070281        0.0000000000000000       -2.6927378160601429E-008   1.9387712275536981E-006
   1.0896285858179586E-003  -20.000000000000021       0.16461829280070275        0.0000000000000000       -2.6927378160576868E-008   1.9656986057142749E-006
   1.1560063009670362E-003  -20.000000000000021       0.16461829280070275        0.0000000000000000       -2.6927378160576868E-008   1.9926259838748517E-006
   1.2263666790250584E-003  -20.000000000000018       0.16461829280070278        0.0000000000000000       -2.6927378160576944E-008   2.0195533620354286E-006
   1.3009486797665620E-003  -20.000000000000018       0.16461829280070278        0.0000000000000000       -2.6927378160576944E-008   2.0464807401960054E-006
   1.3800056005525557E-003  -20.000000000000018       0.16461829280070278        0.0000000000000000       -2.6927378160576944E-008   2.0734081183565822E-006
   1.4638059365857090E-003  -20.000000000000021       0.16461829280070275        0.0000000000000000       -2.6927378160552393E-008   2.1003354965171344E-006
   1.5526342927808516E-003  -20.000000000000018       0.16461829280070278        0.0000000000000000       -2.6927378160552470E-008   2.1272628746776871E-006
   1.6467923503477029E-003  -20.000000000000014       0.16461829280070281        0.0000000000000000       -2.6927378160601429E-008   2.1541902528382885E-006
   1.7465998913685651E-003  -20.000000000000011       0.16461829280070281        0.0000000000000000       -2.6927378160625903E-008   2.1811176309989144E-006
   1.8523958848506790E-003  -20.000000000000014       0.16461829280070281        0.0000000000000000       -2.6927378160601429E-008   2.2080450091595158E-006
   1.9645396379417198E-003  -20.000000000000011       0.16461829280070281        0.0000000000000000       -2.6927378160601429E-008   2.2349723873201171E-006
   2.0834120162182231E-003  -20.000000000000014       0.16461829280070281        0.0000000000000000       -2.6927378160576948E-008   2.2618997654806939E-006
   2.2094167371913167E-003  -20.000000000000014       0.16461829280070281        0.0000000000000000       -2.6927378160576948E-008   2.2888271436412708E-006
   2.3429817414227960E-003  -20.000000000000014       0.16461829280070281        0.0000000000000000       -2.6927378160576948E-008   2.3157545218018476E-006
   2.4845606459081640E-003  -20.000000000000014       0.16461829280070281        0.0000000000000000       -2.6927378160576948E-008   2.3426818999624244E-006
   2.6346342846626540E-003  -20.000000000000014       0.16461829280070281        0.0000000000000000       -2.6927378160576948E-008   2.3696092781230012E-006
   2.7937123417424133E-003  -20.000000000000014       0.16461829280070281        0.0000000000000000       -2.6927378160576948E-008   2.3965366562835780E-006
   2.9623350822469583E-003  -20.000000000000011       0.16461829280070281        0.0000000000000000       -2.6927378160576948E-008   2.4234640344441548E-006
   3.1410751871817758E-003  -20.000000000000014       0.16461829280070281        0.0000000000000000       -2.6927378160576948E-008   2.4503914126047316E-006
   3.3305396984126827E-003  -20.000000000000011       0.16461829280070281        0.0000000000000000       -2.6927378160576948E-008   2.4773187907653084E-006
   3.5313720803174437E-003  -20.000000000000011       0.16461829280070281        0.0000000000000000       -2.6927378160576948E-008   2.5042461689258852E-006
   3.7442544051364906E-003  -20.000000000000014       0.16461829280070281        0.0000000000000000       -2.6927378160601429E-008   2.5311735470864866E-006
   3.9699096694446800E-003  -20.000000000000018       0.16461829280070278        0.0000000000000000       -2.6927378160601425E-008   2.5581009252470880E-006
   4.2091042496113611E-003  -20.000000000000018       0.16461829280070278        0.0000000000000000       -2.6927378160576944E-008   2.5850283034076648E-006
   4.4626505045880427E-003  -20.000000000000021       0.16461829280070275        0.0000000000000000       -2.6927378160552393E-008   2.6119556815682170E-006
   4.7314095348633253E-003  -20.000000000000021       0.16461829280070275        0.0000000000000000       -2.6927378160552393E-008   2.6388830597287693E-006
   5.0162941069551254E-003  -20.000000000000025       0.16461829280070273        0.0000000000000000       -2.6927378160527839E-008   2.6658104378892969E-006
   5.3182717533724333E-003  -20.000000000000032       0.16461829280070267        0.0000000000000000       -2.6927378160527833E-008   2.6927378160498246E-006
   5.6383680585747799E-003  -20.000000000000032       0.16461829280070267        0.0000000000000000       -2.6927378160527833E-008   2.7196651942103523E-006
   5.9776701420892675E-003  -20.000000000000036       0.16461829280070267        0.0000000000000000       -2.6927378160503209E-008   2.7465925723708554E-006
   6.3373303506146237E-003  -20.000000000000028       0.16461829280070267        0.0000000000000000       -2.6927378160527833E-008   2.7735199505313831E-006
   6.7185701716515013E-003  -20.000000000000021       0.16461829280070275        0.0000000000000000       -2.6927378160576868E-008   2.8004473286919599E-006
   7.1226843819505916E-003  -20.000000000000018       0.16461829280070278        0.0000000000000000       -2.6927378160601425E-008   2.8273747068525613E-006
   7.5510454448676273E-003  -20.000000000000011       0.16461829280070281        0.0000000000000000       -2.6927378160650381E-008   2.8543020850132118E-006
   8.0051081715596852E-003  -20.000000000000007       0.16461829280070284        0.0000000000000000       -2.6927378160625834E-008   2.8812294631738377E-006
   8.4864146618532661E-003  -20.000000000000007       0.16461829280070284        0.0000000000000000       -2.6927378160601359E-008   2.9081568413344391E-006
   8.9965995415644626E-003  -20.000000000000007       0.16461829280070284        0.0000000000000000       -2.6927378160601359E-008   2.9350842194950405E-006
   9.5373955140583312E-003  -20.000000000000007       0.16461829280070284        0.0000000000000000       -2.6927378160601359E-008   2.9620115976556418E-006
   1.0110639244901831E-002  -20.000000000000007       0.16461829280070284        0.0000000000000000       -2.6927378160601359E-008   2.9889389758162432E-006
   1.0718277599595941E-002  -20.000000000000014       0.16461829280070281        0.0000000000000000       -2.6927378160576948E-008   3.0158663539768200E-006
   1.1362374255571697E-002  -20.000000000000021       0.16461829280070275        0.0000000000000000       -2.6927378160576868E-008   3.0427937321373968E-006
   1.2045116710905999E-002  -20.000000000000021       0.16461829280070275        0.0000000000000000       -2.6927378160552393E-008   3.0697211102979491E-006
   1.2768823713560359E-002  -20.000000000000021       0.16461829280070275        0.0000000000000000       -2.6927378160552393E-008   3.0966484884585013E-006
   1.3535953136373981E-002  -20.000000000000021       0.16461829280070275        0.0000000000000000       -2.6927378160576868E-008   3.1235758666190781E-006
   1.4349110324556422E-002  -20.000000000000025       0.16461829280070273        0.0000000000000000       -2.6927378160527839E-008   3.1505032447796058E-006
   1.5211056944029808E-002  -20.000000000000021       0.16461829280070275        0.0000000000000000       -2.6927378160527916E-008   3.1774306229401339E-006
   1.6124720360671599E-002  -20.000000000000018       0.16461829280070278        0.0000000000000000       -2.6927378160552470E-008   3.2043580011006866E-006
   1.7093203582311894E-002  -20.000000000000021       0.16461829280070275        0.0000000000000000       -2.6927378160527916E-008   3.2312853792612147E-006
   1.8119795797250610E-002  -20.000000000000025       0.16461829280070273        0.0000000000000000       -2.6927378160552317E-008   3.2582127574217669E-006
   1.9207983545085648E-002  -20.000000000000025       0.16461829280070273        0.0000000000000000       -2.6927378160576792E-008   3.2851401355823437E-006
   2.0361462557790790E-002  -20.000000000000025       0.16461829280070273        0.0000000000000000       -2.6927378160576792E-008   3.3120675137429205E-006
   2.1584150311258238E-002  -20.000000000000028       0.16461829280070267        0.0000000000000000       -2.6927378160576785E-008   3.3389948919034974E-006
   2.2880199329933733E-002  -20.000000000000028       0.16461829280070267        0.0000000000000000       -2.6927378160576785E-008   3.3659222700640742E-006
   2.4254011289729760E-002  -20.000000000000028       0.16461829280070267        0.0000000000000000       -2.6927378160601267E-008   3.3928496482246755E-006
   2.5710251967113545E-002  -20.000000000000036       0.16461829280070267        0.0000000000000000       -2.6927378160601121E-008   3.4197770263852765E-006
   2.7253867085140361E-002  -20.000000000000039       0.16461829280070261        0.0000000000000000       -2.6927378160601187E-008   3.4467044045458779E-006
   2.8890099110248785E-002  -20.000000000000043       0.16461829280070259        0.0000000000000000       -2.6927378160576703E-008   3.4736317827064547E-006
   3.0624505056863711E-002  -20.000000000000036       0.16461829280070267        0.0000000000000000       -2.6927378160576640E-008   3.5005591608670315E-006
   3.2462975360275537E-002  -20.000000000000032       0.16461829280070267        0.0000000000000000       -2.6927378160576785E-008   3.5274865390276083E-006
   3.4411753881892070E-002  -20.000000000000028       0.16461829280070267        0.0000000000000000       -2.6927378160576785E-008   3.5544139171881851E-006
   3.6477459114805592E-002  -20.000000000000028       0.16461829280070267        0.0000000000000000       -2.6927378160576785E-008   3.5813412953487619E-006
   3.8667106661693929E-002  -20.000000000000028       0.16461829280070267        0.0000000000000000       -2.6927378160576785E-008   3.6082686735093387E-006
   4.0988133061395565E-002  -20.000000000000032       0.16461829280070267        0.0000000000000000       -2.6927378160576785E-008   3.6351960516699155E-006
   4.3448421045079302E-002  -20.000000000000032       0.16461829280070267        0.0000000000000000       -2.6927378160576785E-008   3.6621234298304923E-006
   4.6056326307784064E-002  -20.000000000000032       0.16461829280070267        0.0000000000000000       -2.6927378160576785E-008   3.6890508079910691E-006
   4.8820705886251106E-002  -20.000000000000032       0.16461829280070267        0.0000000000000000       -2.6927378160576785E-008   3.7159781861516459E-006
   5.1750948239426178E-002  -20.000000000000036       0.16461829280070267        0.0000000000000000       -2.6927378160552165E-008   3.7429055643121982E-006
   5.4857005133791749E-002  -20.000000000000036       0.16461829280070267        0.0000000000000000       -2.6927378160552165E-008   3.7698329424727504E-006
   5.8149425441819259E-002  -20.000000000000036       0.16461829280070267        0.0000000000000000       -2.6927378160576640E-008   3.7967603206333272E-006
   6.1639390968328420E-002  -20.000000000000036       0.16461829280070267        0.0000000000000000       -2.6927378160576640E-008   3.8236876987939040E-006
   6.5338754426428128E-002  -20.000000000000039       0.16461829280070261        0.0000000000000000       -2.6927378160552231E-008   3.8506150769544563E-006
   6.9260079692013823E-002  -20.000000000000039       0.16461829280070261        0.0000000000000000       -2.6927378160552231E-008   3.8775424551150085E-006
   7.3416684473534652E-002  -20.000000000000043       0.16461829280070259        0.0000000000000000       -2.6927378160552228E-008   3.9044698332755608E-006
   7.7822685541946740E-002  -20.000000000000043       0.16461829280070259        0.0000000000000000       -2.6927378160576703E-008   3.9313972114361376E-006
   8.2493046674463541E-002  -20.000000000000043       0.16461829280070259        0.0000000000000000       -2.6927378160576703E-008   3.9583245895967144E-006
   8.7443629474931353E-002  -20.000000000000046       0.16461829280070256        0.0000000000000000       -2.6927378160552225E-008   3.9852519677572666E-006
   9.2691247243427241E-002  -20.000000000000046       0.16461829280070256        0.0000000000000000       -2.6927378160552225E-008   4.0121793459178189E-006
   9.8253722078032873E-002  -20.000000000000053       0.16461829280070253        0.0000000000000000       -2.6927378160527598E-008   4.0391067240783466E-006
  0.10414994540271486       -20.000000000000050       0.16461829280070256        0.0000000000000000       -2.6927378160527747E-008   4.0660341022388742E-006
  0.11039994212687775       -20.000000000000046       0.16461829280070256        0.0000000000000000       -2.6927378160552225E-008   4.0929614803994265E-006
  0.11702493865449042       -20.000000000000053       0.16461829280070253        0.0000000000000000       -2.6927378160527598E-008   4.1198888585599542E-006
  0.12404743497375985       -20.000000000000057       0.16461829280070250        0.0000000000000000       -2.6927378160527595E-008   4.1468162367204819E-006
  0.13149128107218544       -20.000000000000060       0.16461829280070245        0.0000000000000000       -2.6927378160527588E-008   4.1737436148810095E-006
  0.13938175793651658       -20.000000000000060       0.16461829280070245        0.0000000000000000       -2.6927378160527588E-008   4.2006709930415372E-006
  0.14774566341270759       -20.000000000000060       0.16461829280070245        0.0000000000000000       -2.6927378160527588E-008   4.2275983712020649E-006
  0.15661140321747005       -20.000000000000064       0.16461829280070242        0.0000000000000000       -2.6927378160503110E-008   4.2545257493625680E-006
  0.16600908741051826       -20.000000000000060       0.16461829280070245        0.0000000000000000       -2.6927378160503110E-008   4.2814531275230711E-006
  0.17597063265514937       -20.000000000000064       0.16461829280070242        0.0000000000000000       -2.6927378160478635E-008   4.3083805056835497E-006
  0.18652987061445833       -20.000000000000064       0.16461829280070242        0.0000000000000000       -2.6927378160478635E-008   4.3353078838440282E-006
  0.19772266285132584       -20.000000000000064       0.16461829280070242        0.0000000000000000       -2.6927378160503110E-008   4.3622352620045314E-006
  0.20958702262240539       -20.000000000000068       0.16461829280070242        0.0000000000000000       -2.6927378160503110E-008   4.3891626401650345E-006
  0.22216324397974974       -20.000000000000068       0.16461829280070242        0.0000000000000000       -2.6927378160503110E-008   4.4160900183255376E-006
  0.23549403861853474       -20.000000000000064       0.16461829280070242        0.0000000000000000       -2.6927378160503110E-008   4.4430173964860407E-006
  0.24962468093564683       -20.000000000000064       0.16461829280070242        0.0000000000000000       -2.6927378160503110E-008   4.4699447746465438E-006
  0.26460316179178567       -20.000000000000068       0.16461829280070242        0.0000000000000000       -2.6927378160503110E-008   4.4968721528070469E-006
  0.28048035149929285       -20.000000000000064       0.16461829280070242        0.0000000000000000       -2.6927378160503110E-008   4.5237995309675501E-006
  0.29731017258925041       -20.000000000000064       0.16461829280070242        0.0000000000000000       -2.6927378160503110E-008   4.5507269091280532E-006
  0.31514978294460544       -20.000000000000064       0.16461829280070242        0.0000000000000000       -2.6927378160503110E-008   4.5776542872885563E-006
  0.33405976992128178       -20.000000000000060       0.16461829280070245        0.0000000000000000       -2.6927378160503110E-008   4.6045816654490594E-006
  0.35410435611655872       -20.000000000000060       0.16461829280070245        0.0000000000000000       -2.6927378160503110E-008   4.6315090436095625E-006
  0.37535161748355228       -20.000000000000060       0.16461829280070245        0.0000000000000000       -2.6927378160527588E-008   4.6584364217700902E-006
  0.39787371453256543       -20.000000000000060       0.16461829280070245        0.0000000000000000       -2.6927378160552066E-008   4.6853637999306424E-006
  0.42174713740451936       -20.000000000000064       0.16461829280070242        0.0000000000000000       -2.6927378160552066E-008   4.7122911780911947E-006
  0.44705296564879055       -20.000000000000060       0.16461829280070245        0.0000000000000000       -2.6927378160552066E-008   4.7392185562517469E-006
  0.47387714358771799       -20.000000000000057       0.16461829280070250        0.0000000000000000       -2.6927378160576547E-008   4.7661459344123237E-006
  0.50231077220298104       -20.000000000000053       0.16461829280070253        0.0000000000000000       -2.6927378160601032E-008   4.7930733125729251E-006
  0.53245041853515995       -20.000000000000053       0.16461829280070253        0.0000000000000000       -2.6927378160601032E-008   4.8200006907335265E-006
  0.56439844364726954       -20.000000000000057       0.16461829280070250        0.0000000000000000       -2.6927378160601028E-008   4.8469280688941279E-006
  0.59826335026610578       -20.000000000000064       0.16461829280070242        0.0000000000000000       -2.6927378160601022E-008   4.8738554470547292E-006
  0.63416015128207215       -20.000000000000068       0.16461829280070242        0.0000000000000000       -2.6927378160552066E-008   4.9007828252152815E-006
  0.67221076035899652       -20.000000000000075       0.16461829280070234        0.0000000000000000       -2.6927378160503031E-008   4.9277102033757846E-006
  0.71254440598053637       -20.000000000000075       0.16461829280070234        0.0000000000000000       -2.6927378160503031E-008   4.9546375815362877E-006
  0.75529807033936858       -20.000000000000082       0.16461829280070228        0.0000000000000000       -2.6927378160478401E-008   4.9815649596967663E-006
  0.80061695455973070       -20.000000000000082       0.16461829280070228        0.0000000000000000       -2.6927378160502875E-008   5.0084923378572694E-006
  0.84865497183331462       -20.000000000000078       0.16461829280070231        0.0000000000000000       -2.6927378160551983E-008   5.0354197160178216E-006
  0.89957527014331351       -20.000000000000078       0.16461829280070231        0.0000000000000000       -2.6927378160527505E-008   5.0623470941783493E-006
  0.95355078635191237       -20.000000000000085       0.16461829280070228        0.0000000000000000       -2.6927378160478401E-008   5.0892744723388279E-006
   1.0107648335330273       -20.000000000000089       0.16461829280070223        0.0000000000000000       -2.6927378160478401E-008   5.1162018504993064E-006
   1.0714117235450089       -20.000000000000096       0.16461829280070217        0.0000000000000000       -2.6927378160429435E-008   5.1431292286597358E-006
   1.1356974269577096       -20.000000000000096       0.16461829280070217        0.0000000000000000       -2.6927378160429435E-008   5.1700566068201653E-006
   1.2038402725751722       -20.000000000000096       0.16461829280070217        0.0000000000000000       -2.6927378160429435E-008   5.1969839849805947E-006
   1.2760716889296826       -20.000000000000103       0.16461829280070214        0.0000000000000000       -2.6927378160404884E-008   5.2239113631409995E-006
   1.3526369902654636       -20.000000000000107       0.16461829280070212        0.0000000000000000       -2.6927378160380399E-008   5.2508387413013798E-006
   1.4337962096813914       -20.000000000000121       0.16461829280070200        0.0000000000000000       -2.6927378160306813E-008   5.2777661194616864E-006
   1.5198249822622749       -20.000000000000135       0.16461829280070184        0.0000000000000000       -2.6927378160208816E-008   5.3046934976218956E-006
   1.6110154811980115       -20.000000000000167       0.16461829280070162        0.0000000000000000       -2.6927378160012681E-008   5.3316208757819083E-006
   1.7076774100698924       -20.000000000000224       0.16461829280070120        0.0000000000000000       -2.6927378159645178E-008   5.3585482539415534E-006
   1.8101390546740861       -20.000000000000323       0.16461829280070045        0.0000000000000000       -2.6927378158983493E-008   5.3854756321005369E-006
   1.9187483979545312       -20.000000000000512       0.16461829280069901        0.0000000000000000       -2.6927378157709281E-008   5.4124030102582465E-006
   2.0338743018318031       -20.000000000000860       0.16461829280069634        0.0000000000000000       -2.6927378155430276E-008   5.4393303884136768E-006
   2.1559077599417114       -20.000000000001485       0.16461829280069157        0.0000000000000000       -2.6927378151264326E-008   5.4662577665649413E-006
   2.2852632255382139       -20.000000000002625       0.16461829280068291        0.0000000000000000       -2.6927378143692272E-008   5.4931851447086334E-006
   2.4223800190705069       -20.000000000004686       0.16461829280066717        0.0000000000000000       -2.6927378130042829E-008   5.5201125228386763E-006
   2.5677238202147374       -20.000000000008399       0.16461829280063883        0.0000000000000000       -2.6927378105537382E-008   5.5470399009442138E-006
   2.7217882494276218       -20.000000000015074       0.16461829280058787        0.0000000000000000       -2.6927378061598924E-008   5.5739672790058131E-006
   2.8850965443932792       -20.000000000027050       0.16461829280049650        0.0000000000000000       -2.6927377982960624E-008   5.6008946569887739E-006
   3.0582033370568760       -20.000000000048431       0.16461829280033333        0.0000000000000000       -2.6927377842886352E-008   5.6278220348316600E-006
   3.2416965372802888       -20.000000000086505       0.16461829280004278        0.0000000000000000       -2.6927377594251192E-008   5.6547494124259114E-006
   3.4361993295171063       -20.000000000154060       0.16461829279952725        0.0000000000000000       -2.6927377154518749E-008   5.6816767895804299E-006
   3.6361993295171064       -20.000000000267828       0.16461829279865900        0.0000000000000000       -2.6927376416400475E-008   5.7086041659968303E-006
   3.8361993295171066       -20.000000000447809       0.16461829279728551        0.0000000000000000       -2.6927375252438520E-008   5.7355315412492686E-006
   4.0361993295171068       -20.000000000724196       0.16461829279517626        0.0000000000000000       -2.6927373470600157E-008   5.7624589147198689E-006
   4.2361993295171070       -20.000000001137742       0.16461829279202034        0.0000000000000000       -2.6927370812756918E-008   5.7893862855326254E-006
   4.4361993295171072       -20.000000001742507       0.16461829278740511        0.0000000000000000       -2.6927366937726510E-008   5.8163136524703520E-006
   4.6361993295171073       -20.000000002609035       0.16461829278079226        0.0000000000000000       -2.6927361402131002E-008   5.8432410138724827E-006
   4.8361993295171075       -20.000000003828063       0.16461829277148943        0.0000000000000000       -2.6927353637850465E-008   5.8701683675103334E-006
   5.0361993295171077       -20.000000005514792       0.16461829275861728        0.0000000000000000       -2.6927342926410949E-008   5.8970957104367443E-006
